This file contains any messages produced by compilers while
running configure, to aid debugging if configure makes a mistake.

It was created by libcdio configure 0.83, which was
generated by GNU Autoconf 2.67.  Invocation command line was

  $ ./configure 

## --------- ##
## Platform. ##
## --------- ##

hostname = Nunos-MacBook-Pro.local
uname -m = x86_64
uname -r = 11.2.0
uname -s = Darwin
uname -v = Darwin Kernel Version 11.2.0: Tue Aug  9 20:54:00 PDT 2011; root:xnu-1699.24.8~1/RELEASE_X86_64

/usr/bin/uname -p = i386
/bin/uname -X     = unknown

/bin/arch              = unknown
/usr/bin/arch -k       = unknown
/usr/convex/getsysinfo = unknown
/usr/bin/hostinfo      = Mach kernel version:
	 Darwin Kernel Version 11.2.0: Tue Aug  9 20:54:00 PDT 2011; root:xnu-1699.24.8~1/RELEASE_X86_64
Kernel configured for up to 2 processors.
2 processors are physically available.
2 processors are logically available.
Processor type: i486 (Intel 80486)
Processors active: 0 1
Primary memory available: 8.00 gigabytes
Default processor set: 111 tasks, 547 threads, 2 processors
Load average: 0.99, Mach factor: 1.06
/bin/machine           = unknown
/usr/bin/oslevel       = unknown
/bin/universe          = unknown

PATH: /Users/nfma/.rvm/gems/ruby-1.9.3-p0/bin
PATH: /Users/nfma/.rvm/gems/ruby-1.9.3-p0@global/bin
PATH: /Users/nfma/.rvm/rubies/ruby-1.9.3-p0/bin
PATH: /Users/nfma/.rvm/bin
PATH: /usr/bin
PATH: /bin
PATH: /usr/sbin
PATH: /sbin
PATH: /usr/local/bin
PATH: /usr/X11/bin


## ----------- ##
## Core tests. ##
## ----------- ##

configure:2685: checking for a BSD-compatible install
configure:2753: result: /usr/bin/install -c
configure:2764: checking whether build environment is sane
configure:2814: result: yes
configure:2955: checking for a thread-safe mkdir -p
configure:2994: result: ./install-sh -c -d
configure:3007: checking for gawk
configure:3037: result: no
configure:3007: checking for mawk
configure:3037: result: no
configure:3007: checking for nawk
configure:3037: result: no
configure:3007: checking for awk
configure:3023: found /usr/bin/awk
configure:3034: result: awk
configure:3045: checking whether make sets $(MAKE)
configure:3067: result: yes
configure:3152: checking build system type
configure:3166: result: x86_64-apple-darwin11.2.0
configure:3186: checking host system type
configure:3199: result: x86_64-apple-darwin11.2.0
configure:3233: checking whether to enable maintainer-specific portions of Makefiles
configure:3242: result: no
configure:3256: checking whether build environment is sane
configure:3306: result: yes
configure:3483: checking for gcc
configure:3499: found /usr/bin/gcc
configure:3510: result: gcc
configure:3739: checking for C compiler version
configure:3748: gcc --version >&5
i686-apple-darwin11-llvm-gcc-4.2 (GCC) 4.2.1 (Based on Apple Inc. build 5658) (LLVM build 2336.1.00)
Copyright (C) 2007 Free Software Foundation, Inc.
This is free software; see the source for copying conditions.  There is NO
warranty; not even for MERCHANTABILITY or FITNESS FOR A PARTICULAR PURPOSE.

configure:3759: $? = 0
configure:3748: gcc -v >&5
Using built-in specs.
Target: i686-apple-darwin11
Configured with: /private/var/tmp/llvmgcc42/llvmgcc42-2336.1~22/src/configure --disable-checking --enable-werror --prefix=/Developer/usr/llvm-gcc-4.2 --mandir=/share/man --enable-languages=c,objc,c++,obj-c++ --program-prefix=llvm- --program-transform-name=/^[cg][^.-]*$/s/$/-4.2/ --with-slibdir=/usr/lib --build=i686-apple-darwin11 --enable-llvm=/private/var/tmp/llvmgcc42/llvmgcc42-2336.1~22/dst-llvmCore/Developer/usr/local --program-prefix=i686-apple-darwin11- --host=x86_64-apple-darwin11 --target=i686-apple-darwin11 --with-gxx-include-dir=/usr/include/c++/4.2.1
Thread model: posix
gcc version 4.2.1 (Based on Apple Inc. build 5658) (LLVM build 2336.1.00)
configure:3759: $? = 0
configure:3748: gcc -V >&5
llvm-gcc-4.2: argument to `-V' is missing
configure:3759: $? = 1
configure:3748: gcc -qversion >&5
i686-apple-darwin11-llvm-gcc-4.2: no input files
configure:3759: $? = 1
configure:3779: checking whether the C compiler works
configure:3801: gcc    conftest.c  >&5
configure:3805: $? = 0
configure:3853: result: yes
configure:3856: checking for C compiler default output file name
configure:3858: result: a.out
configure:3864: checking for suffix of executables
configure:3871: gcc -o conftest    conftest.c  >&5
configure:3875: $? = 0
configure:3897: result: 
configure:3919: checking whether we are cross compiling
configure:3927: gcc -o conftest    conftest.c  >&5
configure:3931: $? = 0
configure:3938: ./conftest
configure:3942: $? = 0
configure:3957: result: no
configure:3962: checking for suffix of object files
configure:3984: gcc -c   conftest.c >&5
configure:3988: $? = 0
configure:4009: result: o
configure:4013: checking whether we are using the GNU C compiler
configure:4032: gcc -c   conftest.c >&5
configure:4032: $? = 0
configure:4041: result: yes
configure:4050: checking whether gcc accepts -g
configure:4070: gcc -c -g  conftest.c >&5
configure:4070: $? = 0
configure:4111: result: yes
configure:4128: checking for gcc option to accept ISO C89
configure:4192: gcc  -c -g -O2  conftest.c >&5
configure:4192: $? = 0
configure:4205: result: none needed
configure:4236: checking for style of include used by make
configure:4264: result: GNU
configure:4289: checking dependency style of gcc
configure:4399: result: gcc3
configure:4415: checking whether gcc and cc understand -c and -o together
configure:4446: gcc -c conftest.c -o conftest2.o >&5
configure:4450: $? = 0
configure:4456: gcc -c conftest.c -o conftest2.o >&5
configure:4460: $? = 0
configure:4471: cc -c conftest.c >&5
configure:4475: $? = 0
configure:4483: cc -c conftest.c -o conftest2.o >&5
configure:4487: $? = 0
configure:4493: cc -c conftest.c -o conftest2.o >&5
configure:4497: $? = 0
configure:4515: result: yes
configure:4598: checking for g++
configure:4614: found /usr/bin/g++
configure:4625: result: g++
configure:4652: checking for C++ compiler version
configure:4661: g++ --version >&5
i686-apple-darwin11-llvm-g++-4.2 (GCC) 4.2.1 (Based on Apple Inc. build 5658) (LLVM build 2336.1.00)
Copyright (C) 2007 Free Software Foundation, Inc.
This is free software; see the source for copying conditions.  There is NO
warranty; not even for MERCHANTABILITY or FITNESS FOR A PARTICULAR PURPOSE.

configure:4672: $? = 0
configure:4661: g++ -v >&5
Using built-in specs.
Target: i686-apple-darwin11
Configured with: /private/var/tmp/llvmgcc42/llvmgcc42-2336.1~22/src/configure --disable-checking --enable-werror --prefix=/Developer/usr/llvm-gcc-4.2 --mandir=/share/man --enable-languages=c,objc,c++,obj-c++ --program-prefix=llvm- --program-transform-name=/^[cg][^.-]*$/s/$/-4.2/ --with-slibdir=/usr/lib --build=i686-apple-darwin11 --enable-llvm=/private/var/tmp/llvmgcc42/llvmgcc42-2336.1~22/dst-llvmCore/Developer/usr/local --program-prefix=i686-apple-darwin11- --host=x86_64-apple-darwin11 --target=i686-apple-darwin11 --with-gxx-include-dir=/usr/include/c++/4.2.1
Thread model: posix
gcc version 4.2.1 (Based on Apple Inc. build 5658) (LLVM build 2336.1.00)
configure:4672: $? = 0
configure:4661: g++ -V >&5
llvm-g++-4.2: argument to `-V' is missing
configure:4672: $? = 1
configure:4661: g++ -qversion >&5
i686-apple-darwin11-llvm-g++-4.2: no input files
configure:4672: $? = 1
configure:4676: checking whether we are using the GNU C++ compiler
configure:4695: g++ -c   conftest.cpp >&5
configure:4695: $? = 0
configure:4704: result: yes
configure:4713: checking whether g++ accepts -g
configure:4733: g++ -c -g  conftest.cpp >&5
configure:4733: $? = 0
configure:4774: result: yes
configure:4799: checking dependency style of g++
configure:4909: result: gcc3
configure:4931: checking how to run the C preprocessor
configure:4962: gcc -E  conftest.c
configure:4962: $? = 0
configure:4976: gcc -E  conftest.c
conftest.c:11:28: error: ac_nonexistent.h: No such file or directory
configure:4976: $? = 1
configure: failed program was:
| /* confdefs.h */
| #define PACKAGE_NAME "libcdio"
| #define PACKAGE_TARNAME "libcdio"
| #define PACKAGE_VERSION "0.83"
| #define PACKAGE_STRING "libcdio 0.83"
| #define PACKAGE_BUGREPORT "libcdio-help@gnu.org"
| #define PACKAGE_URL ""
| #define PACKAGE "libcdio"
| #define VERSION "0.83"
| /* end confdefs.h.  */
| #include <ac_nonexistent.h>
configure:5001: result: gcc -E
configure:5021: gcc -E  conftest.c
configure:5021: $? = 0
configure:5035: gcc -E  conftest.c
conftest.c:11:28: error: ac_nonexistent.h: No such file or directory
configure:5035: $? = 1
configure: failed program was:
| /* confdefs.h */
| #define PACKAGE_NAME "libcdio"
| #define PACKAGE_TARNAME "libcdio"
| #define PACKAGE_VERSION "0.83"
| #define PACKAGE_STRING "libcdio 0.83"
| #define PACKAGE_BUGREPORT "libcdio-help@gnu.org"
| #define PACKAGE_URL ""
| #define PACKAGE "libcdio"
| #define VERSION "0.83"
| /* end confdefs.h.  */
| #include <ac_nonexistent.h>
configure:5064: checking for grep that handles long lines and -e
configure:5122: result: /usr/bin/grep
configure:5127: checking for egrep
configure:5189: result: /usr/bin/grep -E
configure:5194: checking for ANSI C header files
configure:5214: gcc -c -g -O2  conftest.c >&5
configure:5214: $? = 0
configure:5287: gcc -o conftest -g -O2   conftest.c  >&5
configure:5287: $? = 0
configure:5287: ./conftest
configure:5287: $? = 0
configure:5298: result: yes
configure:5311: checking for sys/types.h
configure:5311: gcc -c -g -O2  conftest.c >&5
configure:5311: $? = 0
configure:5311: result: yes
configure:5311: checking for sys/stat.h
configure:5311: gcc -c -g -O2  conftest.c >&5
configure:5311: $? = 0
configure:5311: result: yes
configure:5311: checking for stdlib.h
configure:5311: gcc -c -g -O2  conftest.c >&5
configure:5311: $? = 0
configure:5311: result: yes
configure:5311: checking for string.h
configure:5311: gcc -c -g -O2  conftest.c >&5
configure:5311: $? = 0
configure:5311: result: yes
configure:5311: checking for memory.h
configure:5311: gcc -c -g -O2  conftest.c >&5
configure:5311: $? = 0
configure:5311: result: yes
configure:5311: checking for strings.h
configure:5311: gcc -c -g -O2  conftest.c >&5
configure:5311: $? = 0
configure:5311: result: yes
configure:5311: checking for inttypes.h
configure:5311: gcc -c -g -O2  conftest.c >&5
configure:5311: $? = 0
configure:5311: result: yes
configure:5311: checking for stdint.h
configure:5311: gcc -c -g -O2  conftest.c >&5
configure:5311: $? = 0
configure:5311: result: yes
configure:5311: checking for unistd.h
configure:5311: gcc -c -g -O2  conftest.c >&5
configure:5311: $? = 0
configure:5311: result: yes
configure:5324: checking minix/config.h usability
configure:5324: gcc -c -g -O2  conftest.c >&5
conftest.c:54:26: error: minix/config.h: No such file or directory
configure:5324: $? = 1
configure: failed program was:
| /* confdefs.h */
| #define PACKAGE_NAME "libcdio"
| #define PACKAGE_TARNAME "libcdio"
| #define PACKAGE_VERSION "0.83"
| #define PACKAGE_STRING "libcdio 0.83"
| #define PACKAGE_BUGREPORT "libcdio-help@gnu.org"
| #define PACKAGE_URL ""
| #define PACKAGE "libcdio"
| #define VERSION "0.83"
| #define STDC_HEADERS 1
| #define HAVE_SYS_TYPES_H 1
| #define HAVE_SYS_STAT_H 1
| #define HAVE_STDLIB_H 1
| #define HAVE_STRING_H 1
| #define HAVE_MEMORY_H 1
| #define HAVE_STRINGS_H 1
| #define HAVE_INTTYPES_H 1
| #define HAVE_STDINT_H 1
| #define HAVE_UNISTD_H 1
| /* end confdefs.h.  */
| #include <stdio.h>
| #ifdef HAVE_SYS_TYPES_H
| # include <sys/types.h>
| #endif
| #ifdef HAVE_SYS_STAT_H
| # include <sys/stat.h>
| #endif
| #ifdef STDC_HEADERS
| # include <stdlib.h>
| # include <stddef.h>
| #else
| # ifdef HAVE_STDLIB_H
| #  include <stdlib.h>
| # endif
| #endif
| #ifdef HAVE_STRING_H
| # if !defined STDC_HEADERS && defined HAVE_MEMORY_H
| #  include <memory.h>
| # endif
| # include <string.h>
| #endif
| #ifdef HAVE_STRINGS_H
| # include <strings.h>
| #endif
| #ifdef HAVE_INTTYPES_H
| # include <inttypes.h>
| #endif
| #ifdef HAVE_STDINT_H
| # include <stdint.h>
| #endif
| #ifdef HAVE_UNISTD_H
| # include <unistd.h>
| #endif
| #include <minix/config.h>
configure:5324: result: no
configure:5324: checking minix/config.h presence
configure:5324: gcc -E  conftest.c
conftest.c:21:26: error: minix/config.h: No such file or directory
configure:5324: $? = 1
configure: failed program was:
| /* confdefs.h */
| #define PACKAGE_NAME "libcdio"
| #define PACKAGE_TARNAME "libcdio"
| #define PACKAGE_VERSION "0.83"
| #define PACKAGE_STRING "libcdio 0.83"
| #define PACKAGE_BUGREPORT "libcdio-help@gnu.org"
| #define PACKAGE_URL ""
| #define PACKAGE "libcdio"
| #define VERSION "0.83"
| #define STDC_HEADERS 1
| #define HAVE_SYS_TYPES_H 1
| #define HAVE_SYS_STAT_H 1
| #define HAVE_STDLIB_H 1
| #define HAVE_STRING_H 1
| #define HAVE_MEMORY_H 1
| #define HAVE_STRINGS_H 1
| #define HAVE_INTTYPES_H 1
| #define HAVE_STDINT_H 1
| #define HAVE_UNISTD_H 1
| /* end confdefs.h.  */
| #include <minix/config.h>
configure:5324: result: no
configure:5324: checking for minix/config.h
configure:5324: result: no
configure:5345: checking whether it is safe to define __EXTENSIONS__
configure:5363: gcc -c -g -O2  conftest.c >&5
configure:5363: $? = 0
configure:5370: result: yes
configure:5404: checking whether gcc understands -Wall
configure:5417: gcc -c -g -O2 -Wall  conftest.c >&5
configure:5417: $? = 0
configure:5424: result: yes
configure:5404: checking whether gcc understands -Wchar-subscripts
configure:5417: gcc -c -g -O2 -Wchar-subscripts  conftest.c >&5
configure:5417: $? = 0
configure:5424: result: yes
configure:5404: checking whether gcc understands -Wmissing-prototypes
configure:5417: gcc -c -g -O2 -Wmissing-prototypes  conftest.c >&5
configure:5417: $? = 0
configure:5424: result: yes
configure:5404: checking whether gcc understands -Wmissing-declarations
configure:5417: gcc -c -g -O2 -Wmissing-declarations  conftest.c >&5
configure:5417: $? = 0
configure:5424: result: yes
configure:5404: checking whether gcc understands -Wunused
configure:5417: gcc -c -g -O2 -Wunused  conftest.c >&5
configure:5417: $? = 0
configure:5424: result: yes
configure:5404: checking whether gcc understands -Wpointer-arith
configure:5417: gcc -c -g -O2 -Wpointer-arith  conftest.c >&5
configure:5417: $? = 0
configure:5424: result: yes
configure:5404: checking whether gcc understands -Wwrite-strings
configure:5417: gcc -c -g -O2 -Wwrite-strings  conftest.c >&5
configure:5417: $? = 0
configure:5424: result: yes
configure:5404: checking whether gcc understands -Wnested-externs
configure:5417: gcc -c -g -O2 -Wnested-externs  conftest.c >&5
configure:5417: $? = 0
configure:5424: result: yes
configure:5404: checking whether gcc understands -Wno-sign-compare
configure:5417: gcc -c -g -O2 -Wno-sign-compare  conftest.c >&5
configure:5417: $? = 0
configure:5424: result: yes
configure:5439: checking for perl
configure:5457: found /usr/bin/perl
configure:5470: result: /usr/bin/perl
configure:5491: checking for diff
configure:5509: found /usr/bin/diff
configure:5522: result: /usr/bin/diff
configure:5579: result: adding -w to diff in regression tests
configure:5579: result: adding --unified to diff in regression tests
configure:5595: checking for special C compiler options needed for large files
configure:5640: result: no
configure:5646: checking for _FILE_OFFSET_BITS value needed for large files
configure:5671: gcc -c -g -O2  conftest.c >&5
configure:5671: $? = 0
configure:5703: result: no
configure:5870: checking for cmp
configure:5888: found /usr/bin/cmp
configure:5901: result: /usr/bin/cmp
configure:5913: checking for cdparanoia
configure:5944: result: no
configure:5959: checking for ANSI C header files
configure:6063: result: yes
configure:6074: checking errno.h usability
configure:6074: gcc -c -g -O2  conftest.c >&5
configure:6074: $? = 0
configure:6074: result: yes
configure:6074: checking errno.h presence
configure:6074: gcc -E  conftest.c
configure:6074: $? = 0
configure:6074: result: yes
configure:6074: checking for errno.h
configure:6074: result: yes
configure:6074: checking fcntl.h usability
configure:6074: gcc -c -g -O2  conftest.c >&5
configure:6074: $? = 0
configure:6074: result: yes
configure:6074: checking fcntl.h presence
configure:6074: gcc -E  conftest.c
configure:6074: $? = 0
configure:6074: result: yes
configure:6074: checking for fcntl.h
configure:6074: result: yes
configure:6074: checking glob.h usability
configure:6074: gcc -c -g -O2  conftest.c >&5
configure:6074: $? = 0
configure:6074: result: yes
configure:6074: checking glob.h presence
configure:6074: gcc -E  conftest.c
configure:6074: $? = 0
configure:6074: result: yes
configure:6074: checking for glob.h
configure:6074: result: yes
configure:6074: checking limits.h usability
configure:6074: gcc -c -g -O2  conftest.c >&5
configure:6074: $? = 0
configure:6074: result: yes
configure:6074: checking limits.h presence
configure:6074: gcc -E  conftest.c
configure:6074: $? = 0
configure:6074: result: yes
configure:6074: checking for limits.h
configure:6074: result: yes
configure:6074: checking pwd.h usability
configure:6074: gcc -c -g -O2  conftest.c >&5
configure:6074: $? = 0
configure:6074: result: yes
configure:6074: checking pwd.h presence
configure:6074: gcc -E  conftest.c
configure:6074: $? = 0
configure:6074: result: yes
configure:6074: checking for pwd.h
configure:6074: result: yes
configure:6088: checking stdarg.h usability
configure:6088: gcc -c -g -O2  conftest.c >&5
configure:6088: $? = 0
configure:6088: result: yes
configure:6088: checking stdarg.h presence
configure:6088: gcc -E  conftest.c
configure:6088: $? = 0
configure:6088: result: yes
configure:6088: checking for stdarg.h
configure:6088: result: yes
configure:6088: checking stdbool.h usability
configure:6088: gcc -c -g -O2  conftest.c >&5
configure:6088: $? = 0
configure:6088: result: yes
configure:6088: checking stdbool.h presence
configure:6088: gcc -E  conftest.c
configure:6088: $? = 0
configure:6088: result: yes
configure:6088: checking for stdbool.h
configure:6088: result: yes
configure:6088: checking stdio.h usability
configure:6088: gcc -c -g -O2  conftest.c >&5
configure:6088: $? = 0
configure:6088: result: yes
configure:6088: checking stdio.h presence
configure:6088: gcc -E  conftest.c
configure:6088: $? = 0
configure:6088: result: yes
configure:6088: checking for stdio.h
configure:6088: result: yes
configure:6088: checking sys/cdio.h usability
configure:6088: gcc -c -g -O2  conftest.c >&5
conftest.c:69:22: error: sys/cdio.h: No such file or directory
configure:6088: $? = 1
configure: failed program was:
| /* confdefs.h */
| #define PACKAGE_NAME "libcdio"
| #define PACKAGE_TARNAME "libcdio"
| #define PACKAGE_VERSION "0.83"
| #define PACKAGE_STRING "libcdio 0.83"
| #define PACKAGE_BUGREPORT "libcdio-help@gnu.org"
| #define PACKAGE_URL ""
| #define PACKAGE "libcdio"
| #define VERSION "0.83"
| #define STDC_HEADERS 1
| #define HAVE_SYS_TYPES_H 1
| #define HAVE_SYS_STAT_H 1
| #define HAVE_STDLIB_H 1
| #define HAVE_STRING_H 1
| #define HAVE_MEMORY_H 1
| #define HAVE_STRINGS_H 1
| #define HAVE_INTTYPES_H 1
| #define HAVE_STDINT_H 1
| #define HAVE_UNISTD_H 1
| #define __EXTENSIONS__ 1
| #define _ALL_SOURCE 1
| #define _GNU_SOURCE 1
| #define _POSIX_PTHREAD_SEMANTICS 1
| #define _TANDEM_SOURCE 1
| #define LIBCDIO_CONFIG_H 1
| #define STDC_HEADERS 1
| #define HAVE_ERRNO_H 1
| #define HAVE_FCNTL_H 1
| #define HAVE_GLOB_H 1
| #define HAVE_LIMITS_H 1
| #define HAVE_PWD_H 1
| #define HAVE_STDARG_H 1
| #define HAVE_STDBOOL_H 1
| #define HAVE_STDIO_H 1
| /* end confdefs.h.  */
| #include <stdio.h>
| #ifdef HAVE_SYS_TYPES_H
| # include <sys/types.h>
| #endif
| #ifdef HAVE_SYS_STAT_H
| # include <sys/stat.h>
| #endif
| #ifdef STDC_HEADERS
| # include <stdlib.h>
| # include <stddef.h>
| #else
| # ifdef HAVE_STDLIB_H
| #  include <stdlib.h>
| # endif
| #endif
| #ifdef HAVE_STRING_H
| # if !defined STDC_HEADERS && defined HAVE_MEMORY_H
| #  include <memory.h>
| # endif
| # include <string.h>
| #endif
| #ifdef HAVE_STRINGS_H
| # include <strings.h>
| #endif
| #ifdef HAVE_INTTYPES_H
| # include <inttypes.h>
| #endif
| #ifdef HAVE_STDINT_H
| # include <stdint.h>
| #endif
| #ifdef HAVE_UNISTD_H
| # include <unistd.h>
| #endif
| #include <sys/cdio.h>
configure:6088: result: no
configure:6088: checking sys/cdio.h presence
configure:6088: gcc -E  conftest.c
conftest.c:36:22: error: sys/cdio.h: No such file or directory
configure:6088: $? = 1
configure: failed program was:
| /* confdefs.h */
| #define PACKAGE_NAME "libcdio"
| #define PACKAGE_TARNAME "libcdio"
| #define PACKAGE_VERSION "0.83"
| #define PACKAGE_STRING "libcdio 0.83"
| #define PACKAGE_BUGREPORT "libcdio-help@gnu.org"
| #define PACKAGE_URL ""
| #define PACKAGE "libcdio"
| #define VERSION "0.83"
| #define STDC_HEADERS 1
| #define HAVE_SYS_TYPES_H 1
| #define HAVE_SYS_STAT_H 1
| #define HAVE_STDLIB_H 1
| #define HAVE_STRING_H 1
| #define HAVE_MEMORY_H 1
| #define HAVE_STRINGS_H 1
| #define HAVE_INTTYPES_H 1
| #define HAVE_STDINT_H 1
| #define HAVE_UNISTD_H 1
| #define __EXTENSIONS__ 1
| #define _ALL_SOURCE 1
| #define _GNU_SOURCE 1
| #define _POSIX_PTHREAD_SEMANTICS 1
| #define _TANDEM_SOURCE 1
| #define LIBCDIO_CONFIG_H 1
| #define STDC_HEADERS 1
| #define HAVE_ERRNO_H 1
| #define HAVE_FCNTL_H 1
| #define HAVE_GLOB_H 1
| #define HAVE_LIMITS_H 1
| #define HAVE_PWD_H 1
| #define HAVE_STDARG_H 1
| #define HAVE_STDBOOL_H 1
| #define HAVE_STDIO_H 1
| /* end confdefs.h.  */
| #include <sys/cdio.h>
configure:6088: result: no
configure:6088: checking for sys/cdio.h
configure:6088: result: no
configure:6088: checking sys/param.h usability
configure:6088: gcc -c -g -O2  conftest.c >&5
configure:6088: $? = 0
configure:6088: result: yes
configure:6088: checking sys/param.h presence
configure:6088: gcc -E  conftest.c
configure:6088: $? = 0
configure:6088: result: yes
configure:6088: checking for sys/param.h
configure:6088: result: yes
configure:6088: checking sys/time.h usability
configure:6088: gcc -c -g -O2  conftest.c >&5
configure:6088: $? = 0
configure:6088: result: yes
configure:6088: checking sys/time.h presence
configure:6088: gcc -E  conftest.c
configure:6088: $? = 0
configure:6088: result: yes
configure:6088: checking for sys/time.h
configure:6088: result: yes
configure:6088: checking sys/timeb.h usability
configure:6088: gcc -c -g -O2  conftest.c >&5
configure:6088: $? = 0
configure:6088: result: yes
configure:6088: checking sys/timeb.h presence
configure:6088: gcc -E  conftest.c
configure:6088: $? = 0
configure:6088: result: yes
configure:6088: checking for sys/timeb.h
configure:6088: result: yes
configure:6088: checking sys/utsname.h usability
configure:6088: gcc -c -g -O2  conftest.c >&5
configure:6088: $? = 0
configure:6088: result: yes
configure:6088: checking sys/utsname.h presence
configure:6088: gcc -E  conftest.c
configure:6088: $? = 0
configure:6088: result: yes
configure:6088: checking for sys/utsname.h
configure:6088: result: yes
configure:6106: checking ncurses.h usability
configure:6106: gcc -c -g -O2  conftest.c >&5
configure:6106: $? = 0
configure:6106: result: yes
configure:6106: checking ncurses.h presence
configure:6106: gcc -E  conftest.c
configure:6106: $? = 0
configure:6106: result: yes
configure:6106: checking for ncurses.h
configure:6106: result: yes
configure:6106: checking curses.h usability
configure:6106: gcc -c -g -O2  conftest.c >&5
configure:6106: $? = 0
configure:6106: result: yes
configure:6106: checking curses.h presence
configure:6106: gcc -E  conftest.c
configure:6106: $? = 0
configure:6106: result: yes
configure:6106: checking for curses.h
configure:6106: result: yes
configure:6123: checking for unistd.h
configure:6123: result: yes
configure:6123: checking getopt.h usability
configure:6123: gcc -c -g -O2  conftest.c >&5
configure:6123: $? = 0
configure:6123: result: yes
configure:6123: checking getopt.h presence
configure:6123: gcc -E  conftest.c
configure:6123: $? = 0
configure:6123: result: yes
configure:6123: checking for getopt.h
configure:6123: result: yes
configure:6138: checking whether byte ordering is bigendian
configure:6153: gcc -c -g -O2  conftest.c >&5
configure:6153: $? = 0
configure:6198: gcc -c -g -O2  conftest.c >&5
configure:6198: $? = 0
configure:6216: gcc -c -g -O2  conftest.c >&5
conftest.c: In function 'main':
conftest.c:51: error: 'not' undeclared (first use in this function)
conftest.c:51: error: (Each undeclared identifier is reported only once
conftest.c:51: error: for each function it appears in.)
conftest.c:51: error: expected ';' before 'big'
configure:6216: $? = 1
configure: failed program was:
| /* confdefs.h */
| #define PACKAGE_NAME "libcdio"
| #define PACKAGE_TARNAME "libcdio"
| #define PACKAGE_VERSION "0.83"
| #define PACKAGE_STRING "libcdio 0.83"
| #define PACKAGE_BUGREPORT "libcdio-help@gnu.org"
| #define PACKAGE_URL ""
| #define PACKAGE "libcdio"
| #define VERSION "0.83"
| #define STDC_HEADERS 1
| #define HAVE_SYS_TYPES_H 1
| #define HAVE_SYS_STAT_H 1
| #define HAVE_STDLIB_H 1
| #define HAVE_STRING_H 1
| #define HAVE_MEMORY_H 1
| #define HAVE_STRINGS_H 1
| #define HAVE_INTTYPES_H 1
| #define HAVE_STDINT_H 1
| #define HAVE_UNISTD_H 1
| #define __EXTENSIONS__ 1
| #define _ALL_SOURCE 1
| #define _GNU_SOURCE 1
| #define _POSIX_PTHREAD_SEMANTICS 1
| #define _TANDEM_SOURCE 1
| #define LIBCDIO_CONFIG_H 1
| #define STDC_HEADERS 1
| #define HAVE_ERRNO_H 1
| #define HAVE_FCNTL_H 1
| #define HAVE_GLOB_H 1
| #define HAVE_LIMITS_H 1
| #define HAVE_PWD_H 1
| #define HAVE_STDARG_H 1
| #define HAVE_STDBOOL_H 1
| #define HAVE_STDIO_H 1
| #define HAVE_SYS_PARAM_H 1
| #define HAVE_SYS_TIME_H 1
| #define HAVE_SYS_TIMEB_H 1
| #define HAVE_SYS_UTSNAME_H 1
| #define HAVE_NCURSES_H 1
| #define HAVE_CURSES_H 1
| #define HAVE_UNISTD_H 1
| #define HAVE_GETOPT_H 1
| /* end confdefs.h.  */
| #include <sys/types.h>
| 		#include <sys/param.h>
| 
| int
| main ()
| {
| #if BYTE_ORDER != BIG_ENDIAN
| 		 not big endian
| 		#endif
| 
|   ;
|   return 0;
| }
configure:6344: result: no
configure:6362: checking for an ANSI C-conforming const
configure:6427: gcc -c -g -O2  conftest.c >&5
configure:6427: $? = 0
configure:6434: result: yes
configure:6442: checking for inline
configure:6458: gcc -c -g -O2  conftest.c >&5
configure:6458: $? = 0
configure:6466: result: inline
configure:6485: checking whether gcc supports ISOC99 _Pragma()
configure:6498: gcc -c -g -O2  conftest.c >&5
configure:6498: $? = 0
configure:6509: result: yes
configure:6515: checking for S_ISLNK() macro
configure:6532: gcc -o conftest -g -O2   conftest.c  >&5
configure:6532: $? = 0
configure:6533: result: yes
configure:6544: checking for S_ISSOCK() macro
configure:6561: gcc -o conftest -g -O2   conftest.c  >&5
configure:6561: $? = 0
configure:6562: result: yes
configure:6573: checking for struct timespec
configure:6590: gcc -c -g -O2  conftest.c >&5
configure:6590: $? = 0
configure:6591: result: yes
configure:6601: checking how to create empty arrays
configure:6616: gcc -c -g -O2  conftest.c >&5
configure:6616: $? = 0
configure:6651: result: []
configure:6984: checking for a sed that does not truncate output
configure:7048: result: /usr/bin/sed
configure:7066: checking for fgrep
configure:7128: result: /usr/bin/grep -F
configure:7163: checking for ld used by gcc
configure:7230: result: /usr/llvm-gcc-4.2/libexec/gcc/i686-apple-darwin11/4.2.1/ld
configure:7237: checking if the linker (/usr/llvm-gcc-4.2/libexec/gcc/i686-apple-darwin11/4.2.1/ld) is GNU ld
configure:7252: result: no
configure:7264: checking for BSD- or MS-compatible name lister (nm)
configure:7313: result: /usr/bin/nm
configure:7431: checking the name lister (/usr/bin/nm) interface
configure:7438: gcc -c -g -O2  conftest.c >&5
configure:7441: /usr/bin/nm "conftest.o"
configure:7444: output
0000000000000188 S _some_variable
configure:7451: result: BSD nm
configure:7454: checking whether ln -s works
configure:7458: result: yes
configure:7466: checking the maximum length of command line arguments
configure:7586: result: 196608
configure:7603: checking whether the shell understands some XSI constructs
configure:7613: result: yes
configure:7617: checking whether the shell understands "+="
configure:7623: result: yes
configure:7658: checking for /usr/llvm-gcc-4.2/libexec/gcc/i686-apple-darwin11/4.2.1/ld option to reload object files
configure:7665: result: -r
configure:7734: checking for objdump
configure:7761: result: objdump
configure:7790: checking how to recognize dependent libraries
configure:7986: result: pass_all
configure:8046: checking for ar
configure:8062: found /usr/bin/ar
configure:8073: result: ar
configure:8151: checking for strip
configure:8167: found /usr/bin/strip
configure:8178: result: strip
configure:8250: checking for ranlib
configure:8266: found /usr/bin/ranlib
configure:8277: result: ranlib
configure:8367: checking command to parse /usr/bin/nm output from gcc object
configure:8485: gcc -c -g -O2  conftest.c >&5
configure:8488: $? = 0
configure:8492: /usr/bin/nm conftest.o \| sed -n -e 's/^.*[	 ]\([BCDEGRST][BCDEGRST]*\)[	 ][	 ]*\([_A-Za-z][_A-Za-z0-9]*\)$/\1 \2 \2/p' \> conftest.nm
configure:8495: $? = 0
cannot find nm_test_var in conftest.nm
configure:8485: gcc -c -g -O2  conftest.c >&5
configure:8488: $? = 0
configure:8492: /usr/bin/nm conftest.o \| sed -n -e 's/^.*[	 ]\([BCDEGRST][BCDEGRST]*\)[	 ][	 ]*_\([_A-Za-z][_A-Za-z0-9]*\)$/\1 _\2 \2/p' \> conftest.nm
configure:8495: $? = 0
configure:8549: gcc -o conftest -g -O2   conftest.c conftstm.o >&5
configure:8552: $? = 0
configure:8590: result: ok
configure:8854: checking for dsymutil
configure:8870: found /usr/bin/dsymutil
configure:8881: result: dsymutil
configure:8946: checking for nmedit
configure:8962: found /usr/bin/nmedit
configure:8973: result: nmedit
configure:9038: checking for lipo
configure:9054: found /usr/bin/lipo
configure:9065: result: lipo
configure:9130: checking for otool
configure:9146: found /usr/bin/otool
configure:9157: result: otool
configure:9222: checking for otool64
configure:9252: result: no
configure:9297: checking for -single_module linker flag
gcc -g -O2  -o libconftest.dylib -dynamiclib -Wl,-single_module conftest.c
configure:9324: result: yes
configure:9326: checking for -exported_symbols_list linker flag
configure:9346: gcc -o conftest -g -O2   -Wl,-exported_symbols_list,conftest.sym conftest.c  >&5
configure:9346: $? = 0
configure:9356: result: yes
configure:9395: checking for dlfcn.h
configure:9395: gcc -c -g -O2  conftest.c >&5
configure:9395: $? = 0
configure:9395: result: yes
configure:9520: checking for C++ compiler version
configure:9529: g++ --version >&5
i686-apple-darwin11-llvm-g++-4.2 (GCC) 4.2.1 (Based on Apple Inc. build 5658) (LLVM build 2336.1.00)
Copyright (C) 2007 Free Software Foundation, Inc.
This is free software; see the source for copying conditions.  There is NO
warranty; not even for MERCHANTABILITY or FITNESS FOR A PARTICULAR PURPOSE.

configure:9540: $? = 0
configure:9529: g++ -v >&5
Using built-in specs.
Target: i686-apple-darwin11
Configured with: /private/var/tmp/llvmgcc42/llvmgcc42-2336.1~22/src/configure --disable-checking --enable-werror --prefix=/Developer/usr/llvm-gcc-4.2 --mandir=/share/man --enable-languages=c,objc,c++,obj-c++ --program-prefix=llvm- --program-transform-name=/^[cg][^.-]*$/s/$/-4.2/ --with-slibdir=/usr/lib --build=i686-apple-darwin11 --enable-llvm=/private/var/tmp/llvmgcc42/llvmgcc42-2336.1~22/dst-llvmCore/Developer/usr/local --program-prefix=i686-apple-darwin11- --host=x86_64-apple-darwin11 --target=i686-apple-darwin11 --with-gxx-include-dir=/usr/include/c++/4.2.1
Thread model: posix
gcc version 4.2.1 (Based on Apple Inc. build 5658) (LLVM build 2336.1.00)
configure:9540: $? = 0
configure:9529: g++ -V >&5
llvm-g++-4.2: argument to `-V' is missing
configure:9540: $? = 1
configure:9529: g++ -qversion >&5
i686-apple-darwin11-llvm-g++-4.2: no input files
configure:9540: $? = 1
configure:9544: checking whether we are using the GNU C++ compiler
configure:9572: result: yes
configure:9581: checking whether g++ accepts -g
configure:9642: result: yes
configure:9667: checking dependency style of g++
configure:9777: result: gcc3
configure:9800: checking how to run the C++ preprocessor
configure:9827: g++ -E  conftest.cpp
configure:9827: $? = 0
configure:9841: g++ -E  conftest.cpp
conftest.cpp:50:28: error: ac_nonexistent.h: No such file or directory
configure:9841: $? = 1
configure: failed program was:
| /* confdefs.h */
| #define PACKAGE_NAME "libcdio"
| #define PACKAGE_TARNAME "libcdio"
| #define PACKAGE_VERSION "0.83"
| #define PACKAGE_STRING "libcdio 0.83"
| #define PACKAGE_BUGREPORT "libcdio-help@gnu.org"
| #define PACKAGE_URL ""
| #define PACKAGE "libcdio"
| #define VERSION "0.83"
| #define STDC_HEADERS 1
| #define HAVE_SYS_TYPES_H 1
| #define HAVE_SYS_STAT_H 1
| #define HAVE_STDLIB_H 1
| #define HAVE_STRING_H 1
| #define HAVE_MEMORY_H 1
| #define HAVE_STRINGS_H 1
| #define HAVE_INTTYPES_H 1
| #define HAVE_STDINT_H 1
| #define HAVE_UNISTD_H 1
| #define __EXTENSIONS__ 1
| #define _ALL_SOURCE 1
| #define _GNU_SOURCE 1
| #define _POSIX_PTHREAD_SEMANTICS 1
| #define _TANDEM_SOURCE 1
| #define LIBCDIO_CONFIG_H 1
| #define STDC_HEADERS 1
| #define HAVE_ERRNO_H 1
| #define HAVE_FCNTL_H 1
| #define HAVE_GLOB_H 1
| #define HAVE_LIMITS_H 1
| #define HAVE_PWD_H 1
| #define HAVE_STDARG_H 1
| #define HAVE_STDBOOL_H 1
| #define HAVE_STDIO_H 1
| #define HAVE_SYS_PARAM_H 1
| #define HAVE_SYS_TIME_H 1
| #define HAVE_SYS_TIMEB_H 1
| #define HAVE_SYS_UTSNAME_H 1
| #define HAVE_NCURSES_H 1
| #define HAVE_CURSES_H 1
| #define HAVE_UNISTD_H 1
| #define HAVE_GETOPT_H 1
| #define HAVE_ISOC99_PRAGMA /**/
| #define HAVE_S_ISLNK /**/
| #define HAVE_S_ISSOCK /**/
| #define HAVE_STRUCT_TIMESPEC /**/
| #define EMPTY_ARRAY_SIZE 
| #define HAVE_DLFCN_H 1
| /* end confdefs.h.  */
| #include <ac_nonexistent.h>
configure:9866: result: g++ -E
configure:9886: g++ -E  conftest.cpp
configure:9886: $? = 0
configure:9900: g++ -E  conftest.cpp
conftest.cpp:50:28: error: ac_nonexistent.h: No such file or directory
configure:9900: $? = 1
configure: failed program was:
| /* confdefs.h */
| #define PACKAGE_NAME "libcdio"
| #define PACKAGE_TARNAME "libcdio"
| #define PACKAGE_VERSION "0.83"
| #define PACKAGE_STRING "libcdio 0.83"
| #define PACKAGE_BUGREPORT "libcdio-help@gnu.org"
| #define PACKAGE_URL ""
| #define PACKAGE "libcdio"
| #define VERSION "0.83"
| #define STDC_HEADERS 1
| #define HAVE_SYS_TYPES_H 1
| #define HAVE_SYS_STAT_H 1
| #define HAVE_STDLIB_H 1
| #define HAVE_STRING_H 1
| #define HAVE_MEMORY_H 1
| #define HAVE_STRINGS_H 1
| #define HAVE_INTTYPES_H 1
| #define HAVE_STDINT_H 1
| #define HAVE_UNISTD_H 1
| #define __EXTENSIONS__ 1
| #define _ALL_SOURCE 1
| #define _GNU_SOURCE 1
| #define _POSIX_PTHREAD_SEMANTICS 1
| #define _TANDEM_SOURCE 1
| #define LIBCDIO_CONFIG_H 1
| #define STDC_HEADERS 1
| #define HAVE_ERRNO_H 1
| #define HAVE_FCNTL_H 1
| #define HAVE_GLOB_H 1
| #define HAVE_LIMITS_H 1
| #define HAVE_PWD_H 1
| #define HAVE_STDARG_H 1
| #define HAVE_STDBOOL_H 1
| #define HAVE_STDIO_H 1
| #define HAVE_SYS_PARAM_H 1
| #define HAVE_SYS_TIME_H 1
| #define HAVE_SYS_TIMEB_H 1
| #define HAVE_SYS_UTSNAME_H 1
| #define HAVE_NCURSES_H 1
| #define HAVE_CURSES_H 1
| #define HAVE_UNISTD_H 1
| #define HAVE_GETOPT_H 1
| #define HAVE_ISOC99_PRAGMA /**/
| #define HAVE_S_ISLNK /**/
| #define HAVE_S_ISSOCK /**/
| #define HAVE_STRUCT_TIMESPEC /**/
| #define EMPTY_ARRAY_SIZE 
| #define HAVE_DLFCN_H 1
| /* end confdefs.h.  */
| #include <ac_nonexistent.h>
configure:10104: checking for objdir
configure:10119: result: .libs
configure:10415: checking if gcc supports -fno-rtti -fno-exceptions
configure:10433: gcc -c -g -O2  -fno-rtti -fno-exceptions conftest.c >&5
cc1: warning: command line option "-fno-rtti" is valid for C++/ObjC++ but not for C
configure:10437: $? = 0
configure:10450: result: no
configure:10470: checking for gcc option to produce PIC
configure:10742: result: -fno-common -DPIC
configure:10754: checking if gcc PIC flag -fno-common -DPIC works
configure:10772: gcc -c -g -O2  -fno-common -DPIC -DPIC conftest.c >&5
configure:10776: $? = 0
configure:10789: result: yes
configure:10813: checking if gcc static flag -static works
configure:10841: result: no
configure:10856: checking if gcc supports -c -o file.o
configure:10877: gcc -c -g -O2  -o out/conftest2.o conftest.c >&5
configure:10881: $? = 0
configure:10903: result: yes
configure:10911: checking if gcc supports -c -o file.o
configure:10958: result: yes
configure:10991: checking whether the gcc linker (/usr/llvm-gcc-4.2/libexec/gcc/i686-apple-darwin11/4.2.1/ld) supports shared libraries
configure:11982: result: yes
configure:12221: checking dynamic linker characteristics
configure:12884: result: darwin11.2.0 dyld
configure:12986: checking how to hardcode library paths into programs
configure:13011: result: immediate
configure:13531: checking whether stripping libraries is possible
configure:13545: result: yes
configure:13571: checking if libtool supports shared libraries
configure:13573: result: yes
configure:13576: checking whether to build shared libraries
configure:13597: result: yes
configure:13600: checking whether to build static libraries
configure:13604: result: yes
configure:13754: checking for ld used by g++
configure:13821: result: /usr/llvm-gcc-4.2/libexec/gcc/i686-apple-darwin11/4.2.1/ld
configure:13828: checking if the linker (/usr/llvm-gcc-4.2/libexec/gcc/i686-apple-darwin11/4.2.1/ld) is GNU ld
configure:13843: result: no
configure:13898: checking whether the g++ linker (/usr/llvm-gcc-4.2/libexec/gcc/i686-apple-darwin11/4.2.1/ld) supports shared libraries
configure:14811: result: yes
configure:14839: g++ -c -g -O2  conftest.cpp >&5
configure:14842: $? = 0
configure:15024: checking for g++ option to produce PIC
configure:15341: result: -fno-common -DPIC
configure:15350: checking if g++ PIC flag -fno-common -DPIC works
configure:15368: g++ -c -g -O2  -fno-common -DPIC -DPIC conftest.cpp >&5
configure:15372: $? = 0
configure:15385: result: yes
configure:15406: checking if g++ static flag -static works
configure:15434: result: no
configure:15446: checking if g++ supports -c -o file.o
configure:15467: g++ -c -g -O2  -o out/conftest2.o conftest.cpp >&5
configure:15471: $? = 0
configure:15493: result: yes
configure:15498: checking if g++ supports -c -o file.o
configure:15545: result: yes
configure:15575: checking whether the g++ linker (/usr/llvm-gcc-4.2/libexec/gcc/i686-apple-darwin11/4.2.1/ld) supports shared libraries
configure:15604: result: yes
configure:15741: checking dynamic linker characteristics
configure:16352: result: darwin11.2.0 dyld
configure:16403: checking how to hardcode library paths into programs
configure:16428: result: immediate
configure:16491: checking for cos in -lm
configure:16516: gcc -o conftest -g -O2   conftest.c -lm   >&5
conftest.c:58: warning: conflicting types for built-in function 'cos'
configure:16516: $? = 0
configure:16525: result: yes
configure:16536: WARNING: I don't see GNU ld. I'm going to assume --without-versioned-libs
configure:16875: WARNING: Don't have OS CD-reading support for darwin11.2.0...
configure:16877: WARNING: Will use generic support.
configure:16884: checking extern long timezone variable
configure:16902: gcc -o conftest -g -O2 -Wall -Wchar-subscripts -Wmissing-prototypes -Wmissing-declarations -Wunused -Wpointer-arith -Wwrite-strings -Wnested-externs -Wno-sign-compare   conftest.c  -lm >&5
conftest.c: In function 'main':
conftest.c:59: warning: unused variable 'test_timezone'
configure:16902: $? = 0
configure:16903: result: yes
configure:16939: checking for bzero
configure:16939: gcc -o conftest -g -O2 -Wall -Wchar-subscripts -Wmissing-prototypes -Wmissing-declarations -Wunused -Wpointer-arith -Wwrite-strings -Wnested-externs -Wno-sign-compare   conftest.c  -lm >&5
conftest.c:76: warning: conflicting types for built-in function 'bzero'
configure:16939: $? = 0
configure:16939: result: yes
configure:16939: checking for chdir
configure:16939: gcc -o conftest -g -O2 -Wall -Wchar-subscripts -Wmissing-prototypes -Wmissing-declarations -Wunused -Wpointer-arith -Wwrite-strings -Wnested-externs -Wno-sign-compare   conftest.c  -lm >&5
configure:16939: $? = 0
configure:16939: result: yes
configure:16939: checking for drand48
configure:16939: gcc -o conftest -g -O2 -Wall -Wchar-subscripts -Wmissing-prototypes -Wmissing-declarations -Wunused -Wpointer-arith -Wwrite-strings -Wnested-externs -Wno-sign-compare   conftest.c  -lm >&5
configure:16939: $? = 0
configure:16939: result: yes
configure:16939: checking for ftruncate
configure:16939: gcc -o conftest -g -O2 -Wall -Wchar-subscripts -Wmissing-prototypes -Wmissing-declarations -Wunused -Wpointer-arith -Wwrite-strings -Wnested-externs -Wno-sign-compare   conftest.c  -lm >&5
configure:16939: $? = 0
configure:16939: result: yes
configure:16939: checking for geteuid
configure:16939: gcc -o conftest -g -O2 -Wall -Wchar-subscripts -Wmissing-prototypes -Wmissing-declarations -Wunused -Wpointer-arith -Wwrite-strings -Wnested-externs -Wno-sign-compare   conftest.c  -lm >&5
configure:16939: $? = 0
configure:16939: result: yes
configure:16939: checking for getgid
configure:16939: gcc -o conftest -g -O2 -Wall -Wchar-subscripts -Wmissing-prototypes -Wmissing-declarations -Wunused -Wpointer-arith -Wwrite-strings -Wnested-externs -Wno-sign-compare   conftest.c  -lm >&5
configure:16939: $? = 0
configure:16939: result: yes
configure:16939: checking for getuid
configure:16939: gcc -o conftest -g -O2 -Wall -Wchar-subscripts -Wmissing-prototypes -Wmissing-declarations -Wunused -Wpointer-arith -Wwrite-strings -Wnested-externs -Wno-sign-compare   conftest.c  -lm >&5
configure:16939: $? = 0
configure:16939: result: yes
configure:16939: checking for getpwuid
configure:16939: gcc -o conftest -g -O2 -Wall -Wchar-subscripts -Wmissing-prototypes -Wmissing-declarations -Wunused -Wpointer-arith -Wwrite-strings -Wnested-externs -Wno-sign-compare   conftest.c  -lm >&5
configure:16939: $? = 0
configure:16939: result: yes
configure:16939: checking for gettimeofday
configure:16939: gcc -o conftest -g -O2 -Wall -Wchar-subscripts -Wmissing-prototypes -Wmissing-declarations -Wunused -Wpointer-arith -Wwrite-strings -Wnested-externs -Wno-sign-compare   conftest.c  -lm >&5
configure:16939: $? = 0
configure:16939: result: yes
configure:16939: checking for lstat
configure:16939: gcc -o conftest -g -O2 -Wall -Wchar-subscripts -Wmissing-prototypes -Wmissing-declarations -Wunused -Wpointer-arith -Wwrite-strings -Wnested-externs -Wno-sign-compare   conftest.c  -lm >&5
configure:16939: $? = 0
configure:16939: result: yes
configure:16939: checking for memcpy
configure:16939: gcc -o conftest -g -O2 -Wall -Wchar-subscripts -Wmissing-prototypes -Wmissing-declarations -Wunused -Wpointer-arith -Wwrite-strings -Wnested-externs -Wno-sign-compare   conftest.c  -lm >&5
conftest.c:86: warning: conflicting types for built-in function 'memcpy'
configure:16939: $? = 0
configure:16939: result: yes
configure:16939: checking for memset
configure:16939: gcc -o conftest -g -O2 -Wall -Wchar-subscripts -Wmissing-prototypes -Wmissing-declarations -Wunused -Wpointer-arith -Wwrite-strings -Wnested-externs -Wno-sign-compare   conftest.c  -lm >&5
conftest.c:87: warning: conflicting types for built-in function 'memset'
configure:16939: $? = 0
configure:16939: result: yes
configure:16939: checking for rand
configure:16939: gcc -o conftest -g -O2 -Wall -Wchar-subscripts -Wmissing-prototypes -Wmissing-declarations -Wunused -Wpointer-arith -Wwrite-strings -Wnested-externs -Wno-sign-compare   conftest.c  -lm >&5
configure:16939: $? = 0
configure:16939: result: yes
configure:16939: checking for seteuid
configure:16939: gcc -o conftest -g -O2 -Wall -Wchar-subscripts -Wmissing-prototypes -Wmissing-declarations -Wunused -Wpointer-arith -Wwrite-strings -Wnested-externs -Wno-sign-compare   conftest.c  -lm >&5
configure:16939: $? = 0
configure:16939: result: yes
configure:16939: checking for setegid
configure:16939: gcc -o conftest -g -O2 -Wall -Wchar-subscripts -Wmissing-prototypes -Wmissing-declarations -Wunused -Wpointer-arith -Wwrite-strings -Wnested-externs -Wno-sign-compare   conftest.c  -lm >&5
configure:16939: $? = 0
configure:16939: result: yes
configure:16939: checking for snprintf
configure:16939: gcc -o conftest -g -O2 -Wall -Wchar-subscripts -Wmissing-prototypes -Wmissing-declarations -Wunused -Wpointer-arith -Wwrite-strings -Wnested-externs -Wno-sign-compare   conftest.c  -lm >&5
conftest.c:91: warning: conflicting types for built-in function 'snprintf'
configure:16939: $? = 0
configure:16939: result: yes
configure:16939: checking for setenv
configure:16939: gcc -o conftest -g -O2 -Wall -Wchar-subscripts -Wmissing-prototypes -Wmissing-declarations -Wunused -Wpointer-arith -Wwrite-strings -Wnested-externs -Wno-sign-compare   conftest.c  -lm >&5
configure:16939: $? = 0
configure:16939: result: yes
configure:16939: checking for unsetenv
configure:16939: gcc -o conftest -g -O2 -Wall -Wchar-subscripts -Wmissing-prototypes -Wmissing-declarations -Wunused -Wpointer-arith -Wwrite-strings -Wnested-externs -Wno-sign-compare   conftest.c  -lm >&5
configure:16939: $? = 0
configure:16939: result: yes
configure:16939: checking for tzset
configure:16939: gcc -o conftest -g -O2 -Wall -Wchar-subscripts -Wmissing-prototypes -Wmissing-declarations -Wunused -Wpointer-arith -Wwrite-strings -Wnested-externs -Wno-sign-compare   conftest.c  -lm >&5
configure:16939: $? = 0
configure:16939: result: yes
configure:16939: checking for sleep
configure:16939: gcc -o conftest -g -O2 -Wall -Wchar-subscripts -Wmissing-prototypes -Wmissing-declarations -Wunused -Wpointer-arith -Wwrite-strings -Wnested-externs -Wno-sign-compare   conftest.c  -lm >&5
configure:16939: $? = 0
configure:16939: result: yes
configure:16939: checking for usleep
configure:16939: gcc -o conftest -g -O2 -Wall -Wchar-subscripts -Wmissing-prototypes -Wmissing-declarations -Wunused -Wpointer-arith -Wwrite-strings -Wnested-externs -Wno-sign-compare   conftest.c  -lm >&5
configure:16939: $? = 0
configure:16939: result: yes
configure:16939: checking for vsnprintf
configure:16939: gcc -o conftest -g -O2 -Wall -Wchar-subscripts -Wmissing-prototypes -Wmissing-declarations -Wunused -Wpointer-arith -Wwrite-strings -Wnested-externs -Wno-sign-compare   conftest.c  -lm >&5
conftest.c:97: warning: conflicting types for built-in function 'vsnprintf'
configure:16939: $? = 0
configure:16939: result: yes
configure:16939: checking for readlink
configure:16939: gcc -o conftest -g -O2 -Wall -Wchar-subscripts -Wmissing-prototypes -Wmissing-declarations -Wunused -Wpointer-arith -Wwrite-strings -Wnested-externs -Wno-sign-compare   conftest.c  -lm >&5
configure:16939: $? = 0
configure:16939: result: yes
configure:16939: checking for realpath
configure:16939: gcc -o conftest -g -O2 -Wall -Wchar-subscripts -Wmissing-prototypes -Wmissing-declarations -Wunused -Wpointer-arith -Wwrite-strings -Wnested-externs -Wno-sign-compare   conftest.c  -lm >&5
configure:16939: $? = 0
configure:16939: result: yes
configure:16939: checking for gmtime_r
configure:16939: gcc -o conftest -g -O2 -Wall -Wchar-subscripts -Wmissing-prototypes -Wmissing-declarations -Wunused -Wpointer-arith -Wwrite-strings -Wnested-externs -Wno-sign-compare   conftest.c  -lm >&5
configure:16939: $? = 0
configure:16939: result: yes
configure:16939: checking for localtime_r
configure:16939: gcc -o conftest -g -O2 -Wall -Wchar-subscripts -Wmissing-prototypes -Wmissing-declarations -Wunused -Wpointer-arith -Wwrite-strings -Wnested-externs -Wno-sign-compare   conftest.c  -lm >&5
configure:16939: $? = 0
configure:16939: result: yes
configure:16950: checking for timegm
configure:16950: gcc -o conftest -g -O2 -Wall -Wchar-subscripts -Wmissing-prototypes -Wmissing-declarations -Wunused -Wpointer-arith -Wwrite-strings -Wnested-externs -Wno-sign-compare   conftest.c  -lm >&5
configure:16950: $? = 0
configure:16950: result: yes
configure:16958: checking for struct tm.tm_gmtoff
configure:16958: gcc -c -g -O2 -Wall -Wchar-subscripts -Wmissing-prototypes -Wmissing-declarations -Wunused -Wpointer-arith -Wwrite-strings -Wnested-externs -Wno-sign-compare  conftest.c >&5
configure:16958: $? = 0
configure:16958: result: yes
configure:16968: checking whether time.h defines daylight and timezone variables
configure:16983: gcc -c -g -O2 -Wall -Wchar-subscripts -Wmissing-prototypes -Wmissing-declarations -Wunused -Wpointer-arith -Wwrite-strings -Wnested-externs -Wno-sign-compare  conftest.c >&5
configure:16983: $? = 0
configure:16993: result: yes
configure:16996: checking whether time.h defines tzname variable
configure:17011: gcc -c -g -O2 -Wall -Wchar-subscripts -Wmissing-prototypes -Wmissing-declarations -Wunused -Wpointer-arith -Wwrite-strings -Wnested-externs -Wno-sign-compare  conftest.c >&5
configure:17011: $? = 0
configure:17021: result: yes
configure:17073: checking for ld used by GCC
configure:17137: result: /usr/llvm-gcc-4.2/libexec/gcc/i686-apple-darwin11/4.2.1/ld
configure:17144: checking if the linker (/usr/llvm-gcc-4.2/libexec/gcc/i686-apple-darwin11/4.2.1/ld) is GNU ld
configure:17157: result: no
configure:17164: checking for shared library run path origin
configure:17177: result: done
configure:17685: checking for iconv
configure:17707: gcc -o conftest -g -O2 -Wall -Wchar-subscripts -Wmissing-prototypes -Wmissing-declarations -Wunused -Wpointer-arith -Wwrite-strings -Wnested-externs -Wno-sign-compare   conftest.c  -lm >&5
Undefined symbols for architecture x86_64:
  "_iconv_open", referenced from:
      _main in cc6zk1mE.o
  "_iconv", referenced from:
      _main in cc6zk1mE.o
  "_iconv_close", referenced from:
      _main in cc6zk1mE.o
ld: symbol(s) not found for architecture x86_64
collect2: ld returned 1 exit status
configure:17707: $? = 1
configure: failed program was:
| /* confdefs.h */
| #define PACKAGE_NAME "libcdio"
| #define PACKAGE_TARNAME "libcdio"
| #define PACKAGE_VERSION "0.83"
| #define PACKAGE_STRING "libcdio 0.83"
| #define PACKAGE_BUGREPORT "libcdio-help@gnu.org"
| #define PACKAGE_URL ""
| #define PACKAGE "libcdio"
| #define VERSION "0.83"
| #define STDC_HEADERS 1
| #define HAVE_SYS_TYPES_H 1
| #define HAVE_SYS_STAT_H 1
| #define HAVE_STDLIB_H 1
| #define HAVE_STRING_H 1
| #define HAVE_MEMORY_H 1
| #define HAVE_STRINGS_H 1
| #define HAVE_INTTYPES_H 1
| #define HAVE_STDINT_H 1
| #define HAVE_UNISTD_H 1
| #define __EXTENSIONS__ 1
| #define _ALL_SOURCE 1
| #define _GNU_SOURCE 1
| #define _POSIX_PTHREAD_SEMANTICS 1
| #define _TANDEM_SOURCE 1
| #define LIBCDIO_CONFIG_H 1
| #define STDC_HEADERS 1
| #define HAVE_ERRNO_H 1
| #define HAVE_FCNTL_H 1
| #define HAVE_GLOB_H 1
| #define HAVE_LIMITS_H 1
| #define HAVE_PWD_H 1
| #define HAVE_STDARG_H 1
| #define HAVE_STDBOOL_H 1
| #define HAVE_STDIO_H 1
| #define HAVE_SYS_PARAM_H 1
| #define HAVE_SYS_TIME_H 1
| #define HAVE_SYS_TIMEB_H 1
| #define HAVE_SYS_UTSNAME_H 1
| #define HAVE_NCURSES_H 1
| #define HAVE_CURSES_H 1
| #define HAVE_UNISTD_H 1
| #define HAVE_GETOPT_H 1
| #define HAVE_ISOC99_PRAGMA /**/
| #define HAVE_S_ISLNK /**/
| #define HAVE_S_ISSOCK /**/
| #define HAVE_STRUCT_TIMESPEC /**/
| #define EMPTY_ARRAY_SIZE 
| #define HAVE_DLFCN_H 1
| #define LT_OBJDIR ".libs/"
| #define HAVE_TIMEZONE_VAR 1
| #define LIBCDIO_SOURCE_PATH "/Users/nfma/Apps/libcdio-0.83"
| #define HAVE_BZERO 1
| #define HAVE_CHDIR 1
| #define HAVE_DRAND48 1
| #define HAVE_FTRUNCATE 1
| #define HAVE_GETEUID 1
| #define HAVE_GETGID 1
| #define HAVE_GETUID 1
| #define HAVE_GETPWUID 1
| #define HAVE_GETTIMEOFDAY 1
| #define HAVE_LSTAT 1
| #define HAVE_MEMCPY 1
| #define HAVE_MEMSET 1
| #define HAVE_RAND 1
| #define HAVE_SETEUID 1
| #define HAVE_SETEGID 1
| #define HAVE_SNPRINTF 1
| #define HAVE_SETENV 1
| #define HAVE_UNSETENV 1
| #define HAVE_TZSET 1
| #define HAVE_SLEEP 1
| #define HAVE_USLEEP 1
| #define HAVE_VSNPRINTF 1
| #define HAVE_READLINK 1
| #define HAVE_REALPATH 1
| #define HAVE_GMTIME_R 1
| #define HAVE_LOCALTIME_R 1
| #define HAVE_TIMEGM 1
| #define HAVE_TM_GMTOFF 1
| #define HAVE_DAYLIGHT 1
| #define HAVE_TZNAME 1
| /* end confdefs.h.  */
| #include <stdlib.h>
| #include <iconv.h>
| int
| main ()
| {
| iconv_t cd = iconv_open("","");
|        iconv(cd,NULL,NULL,NULL,NULL);
|        iconv_close(cd);
|   ;
|   return 0;
| }
configure:17729: gcc -o conftest -g -O2 -Wall -Wchar-subscripts -Wmissing-prototypes -Wmissing-declarations -Wunused -Wpointer-arith -Wwrite-strings -Wnested-externs -Wno-sign-compare   conftest.c  -lm -liconv >&5
configure:17729: $? = 0
configure:17739: result: yes
configure:17742: checking for working iconv
configure:17818: gcc -o conftest -g -O2 -Wall -Wchar-subscripts -Wmissing-prototypes -Wmissing-declarations -Wunused -Wpointer-arith -Wwrite-strings -Wnested-externs -Wno-sign-compare   conftest.c  -lm -liconv >&5
configure:17818: $? = 0
configure:17818: ./conftest
configure:17818: $? = 0
configure:17830: result: yes
configure:17845: checking how to link with libiconv
configure:17847: result: -liconv
configure:17858: checking for iconv declaration
configure:17887: gcc -c -g -O2 -Wall -Wchar-subscripts -Wmissing-prototypes -Wmissing-declarations -Wunused -Wpointer-arith -Wwrite-strings -Wnested-externs -Wno-sign-compare  conftest.c >&5
configure:17887: $? = 0
configure:17898: result: 
         extern size_t iconv (iconv_t cd, char * *inbuf, size_t *inbytesleft, char * *outbuf, size_t *outbytesleft);
configure:17909: checking for nl_langinfo and CODESET
configure:17925: gcc -o conftest -g -O2 -Wall -Wchar-subscripts -Wmissing-prototypes -Wmissing-declarations -Wunused -Wpointer-arith -Wwrite-strings -Wnested-externs -Wno-sign-compare   conftest.c  -lm >&5
configure:17925: $? = 0
configure:17934: result: yes
configure:18033: checking for pkg-config
configure:18066: result: no
configure:18102: checking for CDDB
configure:18161: WARNING: new enough libcddb not found. CDDB access disabled. Get libcddb from http://libcddb.sourceforge.net
configure:18176: checking for connect in -lsocket
configure:18201: gcc -o conftest -g -O2 -Wall -Wchar-subscripts -Wmissing-prototypes -Wmissing-declarations -Wunused -Wpointer-arith -Wwrite-strings -Wnested-externs -Wno-sign-compare   conftest.c -lsocket   -lm >&5
ld: library not found for -lsocket
collect2: ld returned 1 exit status
configure:18201: $? = 1
configure: failed program was:
| /* confdefs.h */
| #define PACKAGE_NAME "libcdio"
| #define PACKAGE_TARNAME "libcdio"
| #define PACKAGE_VERSION "0.83"
| #define PACKAGE_STRING "libcdio 0.83"
| #define PACKAGE_BUGREPORT "libcdio-help@gnu.org"
| #define PACKAGE_URL ""
| #define PACKAGE "libcdio"
| #define VERSION "0.83"
| #define STDC_HEADERS 1
| #define HAVE_SYS_TYPES_H 1
| #define HAVE_SYS_STAT_H 1
| #define HAVE_STDLIB_H 1
| #define HAVE_STRING_H 1
| #define HAVE_MEMORY_H 1
| #define HAVE_STRINGS_H 1
| #define HAVE_INTTYPES_H 1
| #define HAVE_STDINT_H 1
| #define HAVE_UNISTD_H 1
| #define __EXTENSIONS__ 1
| #define _ALL_SOURCE 1
| #define _GNU_SOURCE 1
| #define _POSIX_PTHREAD_SEMANTICS 1
| #define _TANDEM_SOURCE 1
| #define LIBCDIO_CONFIG_H 1
| #define STDC_HEADERS 1
| #define HAVE_ERRNO_H 1
| #define HAVE_FCNTL_H 1
| #define HAVE_GLOB_H 1
| #define HAVE_LIMITS_H 1
| #define HAVE_PWD_H 1
| #define HAVE_STDARG_H 1
| #define HAVE_STDBOOL_H 1
| #define HAVE_STDIO_H 1
| #define HAVE_SYS_PARAM_H 1
| #define HAVE_SYS_TIME_H 1
| #define HAVE_SYS_TIMEB_H 1
| #define HAVE_SYS_UTSNAME_H 1
| #define HAVE_NCURSES_H 1
| #define HAVE_CURSES_H 1
| #define HAVE_UNISTD_H 1
| #define HAVE_GETOPT_H 1
| #define HAVE_ISOC99_PRAGMA /**/
| #define HAVE_S_ISLNK /**/
| #define HAVE_S_ISSOCK /**/
| #define HAVE_STRUCT_TIMESPEC /**/
| #define EMPTY_ARRAY_SIZE 
| #define HAVE_DLFCN_H 1
| #define LT_OBJDIR ".libs/"
| #define HAVE_TIMEZONE_VAR 1
| #define LIBCDIO_SOURCE_PATH "/Users/nfma/Apps/libcdio-0.83"
| #define HAVE_BZERO 1
| #define HAVE_CHDIR 1
| #define HAVE_DRAND48 1
| #define HAVE_FTRUNCATE 1
| #define HAVE_GETEUID 1
| #define HAVE_GETGID 1
| #define HAVE_GETUID 1
| #define HAVE_GETPWUID 1
| #define HAVE_GETTIMEOFDAY 1
| #define HAVE_LSTAT 1
| #define HAVE_MEMCPY 1
| #define HAVE_MEMSET 1
| #define HAVE_RAND 1
| #define HAVE_SETEUID 1
| #define HAVE_SETEGID 1
| #define HAVE_SNPRINTF 1
| #define HAVE_SETENV 1
| #define HAVE_UNSETENV 1
| #define HAVE_TZSET 1
| #define HAVE_SLEEP 1
| #define HAVE_USLEEP 1
| #define HAVE_VSNPRINTF 1
| #define HAVE_READLINK 1
| #define HAVE_REALPATH 1
| #define HAVE_GMTIME_R 1
| #define HAVE_LOCALTIME_R 1
| #define HAVE_TIMEGM 1
| #define HAVE_TM_GMTOFF 1
| #define HAVE_DAYLIGHT 1
| #define HAVE_TZNAME 1
| #define HAVE_ICONV 1
| #define ICONV_CONST 
| #define HAVE_LANGINFO_CODESET 1
| #define HAVE_JOLIET 1
| /* end confdefs.h.  */
| 
| /* Override any GCC internal prototype to avoid an error.
|    Use char because int might match the return type of a GCC
|    builtin and then its argument prototype would still apply.  */
| #ifdef __cplusplus
| extern "C"
| #endif
| char connect ();
| int
| main ()
| {
| return connect ();
|   ;
|   return 0;
| }
configure:18210: result: no
configure:18221: checking for gethostbyname
configure:18221: gcc -o conftest -g -O2 -Wall -Wchar-subscripts -Wmissing-prototypes -Wmissing-declarations -Wunused -Wpointer-arith -Wwrite-strings -Wnested-externs -Wno-sign-compare   conftest.c  -lm >&5
configure:18221: $? = 0
configure:18221: result: yes
configure:18281: checking for mvprintw in -lncurses
configure:18306: gcc -o conftest -g -O2 -Wall -Wchar-subscripts -Wmissing-prototypes -Wmissing-declarations -Wunused -Wpointer-arith -Wwrite-strings -Wnested-externs -Wno-sign-compare   conftest.c -lncurses   -lm >&5
configure:18306: $? = 0
configure:18315: result: yes
configure:18368: checking for keypad in -lncurses
configure:18393: gcc -o conftest -g -O2 -Wall -Wchar-subscripts -Wmissing-prototypes -Wmissing-declarations -Wunused -Wpointer-arith -Wwrite-strings -Wnested-externs -Wno-sign-compare   conftest.c -lncurses   -lm >&5
configure:18393: $? = 0
configure:18403: result: yes
configure:18734: creating ./config.status

## ---------------------- ##
## Running config.status. ##
## ---------------------- ##

This file was extended by libcdio config.status 0.83, which was
generated by GNU Autoconf 2.67.  Invocation command line was

  CONFIG_FILES    = 
  CONFIG_HEADERS  = 
  CONFIG_LINKS    = 
  CONFIG_COMMANDS = 
  $ ./config.status 

on Nunos-MacBook-Pro.local

config.status:1325: creating Makefile
config.status:1325: creating example/C++/Makefile
config.status:1325: creating example/C++/OO/Makefile
config.status:1325: creating example/Makefile
config.status:1325: creating include/Makefile
config.status:1325: creating include/cdio/Makefile
config.status:1325: creating include/cdio++/Makefile
config.status:1325: creating include/cdio/version.h
config.status:1325: creating doc/doxygen/Doxyfile
config.status:1325: creating doc/Makefile
config.status:1325: creating lib/Makefile
config.status:1325: creating lib/cdda_interface/Makefile
config.status:1325: creating lib/cdio++/Makefile
config.status:1325: creating lib/driver/Makefile
config.status:1325: creating lib/iso9660/Makefile
config.status:1325: creating lib/paranoia/Makefile
config.status:1325: creating lib/udf/Makefile
config.status:1325: creating libcdio.pc
config.status:1325: creating libcdio++.pc
config.status:1325: creating libcdio_cdda.pc
config.status:1325: creating libcdio_paranoia.pc
config.status:1325: creating libiso9660.pc
config.status:1325: creating libiso9660++.pc
config.status:1325: creating libudf.pc
config.status:1325: creating package/libcdio.spec
config.status:1325: creating src/cd-paranoia/Makefile
config.status:1325: creating src/cd-paranoia/usage.txt
config.status:1325: creating src/cd-paranoia/doc/Makefile
config.status:1325: creating src/cd-paranoia/doc/en/cd-paranoia.1
config.status:1325: creating src/cd-paranoia/doc/en/Makefile
config.status:1325: creating src/cd-paranoia/doc/ja/cd-paranoia.1
config.status:1325: creating src/cd-paranoia/doc/ja/Makefile
config.status:1325: creating src/Makefile
config.status:1325: creating test/data/Makefile
config.status:1325: creating test/driver/Makefile
config.status:1325: creating test/driver/bincue.c
config.status:1325: creating test/driver/cdrdao.c
config.status:1325: creating test/driver/nrg.c
config.status:1325: creating test/testgetdevices.c
config.status:1325: creating test/testisocd2.c
config.status:1325: creating test/testpregap.c
config.status:1325: creating test/check_common_fn
config.status:1325: creating test/Makefile
config.status:1325: creating test/check_cue.sh
config.status:1325: creating test/check_iso.sh
config.status:1325: creating test/check_nrg.sh
config.status:1325: creating test/check_paranoia.sh
config.status:1325: creating config.h
config.status:1553: executing depfiles commands
config.status:1553: executing libtool commands
config.status:1553: executing checks commands
configure:21283:
Using CD-ROM drivers : cdrdao, BIN/CUE, NRG
Building cd-paranoia : yes
Building cd-info     : yes
Building cd-read     : yes
Building cdda-player : yes
Building iso-info    : yes
Building iso-read    : yes
Building C++ programs: yes

## ---------------- ##
## Cache variables. ##
## ---------------- ##

ac_cv_build=x86_64-apple-darwin11.2.0
ac_cv_c_bigendian=no
ac_cv_c_compiler_gnu=yes
ac_cv_c_const=yes
ac_cv_c_inline=inline
ac_cv_cxx_compiler_gnu=yes
ac_cv_env_CCC_set=
ac_cv_env_CCC_value=
ac_cv_env_CC_set=
ac_cv_env_CC_value=
ac_cv_env_CDDB_CFLAGS_set=
ac_cv_env_CDDB_CFLAGS_value=
ac_cv_env_CDDB_LIBS_set=
ac_cv_env_CDDB_LIBS_value=
ac_cv_env_CFLAGS_set=
ac_cv_env_CFLAGS_value=
ac_cv_env_CPPFLAGS_set=
ac_cv_env_CPPFLAGS_value=
ac_cv_env_CPP_set=
ac_cv_env_CPP_value=
ac_cv_env_CXXCPP_set=
ac_cv_env_CXXCPP_value=
ac_cv_env_CXXFLAGS_set=
ac_cv_env_CXXFLAGS_value=
ac_cv_env_CXX_set=
ac_cv_env_CXX_value=
ac_cv_env_LDFLAGS_set=
ac_cv_env_LDFLAGS_value=
ac_cv_env_LIBS_set=
ac_cv_env_LIBS_value=
ac_cv_env_PKG_CONFIG_set=
ac_cv_env_PKG_CONFIG_value=
ac_cv_env_VCDINFO_CFLAGS_set=
ac_cv_env_VCDINFO_CFLAGS_value=
ac_cv_env_VCDINFO_LIBS_set=
ac_cv_env_VCDINFO_LIBS_value=
ac_cv_env_build_alias_set=
ac_cv_env_build_alias_value=
ac_cv_env_host_alias_set=
ac_cv_env_host_alias_value=
ac_cv_env_target_alias_set=
ac_cv_env_target_alias_value=
ac_cv_func_bzero=yes
ac_cv_func_chdir=yes
ac_cv_func_drand48=yes
ac_cv_func_ftruncate=yes
ac_cv_func_geteuid=yes
ac_cv_func_getgid=yes
ac_cv_func_gethostbyname=yes
ac_cv_func_getpwuid=yes
ac_cv_func_gettimeofday=yes
ac_cv_func_getuid=yes
ac_cv_func_gmtime_r=yes
ac_cv_func_localtime_r=yes
ac_cv_func_lstat=yes
ac_cv_func_memcpy=yes
ac_cv_func_memset=yes
ac_cv_func_rand=yes
ac_cv_func_readlink=yes
ac_cv_func_realpath=yes
ac_cv_func_setegid=yes
ac_cv_func_setenv=yes
ac_cv_func_seteuid=yes
ac_cv_func_sleep=yes
ac_cv_func_snprintf=yes
ac_cv_func_timegm=yes
ac_cv_func_tzset=yes
ac_cv_func_unsetenv=yes
ac_cv_func_usleep=yes
ac_cv_func_vsnprintf=yes
ac_cv_header_curses_h=yes
ac_cv_header_dlfcn_h=yes
ac_cv_header_errno_h=yes
ac_cv_header_fcntl_h=yes
ac_cv_header_getopt_h=yes
ac_cv_header_glob_h=yes
ac_cv_header_inttypes_h=yes
ac_cv_header_limits_h=yes
ac_cv_header_memory_h=yes
ac_cv_header_minix_config_h=no
ac_cv_header_ncurses_h=yes
ac_cv_header_pwd_h=yes
ac_cv_header_stdarg_h=yes
ac_cv_header_stdbool_h=yes
ac_cv_header_stdc=yes
ac_cv_header_stdint_h=yes
ac_cv_header_stdio_h=yes
ac_cv_header_stdlib_h=yes
ac_cv_header_string_h=yes
ac_cv_header_strings_h=yes
ac_cv_header_sys_cdio_h=no
ac_cv_header_sys_param_h=yes
ac_cv_header_sys_stat_h=yes
ac_cv_header_sys_time_h=yes
ac_cv_header_sys_timeb_h=yes
ac_cv_header_sys_types_h=yes
ac_cv_header_sys_utsname_h=yes
ac_cv_header_unistd_h=yes
ac_cv_host=x86_64-apple-darwin11.2.0
ac_cv_lib_m_cos=yes
ac_cv_lib_ncurses___keypad=yes
ac_cv_lib_ncurses_mvprintw=yes
ac_cv_lib_socket_connect=no
ac_cv_member_struct_tm_tm_gmtoff=yes
ac_cv_objext=o
ac_cv_path_CMP=/usr/bin/cmp
ac_cv_path_DIFF=/usr/bin/diff
ac_cv_path_EGREP='/usr/bin/grep -E'
ac_cv_path_FGREP='/usr/bin/grep -F'
ac_cv_path_GREP=/usr/bin/grep
ac_cv_path_OLD_CDPARANOIA=no
ac_cv_path_PERL=/usr/bin/perl
ac_cv_path_SED=/usr/bin/sed
ac_cv_path_install='/usr/bin/install -c'
ac_cv_prog_AWK=awk
ac_cv_prog_CPP='gcc -E'
ac_cv_prog_CXXCPP='g++ -E'
ac_cv_prog_ac_ct_AR=ar
ac_cv_prog_ac_ct_CC=gcc
ac_cv_prog_ac_ct_CXX=g++
ac_cv_prog_ac_ct_DSYMUTIL=dsymutil
ac_cv_prog_ac_ct_LIPO=lipo
ac_cv_prog_ac_ct_NMEDIT=nmedit
ac_cv_prog_ac_ct_OBJDUMP=objdump
ac_cv_prog_ac_ct_OTOOL=otool
ac_cv_prog_ac_ct_RANLIB=ranlib
ac_cv_prog_ac_ct_STRIP=strip
ac_cv_prog_cc_c89=
ac_cv_prog_cc_g=yes
ac_cv_prog_cc_gcc_c_o=yes
ac_cv_prog_cxx_g=yes
ac_cv_prog_make_make_set=yes
ac_cv_safe_to_define___extensions__=yes
ac_cv_sys_file_offset_bits=no
ac_cv_sys_largefile_CC=no
acl_cv_hardcode_direct=no
acl_cv_hardcode_libdir_flag_spec=
acl_cv_hardcode_libdir_separator=
acl_cv_hardcode_minus_L=no
acl_cv_libext=a
acl_cv_libname_spec='lib$name'
acl_cv_library_names_spec='$libname$shrext'
acl_cv_path_LD=/usr/llvm-gcc-4.2/libexec/gcc/i686-apple-darwin11/4.2.1/ld
acl_cv_prog_gnu_ld=no
acl_cv_rpath=done
acl_cv_shlibext=dylib
acl_cv_wl=-Wl,
am_cv_CC_dependencies_compiler_type=gcc3
am_cv_CXX_dependencies_compiler_type=gcc3
am_cv_func_iconv=yes
am_cv_func_iconv_works=yes
am_cv_langinfo_codeset=yes
am_cv_lib_iconv=yes
am_cv_proto_iconv='extern size_t iconv (iconv_t cd, char * *inbuf, size_t *inbytesleft, char * *outbuf, size_t *outbytesleft);'
am_cv_proto_iconv_arg1=
lt_cv_apple_cc_single_mod=yes
lt_cv_deplibs_check_method=pass_all
lt_cv_file_magic_cmd='$MAGIC_CMD'
lt_cv_file_magic_test_file=
lt_cv_ld_exported_symbols_list=yes
lt_cv_ld_reload_flag=-r
lt_cv_nm_interface='BSD nm'
lt_cv_objdir=.libs
lt_cv_path_LD=/usr/llvm-gcc-4.2/libexec/gcc/i686-apple-darwin11/4.2.1/ld
lt_cv_path_LDCXX=/usr/llvm-gcc-4.2/libexec/gcc/i686-apple-darwin11/4.2.1/ld
lt_cv_path_NM=/usr/bin/nm
lt_cv_prog_compiler_c_o=yes
lt_cv_prog_compiler_c_o_CXX=yes
lt_cv_prog_compiler_pic_works=yes
lt_cv_prog_compiler_pic_works_CXX=yes
lt_cv_prog_compiler_rtti_exceptions=no
lt_cv_prog_compiler_static_works=no
lt_cv_prog_compiler_static_works_CXX=no
lt_cv_prog_gnu_ld=no
lt_cv_prog_gnu_ldcxx=no
lt_cv_sys_global_symbol_pipe='sed -n -e '\''s/^.*[	 ]\([BCDEGRST][BCDEGRST]*\)[	 ][	 ]*_\([_A-Za-z][_A-Za-z0-9]*\)$/\1 _\2 \2/p'\'''
lt_cv_sys_global_symbol_to_c_name_address='sed -n -e '\''s/^: \([^ ]*\) $/  {\"\1\", (void *) 0},/p'\'' -e '\''s/^[BCDEGRST]* \([^ ]*\) \([^ ]*\)$/  {"\2", (void *) \&\2},/p'\'''
lt_cv_sys_global_symbol_to_c_name_address_lib_prefix='sed -n -e '\''s/^: \([^ ]*\) $/  {\"\1\", (void *) 0},/p'\'' -e '\''s/^[BCDEGRST]* \([^ ]*\) \(lib[^ ]*\)$/  {"\2", (void *) \&\2},/p'\'' -e '\''s/^[BCDEGRST]* \([^ ]*\) \([^ ]*\)$/  {"lib\2", (void *) \&\2},/p'\'''
lt_cv_sys_global_symbol_to_cdecl='sed -n -e '\''s/^T .* \(.*\)$/extern int \1();/p'\'' -e '\''s/^[BCDEGRST]* .* \(.*\)$/extern char \1;/p'\'''
lt_cv_sys_max_cmd_len=196608

## ----------------- ##
## Output variables. ##
## ----------------- ##

ACLOCAL='${SHELL} /Users/nfma/Apps/libcdio-0.83/missing --run aclocal-1.11'
AMDEPBACKSLASH='\'
AMDEP_FALSE='#'
AMDEP_TRUE=''
AMTAR='${SHELL} /Users/nfma/Apps/libcdio-0.83/missing --run tar'
AR='ar'
AS='as'
AUTOCONF='${SHELL} /Users/nfma/Apps/libcdio-0.83/missing --run autoconf'
AUTOHEADER='${SHELL} /Users/nfma/Apps/libcdio-0.83/missing --run autoheader'
AUTOMAKE='${SHELL} /Users/nfma/Apps/libcdio-0.83/missing --run automake-1.11'
AWK='awk'
BUILD_CDDA_PLAYER_FALSE='#'
BUILD_CDDA_PLAYER_TRUE=''
BUILD_CDINFO_FALSE='#'
BUILD_CDINFO_LINUX_FALSE=''
BUILD_CDINFO_LINUX_TRUE='#'
BUILD_CDINFO_TRUE=''
BUILD_CDIOTEST_FALSE=''
BUILD_CDIOTEST_TRUE='#'
BUILD_CD_DRIVE_FALSE='#'
BUILD_CD_DRIVE_TRUE=''
BUILD_CD_PARANOIA_FALSE='#'
BUILD_CD_PARANOIA_TRUE=''
BUILD_CD_READ_FALSE='#'
BUILD_CD_READ_TRUE=''
BUILD_EXAMPLES_FALSE='#'
BUILD_EXAMPLES_TRUE=''
BUILD_ISO_INFO_FALSE='#'
BUILD_ISO_INFO_TRUE=''
BUILD_ISO_READ_FALSE='#'
BUILD_ISO_READ_TRUE=''
BUILD_VERSIONED_LIBS_FALSE=''
BUILD_VERSIONED_LIBS_TRUE='#'
CC='gcc'
CCDEPMODE='depmode=gcc3'
CDDA_PLAYER_LIBS=' -lncurses'
CDDB_CFLAGS=''
CDDB_LIBS=''
CDPARANOIA_NAME='cd-paranoia'
CFLAGS='-g -O2 -Wall -Wchar-subscripts -Wmissing-prototypes -Wmissing-declarations -Wunused -Wpointer-arith -Wwrite-strings -Wnested-externs -Wno-sign-compare'
CMP='/usr/bin/cmp'
COS_LIB='-lm'
CPP='gcc -E'
CPPFLAGS=''
CXX='g++'
CXXCPP='g++ -E'
CXXDEPMODE='depmode=gcc3'
CXXFLAGS='-g -O2'
CYGPATH_W='echo'
CYGWIN_FALSE=''
CYGWIN_TRUE='#'
DARWIN_PKG_LIB_HACK=''
DEFS='-DHAVE_CONFIG_H'
DEPDIR='.deps'
DIFF='/usr/bin/diff'
DIFF_OPTS=' -w --unified'
DISABLE_CPP_FALSE=''
DISABLE_CPP_TRUE='#'
DLLTOOL='dlltool'
DSYMUTIL='dsymutil'
DUMPBIN=''
ECHO_C='\c'
ECHO_N=''
ECHO_T=''
EGREP='/usr/bin/grep -E'
ENABLE_CPP_FALSE=''
ENABLE_CPP_TRUE='#'
ENABLE_CXX_BINDINGS_FALSE='#'
ENABLE_CXX_BINDINGS_TRUE=''
ENABLE_ROCK_FALSE=''
ENABLE_ROCK_TRUE='#'
EXEEXT=''
FGREP='/usr/bin/grep -F'
GIT2CL='${SHELL} /Users/nfma/Apps/libcdio-0.83/missing --run git2cl'
GREP='/usr/bin/grep'
HAVE_BSDI_CDROM=''
HAVE_DARWIN_CDROM=''
HAVE_FREEBSD_CDROM=''
HAVE_JOLIET='1'
HAVE_LINUX_CDROM=''
HAVE_OS2_CDROM=''
HAVE_PERL_FALSE='#'
HAVE_PERL_TRUE=''
HAVE_ROCK=''
HAVE_SOLARIS_CDROM=''
HAVE_WIN32_CDROM=''
HELP2MAN='${SHELL} /Users/nfma/Apps/libcdio-0.83/missing --run help2man'
INSTALL_DATA='${INSTALL} -m 644'
INSTALL_PROGRAM='${INSTALL}'
INSTALL_SCRIPT='${INSTALL}'
INSTALL_STRIP_PROGRAM='$(install_sh) -c -s'
LD='/usr/llvm-gcc-4.2/libexec/gcc/i686-apple-darwin11/4.2.1/ld'
LDFLAGS=''
LIBCDIOPP_LIBS='$(top_builddir)/lib/cdio++/libcdio++.la'
LIBCDIO_CDDA_LIBS='$(top_builddir)/lib/cdda_interface/libcdio_cdda.la'
LIBCDIO_CFLAGS='-I$(top_srcdir)/lib/driver -I$(top_builddir)/include -I$(top_srcdir)/include/'
LIBCDIO_DEPS='$(top_builddir)/lib/driver/libcdio.la'
LIBCDIO_LIBS='$(top_builddir)/lib/driver/libcdio.la'
LIBCDIO_PARANOIA_LIBS='$(top_builddir)/lib/paranoia/libcdio_paranoia.la'
LIBCDIO_SOURCE_PATH='/Users/nfma/Apps/libcdio-0.83'
LIBCDIO_VERSION_NUM='83'
LIBICONV='-liconv'
LIBISO9660PP_LIBS='$(top_builddir)/lib/cdio++/libiso9660++.la'
LIBISO9660_CFLAGS='-I$(top_srcdir)/lib/iso9660/'
LIBISO9660_LIBS='$(top_builddir)/lib/iso9660/libiso9660.la'
LIBOBJS=''
LIBS=' -lm'
LIBTOOL='$(SHELL) $(top_builddir)/libtool'
LIBUDF_LIBS='$(top_builddir)/lib/udf/libudf.la'
LINUX_CDROM_TIMEOUT=''
LIPO='lipo'
LN_S='ln -s'
LTLIBICONV='-liconv'
LTLIBOBJS=''
LT_NO_UNDEFINED=''
MAINT='#'
MAINTAINER_MODE_FALSE=''
MAINTAINER_MODE_TRUE='#'
MAKEINFO='${SHELL} /Users/nfma/Apps/libcdio-0.83/missing --run makeinfo'
MKDIR_P='./install-sh -c -d'
NM='/usr/bin/nm'
NMEDIT='nmedit'
OBJDUMP='objdump'
OBJEXT='o'
OLD_CDPARANOIA='no'
OTOOL64=':'
OTOOL='otool'
PACKAGE='libcdio'
PACKAGE_BUGREPORT='libcdio-help@gnu.org'
PACKAGE_NAME='libcdio'
PACKAGE_STRING='libcdio 0.83'
PACKAGE_TARNAME='libcdio'
PACKAGE_URL=''
PACKAGE_VERSION='0.83'
PATH_SEPARATOR=':'
PERL='/usr/bin/perl'
PKG_CONFIG=''
RANLIB='ranlib'
SBPCD_H=''
SED='/usr/bin/sed'
SET_MAKE=''
SHELL='/bin/sh'
STRIP='strip'
TYPESIZES=''
UCDROM_H=''
VCDINFO_CFLAGS=''
VCDINFO_LIBS=''
VERSION='0.83'
ac_ct_CC='gcc'
ac_ct_CXX='g++'
ac_ct_DUMPBIN=''
am__EXEEXT_FALSE=''
am__EXEEXT_TRUE='#'
am__fastdepCC_FALSE='#'
am__fastdepCC_TRUE=''
am__fastdepCXX_FALSE='#'
am__fastdepCXX_TRUE=''
am__include='include'
am__isrc=''
am__leading_dot='.'
am__quote=''
am__tar='${AMTAR} chof - "$$tardir"'
am__untar='${AMTAR} xf -'
bindir='${exec_prefix}/bin'
build='x86_64-apple-darwin11.2.0'
build_alias=''
build_cpu='x86_64'
build_os='darwin11.2.0'
build_vendor='apple'
datadir='${datarootdir}'
datarootdir='${prefix}/share'
docdir='${datarootdir}/doc/${PACKAGE_TARNAME}'
dvidir='${docdir}'
exec_prefix='${prefix}'
host='x86_64-apple-darwin11.2.0'
host_alias=''
host_cpu='x86_64'
host_os='darwin11.2.0'
host_vendor='apple'
htmldir='${docdir}'
includedir='${prefix}/include'
infodir='${datarootdir}/info'
install_sh='${SHELL} /Users/nfma/Apps/libcdio-0.83/install-sh'
libdir='${exec_prefix}/lib'
libexecdir='${exec_prefix}/libexec'
localedir='${datarootdir}/locale'
localstatedir='${prefix}/var'
lt_ECHO='/bin/echo'
mandir='${datarootdir}/man'
mkdir_p='$(top_builddir)/./install-sh -c -d'
oldincludedir='/usr/include'
pdfdir='${docdir}'
prefix='/usr/local'
program_transform_name='s,x,x,'
psdir='${docdir}'
sbindir='${exec_prefix}/sbin'
sharedstatedir='${prefix}/com'
sysconfdir='${prefix}/etc'
target_alias=''

## ----------- ##
## confdefs.h. ##
## ----------- ##

/* confdefs.h */
#define PACKAGE_NAME "libcdio"
#define PACKAGE_TARNAME "libcdio"
#define PACKAGE_VERSION "0.83"
#define PACKAGE_STRING "libcdio 0.83"
#define PACKAGE_BUGREPORT "libcdio-help@gnu.org"
#define PACKAGE_URL ""
#define PACKAGE "libcdio"
#define VERSION "0.83"
#define STDC_HEADERS 1
#define HAVE_SYS_TYPES_H 1
#define HAVE_SYS_STAT_H 1
#define HAVE_STDLIB_H 1
#define HAVE_STRING_H 1
#define HAVE_MEMORY_H 1
#define HAVE_STRINGS_H 1
#define HAVE_INTTYPES_H 1
#define HAVE_STDINT_H 1
#define HAVE_UNISTD_H 1
#define __EXTENSIONS__ 1
#define _ALL_SOURCE 1
#define _GNU_SOURCE 1
#define _POSIX_PTHREAD_SEMANTICS 1
#define _TANDEM_SOURCE 1
#define LIBCDIO_CONFIG_H 1
#define STDC_HEADERS 1
#define HAVE_ERRNO_H 1
#define HAVE_FCNTL_H 1
#define HAVE_GLOB_H 1
#define HAVE_LIMITS_H 1
#define HAVE_PWD_H 1
#define HAVE_STDARG_H 1
#define HAVE_STDBOOL_H 1
#define HAVE_STDIO_H 1
#define HAVE_SYS_PARAM_H 1
#define HAVE_SYS_TIME_H 1
#define HAVE_SYS_TIMEB_H 1
#define HAVE_SYS_UTSNAME_H 1
#define HAVE_NCURSES_H 1
#define HAVE_CURSES_H 1
#define HAVE_UNISTD_H 1
#define HAVE_GETOPT_H 1
#define HAVE_ISOC99_PRAGMA /**/
#define HAVE_S_ISLNK /**/
#define HAVE_S_ISSOCK /**/
#define HAVE_STRUCT_TIMESPEC /**/
#define EMPTY_ARRAY_SIZE 
#define HAVE_DLFCN_H 1
#define LT_OBJDIR ".libs/"
#define HAVE_TIMEZONE_VAR 1
#define LIBCDIO_SOURCE_PATH "/Users/nfma/Apps/libcdio-0.83"
#define HAVE_BZERO 1
#define HAVE_CHDIR 1
#define HAVE_DRAND48 1
#define HAVE_FTRUNCATE 1
#define HAVE_GETEUID 1
#define HAVE_GETGID 1
#define HAVE_GETUID 1
#define HAVE_GETPWUID 1
#define HAVE_GETTIMEOFDAY 1
#define HAVE_LSTAT 1
#define HAVE_MEMCPY 1
#define HAVE_MEMSET 1
#define HAVE_RAND 1
#define HAVE_SETEUID 1
#define HAVE_SETEGID 1
#define HAVE_SNPRINTF 1
#define HAVE_SETENV 1
#define HAVE_UNSETENV 1
#define HAVE_TZSET 1
#define HAVE_SLEEP 1
#define HAVE_USLEEP 1
#define HAVE_VSNPRINTF 1
#define HAVE_READLINK 1
#define HAVE_REALPATH 1
#define HAVE_GMTIME_R 1
#define HAVE_LOCALTIME_R 1
#define HAVE_TIMEGM 1
#define HAVE_TM_GMTOFF 1
#define HAVE_DAYLIGHT 1
#define HAVE_TZNAME 1
#define HAVE_ICONV 1
#define ICONV_CONST 
#define HAVE_LANGINFO_CODESET 1
#define HAVE_JOLIET 1
#define HAVE_KEYPAD /**/

configure: exit 0
