This file contains any messages produced by compilers while
running configure, to aid debugging if configure makes a mistake.

It was created by configure, which was
generated by GNU Autoconf 2.66.  Invocation command line was

  $ ./configure --disable-option-checking --prefix=/usr/local CPP=/usr/bin/cpp --cache-file=/dev/null --srcdir=.

## --------- ##
## Platform. ##
## --------- ##

hostname = nuno.intern.nullstars.com
uname -m = x86_64
uname -r = 11.2.0
uname -s = Darwin
uname -v = Darwin Kernel Version 11.2.0: Tue Aug  9 20:54:00 PDT 2011; root:xnu-1699.24.8~1/RELEASE_X86_64

/usr/bin/uname -p = i386
/bin/uname -X     = unknown

/bin/arch              = unknown
/usr/bin/arch -k       = unknown
/usr/convex/getsysinfo = unknown
/usr/bin/hostinfo      = Mach kernel version:
	 Darwin Kernel Version 11.2.0: Tue Aug  9 20:54:00 PDT 2011; root:xnu-1699.24.8~1/RELEASE_X86_64
Kernel configured for up to 2 processors.
2 processors are physically available.
2 processors are logically available.
Processor type: i486 (Intel 80486)
Processors active: 0 1
Primary memory available: 8.00 gigabytes
Default processor set: 109 tasks, 592 threads, 2 processors
Load average: 3.17, Mach factor: 0.29
/bin/machine           = unknown
/usr/bin/oslevel       = unknown
/bin/universe          = unknown

PATH: /Users/nfma/.rvm/gems/ruby-1.9.3-p0/bin
PATH: /Users/nfma/.rvm/gems/ruby-1.9.3-p0@global/bin
PATH: /Users/nfma/.rvm/rubies/ruby-1.9.3-p0/bin
PATH: /Users/nfma/.rvm/bin
PATH: /usr/bin
PATH: /bin
PATH: /usr/sbin
PATH: /sbin
PATH: /usr/local/bin
PATH: /usr/X11/bin
PATH: /usr/local/sw/bin
PATH: /home/nfma/Apps/apache-maven-3.0.3/bin


## ----------- ##
## Core tests. ##
## ----------- ##

configure:2174: checking build system type
configure:2188: result: x86_64-apple-darwin11.2.0
configure:2208: checking host system type
configure:2221: result: x86_64-apple-darwin11.2.0
configure:2312: checking for gcc
configure:2328: found /usr/bin/gcc
configure:2339: result: gcc
configure:2568: checking for C compiler version
configure:2577: gcc --version >&5
i686-apple-darwin11-llvm-gcc-4.2 (GCC) 4.2.1 (Based on Apple Inc. build 5658) (LLVM build 2336.1.00)
Copyright (C) 2007 Free Software Foundation, Inc.
This is free software; see the source for copying conditions.  There is NO
warranty; not even for MERCHANTABILITY or FITNESS FOR A PARTICULAR PURPOSE.

configure:2588: $? = 0
configure:2577: gcc -v >&5
Using built-in specs.
Target: i686-apple-darwin11
Configured with: /private/var/tmp/llvmgcc42/llvmgcc42-2336.1~22/src/configure --disable-checking --enable-werror --prefix=/Developer/usr/llvm-gcc-4.2 --mandir=/share/man --enable-languages=c,objc,c++,obj-c++ --program-prefix=llvm- --program-transform-name=/^[cg][^.-]*$/s/$/-4.2/ --with-slibdir=/usr/lib --build=i686-apple-darwin11 --enable-llvm=/private/var/tmp/llvmgcc42/llvmgcc42-2336.1~22/dst-llvmCore/Developer/usr/local --program-prefix=i686-apple-darwin11- --host=x86_64-apple-darwin11 --target=i686-apple-darwin11 --with-gxx-include-dir=/usr/include/c++/4.2.1
Thread model: posix
gcc version 4.2.1 (Based on Apple Inc. build 5658) (LLVM build 2336.1.00)
configure:2588: $? = 0
configure:2577: gcc -V >&5
llvm-gcc-4.2: argument to `-V' is missing
configure:2588: $? = 1
configure:2577: gcc -qversion >&5
i686-apple-darwin11-llvm-gcc-4.2: no input files
configure:2588: $? = 1
configure:2608: checking whether the C compiler works
configure:2630: gcc    conftest.c  >&5
configure:2634: $? = 0
configure:2682: result: yes
configure:2685: checking for C compiler default output file name
configure:2687: result: a.out
configure:2693: checking for suffix of executables
configure:2700: gcc -o conftest    conftest.c  >&5
configure:2704: $? = 0
configure:2726: result: 
configure:2748: checking whether we are cross compiling
configure:2756: gcc -o conftest    conftest.c  >&5
configure:2760: $? = 0
configure:2767: ./conftest
configure:2771: $? = 0
configure:2786: result: no
configure:2791: checking for suffix of object files
configure:2813: gcc -c   conftest.c >&5
configure:2817: $? = 0
configure:2838: result: o
configure:2842: checking whether we are using the GNU C compiler
configure:2861: gcc -c   conftest.c >&5
configure:2861: $? = 0
configure:2870: result: yes
configure:2879: checking whether gcc accepts -g
configure:2899: gcc -c -g  conftest.c >&5
configure:2899: $? = 0
configure:2940: result: yes
configure:2957: checking for gcc option to accept ISO C89
configure:3021: gcc  -c -g -O2  conftest.c >&5
configure:3021: $? = 0
configure:3034: result: none needed
configure:3071: checking for a BSD-compatible install
configure:3139: result: /usr/bin/install -c
configure:3197: checking for strip
configure:3215: found /usr/bin/strip
configure:3227: result: /usr/bin/strip
configure:3257: checking how to run the C preprocessor
configure:3327: result: /usr/bin/cpp
configure:3347: /usr/bin/cpp  conftest.c
configure:3347: $? = 0
configure:3361: /usr/bin/cpp  conftest.c
conftest.c:9: error: ac_nonexistent.h: No such file or directory
configure:3361: $? = 1
configure: failed program was:
| /* confdefs.h */
| #define PACKAGE_NAME ""
| #define PACKAGE_TARNAME ""
| #define PACKAGE_VERSION ""
| #define PACKAGE_STRING ""
| #define PACKAGE_BUGREPORT ""
| #define PACKAGE_URL ""
| /* end confdefs.h.  */
| #include <ac_nonexistent.h>
configure:3390: checking for grep that handles long lines and -e
configure:3448: result: /usr/bin/grep
configure:3453: checking for egrep
configure:3515: result: /usr/bin/grep -E
configure:3520: checking for ANSI C header files
configure:3540: gcc -c -g -O2 -Wall  conftest.c >&5
configure:3540: $? = 0
configure:3613: gcc -o conftest -g -O2 -Wall   conftest.c  >&5
configure:3613: $? = 0
configure:3613: ./conftest
configure:3613: $? = 0
configure:3624: result: yes
configure:3632: checking for sys/wait.h that is POSIX.1 compatible
configure:3658: gcc -c -g -O2 -Wall  conftest.c >&5
configure:3658: $? = 0
configure:3665: result: yes
configure:3678: checking for sys/types.h
configure:3678: gcc -c -g -O2 -Wall  conftest.c >&5
configure:3678: $? = 0
configure:3678: result: yes
configure:3678: checking for sys/stat.h
configure:3678: gcc -c -g -O2 -Wall  conftest.c >&5
configure:3678: $? = 0
configure:3678: result: yes
configure:3678: checking for stdlib.h
configure:3678: gcc -c -g -O2 -Wall  conftest.c >&5
configure:3678: $? = 0
configure:3678: result: yes
configure:3678: checking for string.h
configure:3678: gcc -c -g -O2 -Wall  conftest.c >&5
configure:3678: $? = 0
configure:3678: result: yes
configure:3678: checking for memory.h
configure:3678: gcc -c -g -O2 -Wall  conftest.c >&5
configure:3678: $? = 0
configure:3678: result: yes
configure:3678: checking for strings.h
configure:3678: gcc -c -g -O2 -Wall  conftest.c >&5
configure:3678: $? = 0
configure:3678: result: yes
configure:3678: checking for inttypes.h
configure:3678: gcc -c -g -O2 -Wall  conftest.c >&5
configure:3678: $? = 0
configure:3678: result: yes
configure:3678: checking for stdint.h
configure:3678: gcc -c -g -O2 -Wall  conftest.c >&5
configure:3678: $? = 0
configure:3678: result: yes
configure:3678: checking for unistd.h
configure:3678: gcc -c -g -O2 -Wall  conftest.c >&5
configure:3678: $? = 0
configure:3678: result: yes
configure:3693: checking fcntl.h usability
configure:3693: gcc -c -g -O2 -Wall  conftest.c >&5
configure:3693: $? = 0
configure:3693: result: yes
configure:3693: checking fcntl.h presence
configure:3693: /usr/bin/cpp  conftest.c
configure:3693: $? = 0
configure:3693: result: yes
configure:3693: checking for fcntl.h
configure:3693: result: yes
configure:3693: checking limits.h usability
configure:3693: gcc -c -g -O2 -Wall  conftest.c >&5
configure:3693: $? = 0
configure:3693: result: yes
configure:3693: checking limits.h presence
configure:3693: /usr/bin/cpp  conftest.c
configure:3693: $? = 0
configure:3693: result: yes
configure:3693: checking for limits.h
configure:3693: result: yes
configure:3693: checking netdb.h usability
configure:3693: gcc -c -g -O2 -Wall  conftest.c >&5
configure:3693: $? = 0
configure:3693: result: yes
configure:3693: checking netdb.h presence
configure:3693: /usr/bin/cpp  conftest.c
configure:3693: $? = 0
configure:3693: result: yes
configure:3693: checking for netdb.h
configure:3693: result: yes
configure:3693: checking netinet/in.h usability
configure:3693: gcc -c -g -O2 -Wall  conftest.c >&5
configure:3693: $? = 0
configure:3693: result: yes
configure:3693: checking netinet/in.h presence
configure:3693: /usr/bin/cpp  conftest.c
configure:3693: $? = 0
configure:3693: result: yes
configure:3693: checking for netinet/in.h
configure:3693: result: yes
configure:3693: checking for stdlib.h
configure:3693: result: yes
configure:3693: checking for string.h
configure:3693: result: yes
configure:3693: checking for strings.h
configure:3693: result: yes
configure:3693: checking sys/param.h usability
configure:3693: gcc -c -g -O2 -Wall  conftest.c >&5
configure:3693: $? = 0
configure:3693: result: yes
configure:3693: checking sys/param.h presence
configure:3693: /usr/bin/cpp  conftest.c
configure:3693: $? = 0
configure:3693: result: yes
configure:3693: checking for sys/param.h
configure:3693: result: yes
configure:3693: checking sys/socket.h usability
configure:3693: gcc -c -g -O2 -Wall  conftest.c >&5
configure:3693: $? = 0
configure:3693: result: yes
configure:3693: checking sys/socket.h presence
configure:3693: /usr/bin/cpp  conftest.c
configure:3693: $? = 0
configure:3693: result: yes
configure:3693: checking for sys/socket.h
configure:3693: result: yes
configure:3693: checking sys/time.h usability
configure:3693: gcc -c -g -O2 -Wall  conftest.c >&5
configure:3693: $? = 0
configure:3693: result: yes
configure:3693: checking sys/time.h presence
configure:3693: /usr/bin/cpp  conftest.c
configure:3693: $? = 0
configure:3693: result: yes
configure:3693: checking for sys/time.h
configure:3693: result: yes
configure:3693: checking sys/timeb.h usability
configure:3693: gcc -c -g -O2 -Wall  conftest.c >&5
configure:3693: $? = 0
configure:3693: result: yes
configure:3693: checking sys/timeb.h presence
configure:3693: /usr/bin/cpp  conftest.c
configure:3693: $? = 0
configure:3693: result: yes
configure:3693: checking for sys/timeb.h
configure:3693: result: yes
configure:3693: checking for unistd.h
configure:3693: result: yes
configure:3705: checking whether stat file-mode macros are broken
configure:3732: gcc -c -g -O2 -Wall  conftest.c >&5
configure:3732: $? = 0
configure:3739: result: no
configure:3747: checking for an ANSI C-conforming const
configure:3812: gcc -c -g -O2 -Wall  conftest.c >&5
configure:3812: $? = 0
configure:3819: result: yes
configure:3827: checking whether time.h and sys/time.h may both be included
configure:3847: gcc -c -g -O2 -Wall  conftest.c >&5
configure:3847: $? = 0
configure:3854: result: yes
configure:3864: checking for pid_t
configure:3864: gcc -c -g -O2 -Wall  conftest.c >&5
configure:3864: $? = 0
configure:3864: gcc -c -g -O2 -Wall  conftest.c >&5
conftest.c: In function 'main':
conftest.c:69: error: expected expression before ')' token
configure:3864: $? = 1
configure: failed program was:
| /* confdefs.h */
| #define PACKAGE_NAME ""
| #define PACKAGE_TARNAME ""
| #define PACKAGE_VERSION ""
| #define PACKAGE_STRING ""
| #define PACKAGE_BUGREPORT ""
| #define PACKAGE_URL ""
| #define STDC_HEADERS 1
| #define HAVE_SYS_WAIT_H 1
| #define HAVE_SYS_TYPES_H 1
| #define HAVE_SYS_STAT_H 1
| #define HAVE_STDLIB_H 1
| #define HAVE_STRING_H 1
| #define HAVE_MEMORY_H 1
| #define HAVE_STRINGS_H 1
| #define HAVE_INTTYPES_H 1
| #define HAVE_STDINT_H 1
| #define HAVE_UNISTD_H 1
| #define HAVE_FCNTL_H 1
| #define HAVE_LIMITS_H 1
| #define HAVE_NETDB_H 1
| #define HAVE_NETINET_IN_H 1
| #define HAVE_STDLIB_H 1
| #define HAVE_STRING_H 1
| #define HAVE_STRINGS_H 1
| #define HAVE_SYS_PARAM_H 1
| #define HAVE_SYS_SOCKET_H 1
| #define HAVE_SYS_TIME_H 1
| #define HAVE_SYS_TIMEB_H 1
| #define HAVE_UNISTD_H 1
| #define TIME_WITH_SYS_TIME 1
| /* end confdefs.h.  */
| #include <stdio.h>
| #ifdef HAVE_SYS_TYPES_H
| # include <sys/types.h>
| #endif
| #ifdef HAVE_SYS_STAT_H
| # include <sys/stat.h>
| #endif
| #ifdef STDC_HEADERS
| # include <stdlib.h>
| # include <stddef.h>
| #else
| # ifdef HAVE_STDLIB_H
| #  include <stdlib.h>
| # endif
| #endif
| #ifdef HAVE_STRING_H
| # if !defined STDC_HEADERS && defined HAVE_MEMORY_H
| #  include <memory.h>
| # endif
| # include <string.h>
| #endif
| #ifdef HAVE_STRINGS_H
| # include <strings.h>
| #endif
| #ifdef HAVE_INTTYPES_H
| # include <inttypes.h>
| #endif
| #ifdef HAVE_STDINT_H
| # include <stdint.h>
| #endif
| #ifdef HAVE_UNISTD_H
| # include <unistd.h>
| #endif
| int
| main ()
| {
| if (sizeof ((pid_t)))
| 	    return 0;
|   ;
|   return 0;
| }
configure:3864: result: yes
configure:3877: checking vfork.h usability
configure:3877: gcc -c -g -O2 -Wall  conftest.c >&5
conftest.c:66:19: error: vfork.h: No such file or directory
configure:3877: $? = 1
configure: failed program was:
| /* confdefs.h */
| #define PACKAGE_NAME ""
| #define PACKAGE_TARNAME ""
| #define PACKAGE_VERSION ""
| #define PACKAGE_STRING ""
| #define PACKAGE_BUGREPORT ""
| #define PACKAGE_URL ""
| #define STDC_HEADERS 1
| #define HAVE_SYS_WAIT_H 1
| #define HAVE_SYS_TYPES_H 1
| #define HAVE_SYS_STAT_H 1
| #define HAVE_STDLIB_H 1
| #define HAVE_STRING_H 1
| #define HAVE_MEMORY_H 1
| #define HAVE_STRINGS_H 1
| #define HAVE_INTTYPES_H 1
| #define HAVE_STDINT_H 1
| #define HAVE_UNISTD_H 1
| #define HAVE_FCNTL_H 1
| #define HAVE_LIMITS_H 1
| #define HAVE_NETDB_H 1
| #define HAVE_NETINET_IN_H 1
| #define HAVE_STDLIB_H 1
| #define HAVE_STRING_H 1
| #define HAVE_STRINGS_H 1
| #define HAVE_SYS_PARAM_H 1
| #define HAVE_SYS_SOCKET_H 1
| #define HAVE_SYS_TIME_H 1
| #define HAVE_SYS_TIMEB_H 1
| #define HAVE_UNISTD_H 1
| #define TIME_WITH_SYS_TIME 1
| /* end confdefs.h.  */
| #include <stdio.h>
| #ifdef HAVE_SYS_TYPES_H
| # include <sys/types.h>
| #endif
| #ifdef HAVE_SYS_STAT_H
| # include <sys/stat.h>
| #endif
| #ifdef STDC_HEADERS
| # include <stdlib.h>
| # include <stddef.h>
| #else
| # ifdef HAVE_STDLIB_H
| #  include <stdlib.h>
| # endif
| #endif
| #ifdef HAVE_STRING_H
| # if !defined STDC_HEADERS && defined HAVE_MEMORY_H
| #  include <memory.h>
| # endif
| # include <string.h>
| #endif
| #ifdef HAVE_STRINGS_H
| # include <strings.h>
| #endif
| #ifdef HAVE_INTTYPES_H
| # include <inttypes.h>
| #endif
| #ifdef HAVE_STDINT_H
| # include <stdint.h>
| #endif
| #ifdef HAVE_UNISTD_H
| # include <unistd.h>
| #endif
| #include <vfork.h>
configure:3877: result: no
configure:3877: checking vfork.h presence
configure:3877: /usr/bin/cpp  conftest.c
conftest.c:33: error: vfork.h: No such file or directory
configure:3877: $? = 1
configure: failed program was:
| /* confdefs.h */
| #define PACKAGE_NAME ""
| #define PACKAGE_TARNAME ""
| #define PACKAGE_VERSION ""
| #define PACKAGE_STRING ""
| #define PACKAGE_BUGREPORT ""
| #define PACKAGE_URL ""
| #define STDC_HEADERS 1
| #define HAVE_SYS_WAIT_H 1
| #define HAVE_SYS_TYPES_H 1
| #define HAVE_SYS_STAT_H 1
| #define HAVE_STDLIB_H 1
| #define HAVE_STRING_H 1
| #define HAVE_MEMORY_H 1
| #define HAVE_STRINGS_H 1
| #define HAVE_INTTYPES_H 1
| #define HAVE_STDINT_H 1
| #define HAVE_UNISTD_H 1
| #define HAVE_FCNTL_H 1
| #define HAVE_LIMITS_H 1
| #define HAVE_NETDB_H 1
| #define HAVE_NETINET_IN_H 1
| #define HAVE_STDLIB_H 1
| #define HAVE_STRING_H 1
| #define HAVE_STRINGS_H 1
| #define HAVE_SYS_PARAM_H 1
| #define HAVE_SYS_SOCKET_H 1
| #define HAVE_SYS_TIME_H 1
| #define HAVE_SYS_TIMEB_H 1
| #define HAVE_UNISTD_H 1
| #define TIME_WITH_SYS_TIME 1
| /* end confdefs.h.  */
| #include <vfork.h>
configure:3877: result: no
configure:3877: checking for vfork.h
configure:3877: result: no
configure:3890: checking for fork
configure:3890: gcc -o conftest -g -O2 -Wall   conftest.c  >&5
conftest.c:56: warning: conflicting types for built-in function 'fork'
configure:3890: $? = 0
configure:3890: result: yes
configure:3890: checking for vfork
configure:3890: gcc -o conftest -g -O2 -Wall   conftest.c  >&5
configure:3890: $? = 0
configure:3890: result: yes
configure:3900: checking for working fork
configure:3922: gcc -o conftest -g -O2 -Wall   conftest.c  >&5
configure:3922: $? = 0
configure:3922: ./conftest
configure:3922: $? = 0
configure:3932: result: yes
configure:3953: checking for working vfork
configure:4063: result: yes
configure:4090: checking for stdlib.h
configure:4090: result: yes
configure:4100: checking for GNU libc compatible malloc
configure:4124: gcc -o conftest -g -O2 -Wall   conftest.c  >&5
configure:4124: $? = 0
configure:4124: ./conftest
configure:4124: $? = 0
configure:4134: result: yes
configure:4157: checking for stdlib.h
configure:4157: result: yes
configure:4167: checking for GNU libc compatible realloc
configure:4191: gcc -o conftest -g -O2 -Wall   conftest.c  >&5
configure:4191: $? = 0
configure:4191: ./conftest
configure:4191: $? = 0
configure:4201: result: yes
configure:4225: checking sys/select.h usability
configure:4225: gcc -c -g -O2 -Wall  conftest.c >&5
configure:4225: $? = 0
configure:4225: result: yes
configure:4225: checking sys/select.h presence
configure:4225: /usr/bin/cpp  conftest.c
configure:4225: $? = 0
configure:4225: result: yes
configure:4225: checking for sys/select.h
configure:4225: result: yes
configure:4225: checking for sys/socket.h
configure:4225: result: yes
configure:4235: checking types of arguments for select
configure:4263: gcc -c -g -O2 -Wall  conftest.c >&5
configure:4263: $? = 0
configure:4274: result: int,fd_set *,struct timeval *
configure:4297: checking return type of signal handlers
configure:4315: gcc -c -g -O2 -Wall  conftest.c >&5
conftest.c: In function 'main':
conftest.c:52: error: void value not ignored as it ought to be
configure:4315: $? = 1
configure: failed program was:
| /* confdefs.h */
| #define PACKAGE_NAME ""
| #define PACKAGE_TARNAME ""
| #define PACKAGE_VERSION ""
| #define PACKAGE_STRING ""
| #define PACKAGE_BUGREPORT ""
| #define PACKAGE_URL ""
| #define STDC_HEADERS 1
| #define HAVE_SYS_WAIT_H 1
| #define HAVE_SYS_TYPES_H 1
| #define HAVE_SYS_STAT_H 1
| #define HAVE_STDLIB_H 1
| #define HAVE_STRING_H 1
| #define HAVE_MEMORY_H 1
| #define HAVE_STRINGS_H 1
| #define HAVE_INTTYPES_H 1
| #define HAVE_STDINT_H 1
| #define HAVE_UNISTD_H 1
| #define HAVE_FCNTL_H 1
| #define HAVE_LIMITS_H 1
| #define HAVE_NETDB_H 1
| #define HAVE_NETINET_IN_H 1
| #define HAVE_STDLIB_H 1
| #define HAVE_STRING_H 1
| #define HAVE_STRINGS_H 1
| #define HAVE_SYS_PARAM_H 1
| #define HAVE_SYS_SOCKET_H 1
| #define HAVE_SYS_TIME_H 1
| #define HAVE_SYS_TIMEB_H 1
| #define HAVE_UNISTD_H 1
| #define TIME_WITH_SYS_TIME 1
| #define HAVE_FORK 1
| #define HAVE_VFORK 1
| #define HAVE_WORKING_VFORK 1
| #define HAVE_WORKING_FORK 1
| #define HAVE_STDLIB_H 1
| #define HAVE_MALLOC 1
| #define HAVE_STDLIB_H 1
| #define HAVE_REALLOC 1
| #define HAVE_SYS_SELECT_H 1
| #define HAVE_SYS_SOCKET_H 1
| #define SELECT_TYPE_ARG1 int
| #define SELECT_TYPE_ARG234 (fd_set *)
| #define SELECT_TYPE_ARG5 (struct timeval *)
| /* end confdefs.h.  */
| #include <sys/types.h>
| #include <signal.h>
| 
| int
| main ()
| {
| return *(signal (0, 0)) (0) == 1;
|   ;
|   return 0;
| }
configure:4322: result: void
configure:4332: checking for vprintf
configure:4332: gcc -o conftest -g -O2 -Wall   conftest.c  >&5
conftest.c:70: warning: conflicting types for built-in function 'vprintf'
configure:4332: $? = 0
configure:4332: result: yes
configure:4338: checking for _doprnt
configure:4338: gcc -o conftest -g -O2 -Wall   conftest.c  >&5
Undefined symbols for architecture x86_64:
  "__doprnt", referenced from:
      _main in ccWyIPHV.o
ld: symbol(s) not found for architecture x86_64
collect2: ld returned 1 exit status
configure:4338: $? = 1
configure: failed program was:
| /* confdefs.h */
| #define PACKAGE_NAME ""
| #define PACKAGE_TARNAME ""
| #define PACKAGE_VERSION ""
| #define PACKAGE_STRING ""
| #define PACKAGE_BUGREPORT ""
| #define PACKAGE_URL ""
| #define STDC_HEADERS 1
| #define HAVE_SYS_WAIT_H 1
| #define HAVE_SYS_TYPES_H 1
| #define HAVE_SYS_STAT_H 1
| #define HAVE_STDLIB_H 1
| #define HAVE_STRING_H 1
| #define HAVE_MEMORY_H 1
| #define HAVE_STRINGS_H 1
| #define HAVE_INTTYPES_H 1
| #define HAVE_STDINT_H 1
| #define HAVE_UNISTD_H 1
| #define HAVE_FCNTL_H 1
| #define HAVE_LIMITS_H 1
| #define HAVE_NETDB_H 1
| #define HAVE_NETINET_IN_H 1
| #define HAVE_STDLIB_H 1
| #define HAVE_STRING_H 1
| #define HAVE_STRINGS_H 1
| #define HAVE_SYS_PARAM_H 1
| #define HAVE_SYS_SOCKET_H 1
| #define HAVE_SYS_TIME_H 1
| #define HAVE_SYS_TIMEB_H 1
| #define HAVE_UNISTD_H 1
| #define TIME_WITH_SYS_TIME 1
| #define HAVE_FORK 1
| #define HAVE_VFORK 1
| #define HAVE_WORKING_VFORK 1
| #define HAVE_WORKING_FORK 1
| #define HAVE_STDLIB_H 1
| #define HAVE_MALLOC 1
| #define HAVE_STDLIB_H 1
| #define HAVE_REALLOC 1
| #define HAVE_SYS_SELECT_H 1
| #define HAVE_SYS_SOCKET_H 1
| #define SELECT_TYPE_ARG1 int
| #define SELECT_TYPE_ARG234 (fd_set *)
| #define SELECT_TYPE_ARG5 (struct timeval *)
| #define RETSIGTYPE void
| #define HAVE_VPRINTF 1
| /* end confdefs.h.  */
| /* Define _doprnt to an innocuous variant, in case <limits.h> declares _doprnt.
|    For example, HP-UX 11i <limits.h> declares gettimeofday.  */
| #define _doprnt innocuous__doprnt
| 
| /* System header to define __stub macros and hopefully few prototypes,
|     which can conflict with char _doprnt (); below.
|     Prefer <limits.h> to <assert.h> if __STDC__ is defined, since
|     <limits.h> exists even on freestanding compilers.  */
| 
| #ifdef __STDC__
| # include <limits.h>
| #else
| # include <assert.h>
| #endif
| 
| #undef _doprnt
| 
| /* Override any GCC internal prototype to avoid an error.
|    Use char because int might match the return type of a GCC
|    builtin and then its argument prototype would still apply.  */
| #ifdef __cplusplus
| extern "C"
| #endif
| char _doprnt ();
| /* The GNU C library defines this for functions which it implements
|     to always fail with ENOSYS.  Some functions are actually named
|     something starting with __ and the normal name is an alias.  */
| #if defined __stub__doprnt || defined __stub____doprnt
| choke me
| #endif
| 
| int
| main ()
| {
| return _doprnt ();
|   ;
|   return 0;
| }
configure:4338: result: no
configure:4352: checking for dup2
configure:4352: gcc -o conftest -g -O2 -Wall   conftest.c  >&5
configure:4352: $? = 0
configure:4352: result: yes
configure:4352: checking for gettimeofday
configure:4352: gcc -o conftest -g -O2 -Wall   conftest.c  >&5
configure:4352: $? = 0
configure:4352: result: yes
configure:4352: checking for inet_ntoa
configure:4352: gcc -o conftest -g -O2 -Wall   conftest.c  >&5
configure:4352: $? = 0
configure:4352: result: yes
configure:4352: checking for memset
configure:4352: gcc -o conftest -g -O2 -Wall   conftest.c  >&5
conftest.c:74: warning: conflicting types for built-in function 'memset'
configure:4352: $? = 0
configure:4352: result: yes
configure:4352: checking for select
configure:4352: gcc -o conftest -g -O2 -Wall   conftest.c  >&5
configure:4352: $? = 0
configure:4352: result: yes
configure:4352: checking for socket
configure:4352: gcc -o conftest -g -O2 -Wall   conftest.c  >&5
configure:4352: $? = 0
configure:4352: result: yes
configure:4352: checking for strcasecmp
configure:4352: gcc -o conftest -g -O2 -Wall   conftest.c  >&5
conftest.c:77: warning: conflicting types for built-in function 'strcasecmp'
configure:4352: $? = 0
configure:4352: result: yes
configure:4352: checking for strchr
configure:4352: gcc -o conftest -g -O2 -Wall   conftest.c  >&5
conftest.c:78: warning: conflicting types for built-in function 'strchr'
configure:4352: $? = 0
configure:4352: result: yes
configure:4352: checking for strdup
configure:4352: gcc -o conftest -g -O2 -Wall   conftest.c  >&5
conftest.c:79: warning: conflicting types for built-in function 'strdup'
configure:4352: $? = 0
configure:4352: result: yes
configure:4352: checking for strerror
configure:4352: gcc -o conftest -g -O2 -Wall   conftest.c  >&5
configure:4352: $? = 0
configure:4352: result: yes
configure:4352: checking for strncasecmp
configure:4352: gcc -o conftest -g -O2 -Wall   conftest.c  >&5
conftest.c:81: warning: conflicting types for built-in function 'strncasecmp'
configure:4352: $? = 0
configure:4352: result: yes
configure:4352: checking for strtol
configure:4352: gcc -o conftest -g -O2 -Wall   conftest.c  >&5
configure:4352: $? = 0
configure:4352: result: yes
configure:4361: checking for library containing setsockopt
configure:4392: gcc -o conftest -g -O2 -Wall   conftest.c  >&5
configure:4392: $? = 0
configure:4409: result: none required
configure:4423: checking for library containing gethostbyname
configure:4454: gcc -o conftest -g -O2 -Wall   conftest.c  >&5
configure:4454: $? = 0
configure:4471: result: none required
configure:4480: checking for library containing dlopen
configure:4511: gcc -o conftest -g -O2 -Wall   conftest.c  >&5
configure:4511: $? = 0
configure:4528: result: none required
configure:4539: checking openssl/ssl.h usability
configure:4539: gcc -c -g -O2 -Wall  conftest.c >&5
configure:4539: $? = 0
configure:4539: result: yes
configure:4539: checking openssl/ssl.h presence
configure:4539: /usr/bin/cpp  conftest.c
In file included from /usr/include/stdio.h:500,
                 from /usr/include/openssl/crypto.h:128,
                 from /usr/include/openssl/comp.h:8,
                 from /usr/include/openssl/ssl.h:179,
                 from conftest.c:61:
/usr/include/secure/_stdio.h:49: error: syntax error in macro parameter list
/usr/include/secure/_stdio.h:57: error: syntax error in macro parameter list
configure:4539: $? = 1
configure: failed program was:
| /* confdefs.h */
| #define PACKAGE_NAME ""
| #define PACKAGE_TARNAME ""
| #define PACKAGE_VERSION ""
| #define PACKAGE_STRING ""
| #define PACKAGE_BUGREPORT ""
| #define PACKAGE_URL ""
| #define STDC_HEADERS 1
| #define HAVE_SYS_WAIT_H 1
| #define HAVE_SYS_TYPES_H 1
| #define HAVE_SYS_STAT_H 1
| #define HAVE_STDLIB_H 1
| #define HAVE_STRING_H 1
| #define HAVE_MEMORY_H 1
| #define HAVE_STRINGS_H 1
| #define HAVE_INTTYPES_H 1
| #define HAVE_STDINT_H 1
| #define HAVE_UNISTD_H 1
| #define HAVE_FCNTL_H 1
| #define HAVE_LIMITS_H 1
| #define HAVE_NETDB_H 1
| #define HAVE_NETINET_IN_H 1
| #define HAVE_STDLIB_H 1
| #define HAVE_STRING_H 1
| #define HAVE_STRINGS_H 1
| #define HAVE_SYS_PARAM_H 1
| #define HAVE_SYS_SOCKET_H 1
| #define HAVE_SYS_TIME_H 1
| #define HAVE_SYS_TIMEB_H 1
| #define HAVE_UNISTD_H 1
| #define TIME_WITH_SYS_TIME 1
| #define HAVE_FORK 1
| #define HAVE_VFORK 1
| #define HAVE_WORKING_VFORK 1
| #define HAVE_WORKING_FORK 1
| #define HAVE_STDLIB_H 1
| #define HAVE_MALLOC 1
| #define HAVE_STDLIB_H 1
| #define HAVE_REALLOC 1
| #define HAVE_SYS_SELECT_H 1
| #define HAVE_SYS_SOCKET_H 1
| #define SELECT_TYPE_ARG1 int
| #define SELECT_TYPE_ARG234 (fd_set *)
| #define SELECT_TYPE_ARG5 (struct timeval *)
| #define RETSIGTYPE void
| #define HAVE_VPRINTF 1
| #define HAVE_DUP2 1
| #define HAVE_GETTIMEOFDAY 1
| #define HAVE_INET_NTOA 1
| #define HAVE_MEMSET 1
| #define HAVE_SELECT 1
| #define HAVE_SOCKET 1
| #define HAVE_STRCASECMP 1
| #define HAVE_STRCHR 1
| #define HAVE_STRDUP 1
| #define HAVE_STRERROR 1
| #define HAVE_STRNCASECMP 1
| #define HAVE_STRTOL 1
| /* end confdefs.h.  */
| #include <openssl/ssl.h>
configure:4539: result: no
configure:4539: WARNING: openssl/ssl.h: accepted by the compiler, rejected by the preprocessor!
configure:4539: WARNING: openssl/ssl.h: proceeding with the compiler's result
configure:4539: checking for openssl/ssl.h
configure:4539: result: yes
configure:4553: checking openssl/err.h usability
configure:4553: gcc -c -g -O2 -Wall  conftest.c >&5
configure:4553: $? = 0
configure:4553: result: yes
configure:4553: checking openssl/err.h presence
configure:4553: /usr/bin/cpp  conftest.c
In file included from /usr/include/stdio.h:500,
                 from /usr/include/openssl/err.h:68,
                 from conftest.c:61:
/usr/include/secure/_stdio.h:49: error: syntax error in macro parameter list
/usr/include/secure/_stdio.h:57: error: syntax error in macro parameter list
configure:4553: $? = 1
configure: failed program was:
| /* confdefs.h */
| #define PACKAGE_NAME ""
| #define PACKAGE_TARNAME ""
| #define PACKAGE_VERSION ""
| #define PACKAGE_STRING ""
| #define PACKAGE_BUGREPORT ""
| #define PACKAGE_URL ""
| #define STDC_HEADERS 1
| #define HAVE_SYS_WAIT_H 1
| #define HAVE_SYS_TYPES_H 1
| #define HAVE_SYS_STAT_H 1
| #define HAVE_STDLIB_H 1
| #define HAVE_STRING_H 1
| #define HAVE_MEMORY_H 1
| #define HAVE_STRINGS_H 1
| #define HAVE_INTTYPES_H 1
| #define HAVE_STDINT_H 1
| #define HAVE_UNISTD_H 1
| #define HAVE_FCNTL_H 1
| #define HAVE_LIMITS_H 1
| #define HAVE_NETDB_H 1
| #define HAVE_NETINET_IN_H 1
| #define HAVE_STDLIB_H 1
| #define HAVE_STRING_H 1
| #define HAVE_STRINGS_H 1
| #define HAVE_SYS_PARAM_H 1
| #define HAVE_SYS_SOCKET_H 1
| #define HAVE_SYS_TIME_H 1
| #define HAVE_SYS_TIMEB_H 1
| #define HAVE_UNISTD_H 1
| #define TIME_WITH_SYS_TIME 1
| #define HAVE_FORK 1
| #define HAVE_VFORK 1
| #define HAVE_WORKING_VFORK 1
| #define HAVE_WORKING_FORK 1
| #define HAVE_STDLIB_H 1
| #define HAVE_MALLOC 1
| #define HAVE_STDLIB_H 1
| #define HAVE_REALLOC 1
| #define HAVE_SYS_SELECT_H 1
| #define HAVE_SYS_SOCKET_H 1
| #define SELECT_TYPE_ARG1 int
| #define SELECT_TYPE_ARG234 (fd_set *)
| #define SELECT_TYPE_ARG5 (struct timeval *)
| #define RETSIGTYPE void
| #define HAVE_VPRINTF 1
| #define HAVE_DUP2 1
| #define HAVE_GETTIMEOFDAY 1
| #define HAVE_INET_NTOA 1
| #define HAVE_MEMSET 1
| #define HAVE_SELECT 1
| #define HAVE_SOCKET 1
| #define HAVE_STRCASECMP 1
| #define HAVE_STRCHR 1
| #define HAVE_STRDUP 1
| #define HAVE_STRERROR 1
| #define HAVE_STRNCASECMP 1
| #define HAVE_STRTOL 1
| /* end confdefs.h.  */
| #include <openssl/err.h>
configure:4553: result: no
configure:4553: WARNING: openssl/err.h: accepted by the compiler, rejected by the preprocessor!
configure:4553: WARNING: openssl/err.h: proceeding with the compiler's result
configure:4553: checking for openssl/err.h
configure:4553: result: yes
configure:4568: checking openssl/rand.h usability
configure:4568: gcc -c -g -O2 -Wall  conftest.c >&5
configure:4568: $? = 0
configure:4568: result: yes
configure:4568: checking openssl/rand.h presence
configure:4568: /usr/bin/cpp  conftest.c
configure:4568: $? = 0
configure:4568: result: yes
configure:4568: checking for openssl/rand.h
configure:4568: result: yes
configure:4583: checking for BIO_int_ctrl in -lcrypto
configure:4608: gcc -o conftest -g -O2 -Wall   conftest.c -lcrypto   >&5
configure:4608: $? = 0
configure:4617: result: yes
configure:4637: checking for SSL_new in -lssl
configure:4662: gcc -o conftest -g -O2 -Wall   conftest.c -lssl  -lcrypto  >&5
configure:4662: $? = 0
configure:4671: result: yes
configure:4720: checking pcap.h usability
configure:4720: gcc -c -g -O2 -Wall  conftest.c >&5
configure:4720: $? = 0
configure:4720: result: yes
configure:4720: checking pcap.h presence
configure:4720: /usr/bin/cpp  conftest.c
In file included from /usr/include/stdio.h:500,
                 from /usr/include/pcap/pcap.h:55,
                 from /usr/include/pcap.h:46,
                 from conftest.c:65:
/usr/include/secure/_stdio.h:49: error: syntax error in macro parameter list
/usr/include/secure/_stdio.h:57: error: syntax error in macro parameter list
configure:4720: $? = 1
configure: failed program was:
| /* confdefs.h */
| #define PACKAGE_NAME ""
| #define PACKAGE_TARNAME ""
| #define PACKAGE_VERSION ""
| #define PACKAGE_STRING ""
| #define PACKAGE_BUGREPORT ""
| #define PACKAGE_URL ""
| #define STDC_HEADERS 1
| #define HAVE_SYS_WAIT_H 1
| #define HAVE_SYS_TYPES_H 1
| #define HAVE_SYS_STAT_H 1
| #define HAVE_STDLIB_H 1
| #define HAVE_STRING_H 1
| #define HAVE_MEMORY_H 1
| #define HAVE_STRINGS_H 1
| #define HAVE_INTTYPES_H 1
| #define HAVE_STDINT_H 1
| #define HAVE_UNISTD_H 1
| #define HAVE_FCNTL_H 1
| #define HAVE_LIMITS_H 1
| #define HAVE_NETDB_H 1
| #define HAVE_NETINET_IN_H 1
| #define HAVE_STDLIB_H 1
| #define HAVE_STRING_H 1
| #define HAVE_STRINGS_H 1
| #define HAVE_SYS_PARAM_H 1
| #define HAVE_SYS_SOCKET_H 1
| #define HAVE_SYS_TIME_H 1
| #define HAVE_SYS_TIMEB_H 1
| #define HAVE_UNISTD_H 1
| #define TIME_WITH_SYS_TIME 1
| #define HAVE_FORK 1
| #define HAVE_VFORK 1
| #define HAVE_WORKING_VFORK 1
| #define HAVE_WORKING_FORK 1
| #define HAVE_STDLIB_H 1
| #define HAVE_MALLOC 1
| #define HAVE_STDLIB_H 1
| #define HAVE_REALLOC 1
| #define HAVE_SYS_SELECT_H 1
| #define HAVE_SYS_SOCKET_H 1
| #define SELECT_TYPE_ARG1 int
| #define SELECT_TYPE_ARG234 (fd_set *)
| #define SELECT_TYPE_ARG5 (struct timeval *)
| #define RETSIGTYPE void
| #define HAVE_VPRINTF 1
| #define HAVE_DUP2 1
| #define HAVE_GETTIMEOFDAY 1
| #define HAVE_INET_NTOA 1
| #define HAVE_MEMSET 1
| #define HAVE_SELECT 1
| #define HAVE_SOCKET 1
| #define HAVE_STRCASECMP 1
| #define HAVE_STRCHR 1
| #define HAVE_STRDUP 1
| #define HAVE_STRERROR 1
| #define HAVE_STRNCASECMP 1
| #define HAVE_STRTOL 1
| #define HAVE_LIBCRYPTO 1
| #define HAVE_LIBSSL 1
| #define HAVE_OPENSSL 1
| #define HAVE_HTTP_DIGEST 1
| /* end confdefs.h.  */
| #include <pcap.h>
configure:4720: result: no
configure:4720: WARNING: pcap.h: accepted by the compiler, rejected by the preprocessor!
configure:4720: WARNING: pcap.h: proceeding with the compiler's result
configure:4720: checking for pcap.h
configure:4720: result: yes
configure:4723: checking for pcap_datalink in -lpcap
configure:4748: gcc -o conftest -g -O2 -Wall   conftest.c -lpcap  -lssl -lcrypto  >&5
configure:4748: $? = 0
configure:4757: result: yes
configure:4846: checking if libpcap version is recent enough
configure:4869: gcc -o conftest -g -O2 -Wall   conftest.c -lssl -lcrypto  -lpcap >&5
conftest.c: In function 'main':
conftest.c:71: warning: implicit declaration of function 'exit'
conftest.c:71: warning: incompatible implicit declaration of built-in function 'exit'
configure:4869: $? = 0
configure:4869: ./conftest
configure:4869: $? = 0
configure:4870: result: yes
configure:5016: creating ./config.status

## ---------------------- ##
## Running config.status. ##
## ---------------------- ##

This file was extended by config.status, which was
generated by GNU Autoconf 2.66.  Invocation command line was

  CONFIG_FILES    = 
  CONFIG_HEADERS  = 
  CONFIG_LINKS    = 
  CONFIG_COMMANDS = 
  $ ./config.status 

on nuno.intern.nullstars.com

config.status:867: creating Makefile
config.status:970: WARNING:  'Makefile.in' seems to ignore the --datarootdir setting
config.status:867: creating config.h

## ---------------- ##
## Cache variables. ##
## ---------------- ##

ac_cv_build=x86_64-apple-darwin11.2.0
ac_cv_c_compiler_gnu=yes
ac_cv_c_const=yes
ac_cv_env_CC_set=
ac_cv_env_CC_value=
ac_cv_env_CFLAGS_set=
ac_cv_env_CFLAGS_value=
ac_cv_env_CPPFLAGS_set=
ac_cv_env_CPPFLAGS_value=
ac_cv_env_CPP_set=set
ac_cv_env_CPP_value=/usr/bin/cpp
ac_cv_env_LDFLAGS_set=
ac_cv_env_LDFLAGS_value=
ac_cv_env_LIBS_set=
ac_cv_env_LIBS_value=
ac_cv_env_build_alias_set=
ac_cv_env_build_alias_value=
ac_cv_env_host_alias_set=
ac_cv_env_host_alias_value=
ac_cv_env_target_alias_set=
ac_cv_env_target_alias_value=
ac_cv_func__doprnt=no
ac_cv_func_dup2=yes
ac_cv_func_fork=yes
ac_cv_func_fork_works=yes
ac_cv_func_gettimeofday=yes
ac_cv_func_inet_ntoa=yes
ac_cv_func_malloc_0_nonnull=yes
ac_cv_func_memset=yes
ac_cv_func_realloc_0_nonnull=yes
ac_cv_func_select=yes
ac_cv_func_select_args='int,fd_set *,struct timeval *'
ac_cv_func_socket=yes
ac_cv_func_strcasecmp=yes
ac_cv_func_strchr=yes
ac_cv_func_strdup=yes
ac_cv_func_strerror=yes
ac_cv_func_strncasecmp=yes
ac_cv_func_strtol=yes
ac_cv_func_vfork=yes
ac_cv_func_vfork_works=yes
ac_cv_func_vprintf=yes
ac_cv_header_fcntl_h=yes
ac_cv_header_inttypes_h=yes
ac_cv_header_limits_h=yes
ac_cv_header_memory_h=yes
ac_cv_header_netdb_h=yes
ac_cv_header_netinet_in_h=yes
ac_cv_header_openssl_err_h=yes
ac_cv_header_openssl_rand_h=yes
ac_cv_header_openssl_ssl_h=yes
ac_cv_header_pcap_h=yes
ac_cv_header_stat_broken=no
ac_cv_header_stdc=yes
ac_cv_header_stdint_h=yes
ac_cv_header_stdlib_h=yes
ac_cv_header_string_h=yes
ac_cv_header_strings_h=yes
ac_cv_header_sys_param_h=yes
ac_cv_header_sys_select_h=yes
ac_cv_header_sys_socket_h=yes
ac_cv_header_sys_stat_h=yes
ac_cv_header_sys_time_h=yes
ac_cv_header_sys_timeb_h=yes
ac_cv_header_sys_types_h=yes
ac_cv_header_sys_wait_h=yes
ac_cv_header_time=yes
ac_cv_header_unistd_h=yes
ac_cv_header_vfork_h=no
ac_cv_host=x86_64-apple-darwin11.2.0
ac_cv_lib_crypto_BIO_int_ctrl=yes
ac_cv_lib_pcap_pcap_datalink=yes
ac_cv_lib_ssl_SSL_new=yes
ac_cv_objext=o
ac_cv_path_EGREP='/usr/bin/grep -E'
ac_cv_path_GREP=/usr/bin/grep
ac_cv_path_ac_pt_STRIP=/usr/bin/strip
ac_cv_path_install='/usr/bin/install -c'
ac_cv_prog_CPP=/usr/bin/cpp
ac_cv_prog_ac_ct_CC=gcc
ac_cv_prog_cc_c89=
ac_cv_prog_cc_g=yes
ac_cv_search_dlopen='none required'
ac_cv_search_gethostbyname='none required'
ac_cv_search_setsockopt='none required'
ac_cv_type_pid_t=yes
ac_cv_type_signal=void

## ----------------- ##
## Output variables. ##
## ----------------- ##

CC='gcc'
CFLAGS='-g -O2 -Wall'
CPP='/usr/bin/cpp'
CPPFLAGS=''
DEFS='-DHAVE_CONFIG_H'
ECHO_C='\c'
ECHO_N=''
ECHO_T=''
EGREP='/usr/bin/grep -E'
EXEEXT=''
GREP='/usr/bin/grep'
HAVE_OPENSSL='yes'
INSTALL_DATA='${INSTALL} -m 644'
INSTALL_PROGRAM='${INSTALL}'
INSTALL_SCRIPT='${INSTALL}'
LDFLAGS=''
LIBOBJS=''
LIBS='-lssl -lcrypto '
LTLIBOBJS=''
OBJEXT='o'
OPENSSL_LIBS='-lssl -lcrypto'
PACKAGE_BUGREPORT=''
PACKAGE_NAME=''
PACKAGE_STRING=''
PACKAGE_TARNAME=''
PACKAGE_URL=''
PACKAGE_VERSION=''
PATH_SEPARATOR=':'
PCAP_BUILD=''
PCAP_CLEAN=''
PCAP_DEPENDS=''
PCAP_DIST_CLEAN=''
PCAP_LIBS='-lpcap'
SHELL='/bin/sh'
STRIP='/usr/bin/strip'
ac_ct_CC='gcc'
bindir='${exec_prefix}/bin'
build='x86_64-apple-darwin11.2.0'
build_alias=''
build_cpu='x86_64'
build_os='darwin11.2.0'
build_vendor='apple'
datadir='${datarootdir}'
datarootdir='${prefix}/share'
docdir='${datarootdir}/doc/${PACKAGE}'
dvidir='${docdir}'
exec_prefix='${prefix}'
host='x86_64-apple-darwin11.2.0'
host_alias=''
host_cpu='x86_64'
host_os='darwin11.2.0'
host_vendor='apple'
htmldir='${docdir}'
includedir='${prefix}/include'
infodir='${datarootdir}/info'
libdir='${exec_prefix}/lib'
libexecdir='${exec_prefix}/libexec'
libpcapdir='../libpcap'
localedir='${datarootdir}/locale'
localstatedir='${prefix}/var'
mandir='${datarootdir}/man'
oldincludedir='/usr/include'
pdfdir='${docdir}'
prefix='/usr/local'
program_transform_name='s,x,x,'
psdir='${docdir}'
sbindir='${exec_prefix}/sbin'
sharedstatedir='${prefix}/com'
sysconfdir='${prefix}/etc'
target_alias=''

## ----------- ##
## confdefs.h. ##
## ----------- ##

/* confdefs.h */
#define PACKAGE_NAME ""
#define PACKAGE_TARNAME ""
#define PACKAGE_VERSION ""
#define PACKAGE_STRING ""
#define PACKAGE_BUGREPORT ""
#define PACKAGE_URL ""
#define STDC_HEADERS 1
#define HAVE_SYS_WAIT_H 1
#define HAVE_SYS_TYPES_H 1
#define HAVE_SYS_STAT_H 1
#define HAVE_STDLIB_H 1
#define HAVE_STRING_H 1
#define HAVE_MEMORY_H 1
#define HAVE_STRINGS_H 1
#define HAVE_INTTYPES_H 1
#define HAVE_STDINT_H 1
#define HAVE_UNISTD_H 1
#define HAVE_FCNTL_H 1
#define HAVE_LIMITS_H 1
#define HAVE_NETDB_H 1
#define HAVE_NETINET_IN_H 1
#define HAVE_STDLIB_H 1
#define HAVE_STRING_H 1
#define HAVE_STRINGS_H 1
#define HAVE_SYS_PARAM_H 1
#define HAVE_SYS_SOCKET_H 1
#define HAVE_SYS_TIME_H 1
#define HAVE_SYS_TIMEB_H 1
#define HAVE_UNISTD_H 1
#define TIME_WITH_SYS_TIME 1
#define HAVE_FORK 1
#define HAVE_VFORK 1
#define HAVE_WORKING_VFORK 1
#define HAVE_WORKING_FORK 1
#define HAVE_STDLIB_H 1
#define HAVE_MALLOC 1
#define HAVE_STDLIB_H 1
#define HAVE_REALLOC 1
#define HAVE_SYS_SELECT_H 1
#define HAVE_SYS_SOCKET_H 1
#define SELECT_TYPE_ARG1 int
#define SELECT_TYPE_ARG234 (fd_set *)
#define SELECT_TYPE_ARG5 (struct timeval *)
#define RETSIGTYPE void
#define HAVE_VPRINTF 1
#define HAVE_DUP2 1
#define HAVE_GETTIMEOFDAY 1
#define HAVE_INET_NTOA 1
#define HAVE_MEMSET 1
#define HAVE_SELECT 1
#define HAVE_SOCKET 1
#define HAVE_STRCASECMP 1
#define HAVE_STRCHR 1
#define HAVE_STRDUP 1
#define HAVE_STRERROR 1
#define HAVE_STRNCASECMP 1
#define HAVE_STRTOL 1
#define HAVE_LIBCRYPTO 1
#define HAVE_LIBSSL 1
#define HAVE_OPENSSL 1
#define HAVE_HTTP_DIGEST 1
#define HAVE_LIBPCAP 1

configure: exit 0
