This file contains any messages produced by compilers while
running configure, to aid debugging if configure makes a mistake.

It was created by configure, which was
generated by GNU Autoconf 2.64.  Invocation command line was

  $ ./configure LDFLAGS=-L /usr/local/lib

## --------- ##
## Platform. ##
## --------- ##

hostname = Nuno.local
uname -m = x86_64
uname -r = 11.2.0
uname -s = Darwin
uname -v = Darwin Kernel Version 11.2.0: Tue Aug  9 20:54:00 PDT 2011; root:xnu-1699.24.8~1/RELEASE_X86_64

/usr/bin/uname -p = i386
/bin/uname -X     = unknown

/bin/arch              = unknown
/usr/bin/arch -k       = unknown
/usr/convex/getsysinfo = unknown
/usr/bin/hostinfo      = Mach kernel version:
	 Darwin Kernel Version 11.2.0: Tue Aug  9 20:54:00 PDT 2011; root:xnu-1699.24.8~1/RELEASE_X86_64
Kernel configured for up to 2 processors.
2 processors are physically available.
2 processors are logically available.
Processor type: i486 (Intel 80486)
Processors active: 0 1
Primary memory available: 8.00 gigabytes
Default processor set: 145 tasks, 655 threads, 2 processors
Load average: 0.28, Mach factor: 1.71
/bin/machine           = unknown
/usr/bin/oslevel       = unknown
/bin/universe          = unknown

PATH: /usr/local/bin
PATH: /Users/nfma/.rvm/gems/ruby-1.9.3-p0/bin
PATH: /Users/nfma/.rvm/gems/ruby-1.9.3-p0@global/bin
PATH: /Users/nfma/.rvm/rubies/ruby-1.9.3-p0/bin
PATH: /Users/nfma/.rvm/bin
PATH: /usr/bin
PATH: /bin
PATH: /usr/sbin
PATH: /sbin
PATH: /usr/local/bin
PATH: /usr/X11/bin
PATH: /usr/local/git/bin
PATH: /usr/local/sw/bin
PATH: /Users/nfma/Apps/apache-maven-3.0.3/bin
PATH: /usr/local/mysql-5.5.18-osx10.6-x86_64/bin


## ----------- ##
## Core tests. ##
## ----------- ##

configure:2205: checking build system type
configure:2219: result: i386-apple-darwin11.2.0
configure:2239: checking host system type
configure:2252: result: i386-apple-darwin11.2.0
configure:2289: checking for a BSD-compatible install
configure:2357: result: /usr/local/bin/install -c
configure:2368: checking whether build environment is sane
configure:2418: result: yes
configure:2559: checking for a thread-safe mkdir -p
configure:2598: result: /usr/local/bin/mkdir -p
configure:2611: checking for gawk
configure:2641: result: no
configure:2611: checking for mawk
configure:2641: result: no
configure:2611: checking for nawk
configure:2641: result: no
configure:2611: checking for awk
configure:2627: found /usr/bin/awk
configure:2638: result: awk
configure:2649: checking whether make sets $(MAKE)
configure:2671: result: yes
configure:2755: checking whether make sets $(MAKE)
configure:2777: result: yes
configure:2786: checking whether build environment is sane
configure:2836: result: yes
configure:2888: checking for style of include used by make
configure:2916: result: GNU
configure:2986: checking for gcc
configure:3002: found /usr/bin/gcc
configure:3013: result: gcc
configure:3242: checking for C compiler version
configure:3251: gcc --version >&5
i686-apple-darwin11-llvm-gcc-4.2 (GCC) 4.2.1 (Based on Apple Inc. build 5658) (LLVM build 2335.15.00)
Copyright (C) 2007 Free Software Foundation, Inc.
This is free software; see the source for copying conditions.  There is NO
warranty; not even for MERCHANTABILITY or FITNESS FOR A PARTICULAR PURPOSE.

configure:3262: $? = 0
configure:3251: gcc -v >&5
Using built-in specs.
Target: i686-apple-darwin11
Configured with: /private/var/tmp/llvmgcc42/llvmgcc42-2335.15~25/src/configure --disable-checking --enable-werror --prefix=/Developer/usr/llvm-gcc-4.2 --mandir=/share/man --enable-languages=c,objc,c++,obj-c++ --program-prefix=llvm- --program-transform-name=/^[cg][^.-]*$/s/$/-4.2/ --with-slibdir=/usr/lib --build=i686-apple-darwin11 --enable-llvm=/private/var/tmp/llvmgcc42/llvmgcc42-2335.15~25/dst-llvmCore/Developer/usr/local --program-prefix=i686-apple-darwin11- --host=x86_64-apple-darwin11 --target=i686-apple-darwin11 --with-gxx-include-dir=/usr/include/c++/4.2.1
Thread model: posix
gcc version 4.2.1 (Based on Apple Inc. build 5658) (LLVM build 2335.15.00)
configure:3262: $? = 0
configure:3251: gcc -V >&5
llvm-gcc-4.2: argument to `-V' is missing
configure:3262: $? = 1
configure:3251: gcc -qversion >&5
i686-apple-darwin11-llvm-gcc-4.2: no input files
configure:3262: $? = 1
configure:3284: checking for C compiler default output file name
configure:3306: gcc   -L /usr/local/lib conftest.c  >&5
configure:3310: $? = 0
configure:3347: result: a.out
configure:3363: checking whether the C compiler works
configure:3372: ./a.out
configure:3376: $? = 0
configure:3391: result: yes
configure:3398: checking whether we are cross compiling
configure:3400: result: no
configure:3403: checking for suffix of executables
configure:3410: gcc -o conftest   -L /usr/local/lib conftest.c  >&5
configure:3414: $? = 0
configure:3436: result: 
configure:3442: checking for suffix of object files
configure:3464: gcc -c   conftest.c >&5
configure:3468: $? = 0
configure:3489: result: o
configure:3493: checking whether we are using the GNU C compiler
configure:3512: gcc -c   conftest.c >&5
configure:3512: $? = 0
configure:3521: result: yes
configure:3530: checking whether gcc accepts -g
configure:3550: gcc -c -g  conftest.c >&5
configure:3550: $? = 0
configure:3591: result: yes
configure:3608: checking for gcc option to accept ISO C89
configure:3672: gcc  -c -g -O2  conftest.c >&5
configure:3672: $? = 0
configure:3685: result: none needed
configure:3707: checking dependency style of gcc
configure:3817: result: gcc3
configure:3838: checking how to run the C preprocessor
configure:3869: gcc -E  conftest.c
configure:3869: $? = 0
configure:3883: gcc -E  conftest.c
conftest.c:11:28: error: ac_nonexistent.h: No such file or directory
configure:3883: $? = 1
configure: failed program was:
| /* confdefs.h */
| #define PACKAGE_NAME ""
| #define PACKAGE_TARNAME ""
| #define PACKAGE_VERSION ""
| #define PACKAGE_STRING ""
| #define PACKAGE_BUGREPORT ""
| #define PACKAGE_URL ""
| #define PACKAGE "rlwrap"
| #define VERSION "0.37"
| /* end confdefs.h.  */
| #include <ac_nonexistent.h>
configure:3908: result: gcc -E
configure:3928: gcc -E  conftest.c
configure:3928: $? = 0
configure:3942: gcc -E  conftest.c
conftest.c:11:28: error: ac_nonexistent.h: No such file or directory
configure:3942: $? = 1
configure: failed program was:
| /* confdefs.h */
| #define PACKAGE_NAME ""
| #define PACKAGE_TARNAME ""
| #define PACKAGE_VERSION ""
| #define PACKAGE_STRING ""
| #define PACKAGE_BUGREPORT ""
| #define PACKAGE_URL ""
| #define PACKAGE "rlwrap"
| #define VERSION "0.37"
| /* end confdefs.h.  */
| #include <ac_nonexistent.h>
configure:3971: checking for grep that handles long lines and -e
configure:4029: result: /usr/bin/grep
configure:4034: checking for egrep
configure:4096: result: /usr/bin/grep -E
configure:4101: checking for ANSI C header files
configure:4121: gcc -c -g -O2  conftest.c >&5
configure:4121: $? = 0
configure:4194: gcc -o conftest -g -O2  -L /usr/local/lib conftest.c  >&5
configure:4194: $? = 0
configure:4194: ./conftest
configure:4194: $? = 0
configure:4205: result: yes
configure:4218: checking for sys/types.h
configure:4218: gcc -c -g -O2  conftest.c >&5
configure:4218: $? = 0
configure:4218: result: yes
configure:4218: checking for sys/stat.h
configure:4218: gcc -c -g -O2  conftest.c >&5
configure:4218: $? = 0
configure:4218: result: yes
configure:4218: checking for stdlib.h
configure:4218: gcc -c -g -O2  conftest.c >&5
configure:4218: $? = 0
configure:4218: result: yes
configure:4218: checking for string.h
configure:4218: gcc -c -g -O2  conftest.c >&5
configure:4218: $? = 0
configure:4218: result: yes
configure:4218: checking for memory.h
configure:4218: gcc -c -g -O2  conftest.c >&5
configure:4218: $? = 0
configure:4218: result: yes
configure:4218: checking for strings.h
configure:4218: gcc -c -g -O2  conftest.c >&5
configure:4218: $? = 0
configure:4218: result: yes
configure:4218: checking for inttypes.h
configure:4218: gcc -c -g -O2  conftest.c >&5
configure:4218: $? = 0
configure:4218: result: yes
configure:4218: checking for stdint.h
configure:4218: gcc -c -g -O2  conftest.c >&5
configure:4218: $? = 0
configure:4218: result: yes
configure:4218: checking for unistd.h
configure:4218: gcc -c -g -O2  conftest.c >&5
configure:4218: $? = 0
configure:4218: result: yes
configure:4232: checking minix/config.h usability
configure:4232: gcc -c -g -O2  conftest.c >&5
conftest.c:54:26: error: minix/config.h: No such file or directory
configure:4232: $? = 1
configure: failed program was:
| /* confdefs.h */
| #define PACKAGE_NAME ""
| #define PACKAGE_TARNAME ""
| #define PACKAGE_VERSION ""
| #define PACKAGE_STRING ""
| #define PACKAGE_BUGREPORT ""
| #define PACKAGE_URL ""
| #define PACKAGE "rlwrap"
| #define VERSION "0.37"
| #define STDC_HEADERS 1
| #define HAVE_SYS_TYPES_H 1
| #define HAVE_SYS_STAT_H 1
| #define HAVE_STDLIB_H 1
| #define HAVE_STRING_H 1
| #define HAVE_MEMORY_H 1
| #define HAVE_STRINGS_H 1
| #define HAVE_INTTYPES_H 1
| #define HAVE_STDINT_H 1
| #define HAVE_UNISTD_H 1
| /* end confdefs.h.  */
| #include <stdio.h>
| #ifdef HAVE_SYS_TYPES_H
| # include <sys/types.h>
| #endif
| #ifdef HAVE_SYS_STAT_H
| # include <sys/stat.h>
| #endif
| #ifdef STDC_HEADERS
| # include <stdlib.h>
| # include <stddef.h>
| #else
| # ifdef HAVE_STDLIB_H
| #  include <stdlib.h>
| # endif
| #endif
| #ifdef HAVE_STRING_H
| # if !defined STDC_HEADERS && defined HAVE_MEMORY_H
| #  include <memory.h>
| # endif
| # include <string.h>
| #endif
| #ifdef HAVE_STRINGS_H
| # include <strings.h>
| #endif
| #ifdef HAVE_INTTYPES_H
| # include <inttypes.h>
| #endif
| #ifdef HAVE_STDINT_H
| # include <stdint.h>
| #endif
| #ifdef HAVE_UNISTD_H
| # include <unistd.h>
| #endif
| #include <minix/config.h>
configure:4232: result: no
configure:4232: checking minix/config.h presence
configure:4232: gcc -E  conftest.c
conftest.c:21:26: error: minix/config.h: No such file or directory
configure:4232: $? = 1
configure: failed program was:
| /* confdefs.h */
| #define PACKAGE_NAME ""
| #define PACKAGE_TARNAME ""
| #define PACKAGE_VERSION ""
| #define PACKAGE_STRING ""
| #define PACKAGE_BUGREPORT ""
| #define PACKAGE_URL ""
| #define PACKAGE "rlwrap"
| #define VERSION "0.37"
| #define STDC_HEADERS 1
| #define HAVE_SYS_TYPES_H 1
| #define HAVE_SYS_STAT_H 1
| #define HAVE_STDLIB_H 1
| #define HAVE_STRING_H 1
| #define HAVE_MEMORY_H 1
| #define HAVE_STRINGS_H 1
| #define HAVE_INTTYPES_H 1
| #define HAVE_STDINT_H 1
| #define HAVE_UNISTD_H 1
| /* end confdefs.h.  */
| #include <minix/config.h>
configure:4232: result: no
configure:4232: checking for minix/config.h
configure:4232: result: no
configure:4253: checking whether it is safe to define __EXTENSIONS__
configure:4271: gcc -c -g -O2  conftest.c >&5
configure:4271: $? = 0
configure:4278: result: yes
configure:4357: checking for gcc
configure:4384: result: gcc
configure:4613: checking for C compiler version
configure:4622: gcc --version >&5
i686-apple-darwin11-llvm-gcc-4.2 (GCC) 4.2.1 (Based on Apple Inc. build 5658) (LLVM build 2335.15.00)
Copyright (C) 2007 Free Software Foundation, Inc.
This is free software; see the source for copying conditions.  There is NO
warranty; not even for MERCHANTABILITY or FITNESS FOR A PARTICULAR PURPOSE.

configure:4633: $? = 0
configure:4622: gcc -v >&5
Using built-in specs.
Target: i686-apple-darwin11
Configured with: /private/var/tmp/llvmgcc42/llvmgcc42-2335.15~25/src/configure --disable-checking --enable-werror --prefix=/Developer/usr/llvm-gcc-4.2 --mandir=/share/man --enable-languages=c,objc,c++,obj-c++ --program-prefix=llvm- --program-transform-name=/^[cg][^.-]*$/s/$/-4.2/ --with-slibdir=/usr/lib --build=i686-apple-darwin11 --enable-llvm=/private/var/tmp/llvmgcc42/llvmgcc42-2335.15~25/dst-llvmCore/Developer/usr/local --program-prefix=i686-apple-darwin11- --host=x86_64-apple-darwin11 --target=i686-apple-darwin11 --with-gxx-include-dir=/usr/include/c++/4.2.1
Thread model: posix
gcc version 4.2.1 (Based on Apple Inc. build 5658) (LLVM build 2335.15.00)
configure:4633: $? = 0
configure:4622: gcc -V >&5
llvm-gcc-4.2: argument to `-V' is missing
configure:4633: $? = 1
configure:4622: gcc -qversion >&5
i686-apple-darwin11-llvm-gcc-4.2: no input files
configure:4633: $? = 1
configure:4637: checking whether we are using the GNU C compiler
configure:4665: result: yes
configure:4674: checking whether gcc accepts -g
configure:4735: result: yes
configure:4752: checking for gcc option to accept ISO C89
configure:4829: result: none needed
configure:4851: checking dependency style of gcc
configure:4961: result: gcc3
configure:4981: checking how to run the C preprocessor
configure:5051: result: gcc -E
configure:5071: gcc -E  conftest.c
configure:5071: $? = 0
configure:5085: gcc -E  conftest.c
conftest.c:27:28: error: ac_nonexistent.h: No such file or directory
configure:5085: $? = 1
configure: failed program was:
| /* confdefs.h */
| #define PACKAGE_NAME ""
| #define PACKAGE_TARNAME ""
| #define PACKAGE_VERSION ""
| #define PACKAGE_STRING ""
| #define PACKAGE_BUGREPORT ""
| #define PACKAGE_URL ""
| #define PACKAGE "rlwrap"
| #define VERSION "0.37"
| #define STDC_HEADERS 1
| #define HAVE_SYS_TYPES_H 1
| #define HAVE_SYS_STAT_H 1
| #define HAVE_STDLIB_H 1
| #define HAVE_STRING_H 1
| #define HAVE_MEMORY_H 1
| #define HAVE_STRINGS_H 1
| #define HAVE_INTTYPES_H 1
| #define HAVE_STDINT_H 1
| #define HAVE_UNISTD_H 1
| #define __EXTENSIONS__ 1
| #define _ALL_SOURCE 1
| #define _GNU_SOURCE 1
| #define _POSIX_PTHREAD_SEMANTICS 1
| #define _TANDEM_SOURCE 1
| #define SPY_ON_READLINE 1 
| /* end confdefs.h.  */
| #include <ac_nonexistent.h>
configure:5116: checking for perl
configure:5134: found /usr/bin/perl
configure:5146: result: /usr/bin/perl
configure:5157: checking for strip
configure:5173: found /usr/bin/strip
configure:5185: result: strip
configure:5195: checking for ANSI C header files
configure:5299: result: yes
configure:5307: checking for sys/wait.h that is POSIX.1 compatible
configure:5333: gcc -c -g -O2  conftest.c >&5
configure:5333: $? = 0
configure:5340: result: yes
configure:5351: checking errno.h usability
configure:5351: gcc -c -g -O2  conftest.c >&5
configure:5351: $? = 0
configure:5351: result: yes
configure:5351: checking errno.h presence
configure:5351: gcc -E  conftest.c
configure:5351: $? = 0
configure:5351: result: yes
configure:5351: checking for errno.h
configure:5351: result: yes
configure:5351: checking fcntl.h usability
configure:5351: gcc -c -g -O2  conftest.c >&5
configure:5351: $? = 0
configure:5351: result: yes
configure:5351: checking fcntl.h presence
configure:5351: gcc -E  conftest.c
configure:5351: $? = 0
configure:5351: result: yes
configure:5351: checking for fcntl.h
configure:5351: result: yes
configure:5351: checking libutil.h usability
configure:5351: gcc -c -g -O2  conftest.c >&5
conftest.c:64:21: error: libutil.h: No such file or directory
configure:5351: $? = 1
configure: failed program was:
| /* confdefs.h */
| #define PACKAGE_NAME ""
| #define PACKAGE_TARNAME ""
| #define PACKAGE_VERSION ""
| #define PACKAGE_STRING ""
| #define PACKAGE_BUGREPORT ""
| #define PACKAGE_URL ""
| #define PACKAGE "rlwrap"
| #define VERSION "0.37"
| #define STDC_HEADERS 1
| #define HAVE_SYS_TYPES_H 1
| #define HAVE_SYS_STAT_H 1
| #define HAVE_STDLIB_H 1
| #define HAVE_STRING_H 1
| #define HAVE_MEMORY_H 1
| #define HAVE_STRINGS_H 1
| #define HAVE_INTTYPES_H 1
| #define HAVE_STDINT_H 1
| #define HAVE_UNISTD_H 1
| #define __EXTENSIONS__ 1
| #define _ALL_SOURCE 1
| #define _GNU_SOURCE 1
| #define _POSIX_PTHREAD_SEMANTICS 1
| #define _TANDEM_SOURCE 1
| #define SPY_ON_READLINE 1 
| #define STDC_HEADERS 1
| #define HAVE_SYS_WAIT_H 1
| #define HAVE_ERRNO_H 1
| #define HAVE_FCNTL_H 1
| /* end confdefs.h.  */
| #include <stdio.h>
| #ifdef HAVE_SYS_TYPES_H
| # include <sys/types.h>
| #endif
| #ifdef HAVE_SYS_STAT_H
| # include <sys/stat.h>
| #endif
| #ifdef STDC_HEADERS
| # include <stdlib.h>
| # include <stddef.h>
| #else
| # ifdef HAVE_STDLIB_H
| #  include <stdlib.h>
| # endif
| #endif
| #ifdef HAVE_STRING_H
| # if !defined STDC_HEADERS && defined HAVE_MEMORY_H
| #  include <memory.h>
| # endif
| # include <string.h>
| #endif
| #ifdef HAVE_STRINGS_H
| # include <strings.h>
| #endif
| #ifdef HAVE_INTTYPES_H
| # include <inttypes.h>
| #endif
| #ifdef HAVE_STDINT_H
| # include <stdint.h>
| #endif
| #ifdef HAVE_UNISTD_H
| # include <unistd.h>
| #endif
| #include <libutil.h>
configure:5351: result: no
configure:5351: checking libutil.h presence
configure:5351: gcc -E  conftest.c
conftest.c:31:21: error: libutil.h: No such file or directory
configure:5351: $? = 1
configure: failed program was:
| /* confdefs.h */
| #define PACKAGE_NAME ""
| #define PACKAGE_TARNAME ""
| #define PACKAGE_VERSION ""
| #define PACKAGE_STRING ""
| #define PACKAGE_BUGREPORT ""
| #define PACKAGE_URL ""
| #define PACKAGE "rlwrap"
| #define VERSION "0.37"
| #define STDC_HEADERS 1
| #define HAVE_SYS_TYPES_H 1
| #define HAVE_SYS_STAT_H 1
| #define HAVE_STDLIB_H 1
| #define HAVE_STRING_H 1
| #define HAVE_MEMORY_H 1
| #define HAVE_STRINGS_H 1
| #define HAVE_INTTYPES_H 1
| #define HAVE_STDINT_H 1
| #define HAVE_UNISTD_H 1
| #define __EXTENSIONS__ 1
| #define _ALL_SOURCE 1
| #define _GNU_SOURCE 1
| #define _POSIX_PTHREAD_SEMANTICS 1
| #define _TANDEM_SOURCE 1
| #define SPY_ON_READLINE 1 
| #define STDC_HEADERS 1
| #define HAVE_SYS_WAIT_H 1
| #define HAVE_ERRNO_H 1
| #define HAVE_FCNTL_H 1
| /* end confdefs.h.  */
| #include <libutil.h>
configure:5351: result: no
configure:5351: checking for libutil.h
configure:5351: result: no
configure:5351: checking for stdlib.h
configure:5351: result: yes
configure:5351: checking for string.h
configure:5351: result: yes
configure:5351: checking sched.h usability
configure:5351: gcc -c -g -O2  conftest.c >&5
configure:5351: $? = 0
configure:5351: result: yes
configure:5351: checking sched.h presence
configure:5351: gcc -E  conftest.c
configure:5351: $? = 0
configure:5351: result: yes
configure:5351: checking for sched.h
configure:5351: result: yes
configure:5351: checking sys/ioctl.h usability
configure:5351: gcc -c -g -O2  conftest.c >&5
configure:5351: $? = 0
configure:5351: result: yes
configure:5351: checking sys/ioctl.h presence
configure:5351: gcc -E  conftest.c
configure:5351: $? = 0
configure:5351: result: yes
configure:5351: checking for sys/ioctl.h
configure:5351: result: yes
configure:5351: checking for sys/wait.h
configure:5351: result: yes
configure:5351: checking sys/resource.h usability
configure:5351: gcc -c -g -O2  conftest.c >&5
configure:5351: $? = 0
configure:5351: result: yes
configure:5351: checking sys/resource.h presence
configure:5351: gcc -E  conftest.c
configure:5351: $? = 0
configure:5351: result: yes
configure:5351: checking for sys/resource.h
configure:5351: result: yes
configure:5351: checking stddef.h usability
configure:5351: gcc -c -g -O2  conftest.c >&5
configure:5351: $? = 0
configure:5351: result: yes
configure:5351: checking stddef.h presence
configure:5351: gcc -E  conftest.c
configure:5351: $? = 0
configure:5351: result: yes
configure:5351: checking for stddef.h
configure:5351: result: yes
configure:5365: checking termios.h usability
configure:5365: gcc -c -g -O2  conftest.c >&5
configure:5365: $? = 0
configure:5365: result: yes
configure:5365: checking termios.h presence
configure:5365: gcc -E  conftest.c
configure:5365: $? = 0
configure:5365: result: yes
configure:5365: checking for termios.h
configure:5365: result: yes
configure:5365: checking for unistd.h
configure:5365: result: yes
configure:5365: checking for stdint.h
configure:5365: result: yes
configure:5365: checking time.h usability
configure:5365: gcc -c -g -O2  conftest.c >&5
configure:5365: $? = 0
configure:5365: result: yes
configure:5365: checking time.h presence
configure:5365: gcc -E  conftest.c
configure:5365: $? = 0
configure:5365: result: yes
configure:5365: checking for time.h
configure:5365: result: yes
configure:5365: checking getopt.h usability
configure:5365: gcc -c -g -O2  conftest.c >&5
configure:5365: $? = 0
configure:5365: result: yes
configure:5365: checking getopt.h presence
configure:5365: gcc -E  conftest.c
configure:5365: $? = 0
configure:5365: result: yes
configure:5365: checking for getopt.h
configure:5365: result: yes
configure:5365: checking regex.h usability
configure:5365: gcc -c -g -O2  conftest.c >&5
configure:5365: $? = 0
configure:5365: result: yes
configure:5365: checking regex.h presence
configure:5365: gcc -E  conftest.c
configure:5365: $? = 0
configure:5365: result: yes
configure:5365: checking for regex.h
configure:5365: result: yes
configure:5365: checking curses.h usability
configure:5365: gcc -c -g -O2  conftest.c >&5
configure:5365: $? = 0
configure:5365: result: yes
configure:5365: checking curses.h presence
configure:5365: gcc -E  conftest.c
configure:5365: $? = 0
configure:5365: result: yes
configure:5365: checking for curses.h
configure:5365: result: yes
configure:5365: checking termcap.h usability
configure:5365: gcc -c -g -O2  conftest.c >&5
configure:5365: $? = 0
configure:5365: result: yes
configure:5365: checking termcap.h presence
configure:5365: gcc -E  conftest.c
configure:5365: $? = 0
configure:5365: result: yes
configure:5365: checking for termcap.h
configure:5365: result: yes
configure:5380: checking for term.h
configure:5380: gcc -c -g -O2  conftest.c >&5
configure:5380: $? = 0
configure:5380: result: yes
configure:5380: checking for ncurses/term.h
configure:5380: gcc -c -g -O2  conftest.c >&5
conftest.c:51:26: error: ncurses/term.h: No such file or directory
configure:5380: $? = 1
configure: failed program was:
| /* confdefs.h */
| #define PACKAGE_NAME ""
| #define PACKAGE_TARNAME ""
| #define PACKAGE_VERSION ""
| #define PACKAGE_STRING ""
| #define PACKAGE_BUGREPORT ""
| #define PACKAGE_URL ""
| #define PACKAGE "rlwrap"
| #define VERSION "0.37"
| #define STDC_HEADERS 1
| #define HAVE_SYS_TYPES_H 1
| #define HAVE_SYS_STAT_H 1
| #define HAVE_STDLIB_H 1
| #define HAVE_STRING_H 1
| #define HAVE_MEMORY_H 1
| #define HAVE_STRINGS_H 1
| #define HAVE_INTTYPES_H 1
| #define HAVE_STDINT_H 1
| #define HAVE_UNISTD_H 1
| #define __EXTENSIONS__ 1
| #define _ALL_SOURCE 1
| #define _GNU_SOURCE 1
| #define _POSIX_PTHREAD_SEMANTICS 1
| #define _TANDEM_SOURCE 1
| #define SPY_ON_READLINE 1 
| #define STDC_HEADERS 1
| #define HAVE_SYS_WAIT_H 1
| #define HAVE_ERRNO_H 1
| #define HAVE_FCNTL_H 1
| #define HAVE_STDLIB_H 1
| #define HAVE_STRING_H 1
| #define HAVE_SCHED_H 1
| #define HAVE_SYS_IOCTL_H 1
| #define HAVE_SYS_WAIT_H 1
| #define HAVE_SYS_RESOURCE_H 1
| #define HAVE_STDDEF_H 1
| #define HAVE_TERMIOS_H 1
| #define HAVE_UNISTD_H 1
| #define HAVE_STDINT_H 1
| #define HAVE_TIME_H 1
| #define HAVE_GETOPT_H 1
| #define HAVE_REGEX_H 1
| #define HAVE_CURSES_H 1
| #define HAVE_TERMCAP_H 1
| #define HAVE_TERM_H 1
| /* end confdefs.h.  */
| #ifdef HAVE_CURSES_H
|      #include <curses.h>
|      #endif
| 
| #include <ncurses/term.h>
configure:5380: result: no
configure:5404: checking argument type of tputs putc function
configure:5431: gcc -c -g -O2  conftest.c >&5
conftest.c: In function 'main':
conftest.c:65: warning: passing argument 3 of 'tputs' from incompatible pointer type
configure:5431: $? = 0
configure: failed program was:
| /* confdefs.h */
| #define PACKAGE_NAME ""
| #define PACKAGE_TARNAME ""
| #define PACKAGE_VERSION ""
| #define PACKAGE_STRING ""
| #define PACKAGE_BUGREPORT ""
| #define PACKAGE_URL ""
| #define PACKAGE "rlwrap"
| #define VERSION "0.37"
| #define STDC_HEADERS 1
| #define HAVE_SYS_TYPES_H 1
| #define HAVE_SYS_STAT_H 1
| #define HAVE_STDLIB_H 1
| #define HAVE_STRING_H 1
| #define HAVE_MEMORY_H 1
| #define HAVE_STRINGS_H 1
| #define HAVE_INTTYPES_H 1
| #define HAVE_STDINT_H 1
| #define HAVE_UNISTD_H 1
| #define __EXTENSIONS__ 1
| #define _ALL_SOURCE 1
| #define _GNU_SOURCE 1
| #define _POSIX_PTHREAD_SEMANTICS 1
| #define _TANDEM_SOURCE 1
| #define SPY_ON_READLINE 1 
| #define STDC_HEADERS 1
| #define HAVE_SYS_WAIT_H 1
| #define HAVE_ERRNO_H 1
| #define HAVE_FCNTL_H 1
| #define HAVE_STDLIB_H 1
| #define HAVE_STRING_H 1
| #define HAVE_SCHED_H 1
| #define HAVE_SYS_IOCTL_H 1
| #define HAVE_SYS_WAIT_H 1
| #define HAVE_SYS_RESOURCE_H 1
| #define HAVE_STDDEF_H 1
| #define HAVE_TERMIOS_H 1
| #define HAVE_UNISTD_H 1
| #define HAVE_STDINT_H 1
| #define HAVE_TIME_H 1
| #define HAVE_GETOPT_H 1
| #define HAVE_REGEX_H 1
| #define HAVE_CURSES_H 1
| #define HAVE_TERMCAP_H 1
| #define HAVE_TERM_H 1
| /* end confdefs.h.  */
|  #ifdef HAVE_CURSES_H
|                #  include <curses.h>
|                #  ifdef HAVE_TERM_H
|                #    include <term.h>
|                #  else
|                #    ifdef HAVE_NCURSES_TERM_H /* cygwin? AIX? */
|                #      include <ncurses/term.h>
|                #    endif
|                #  endif
|                #else
|                #  ifdef HAVE_TERMCAP_H
|                #     include <termcap.h>
|                #  endif
|                #endif
|                int f(char i) { }
| int
| main ()
| {
| tputs("a", 1, f);
|   ;
|   return 0;
| }
configure:5437: result: int
configure:5446: checking whether your getopt() correctly understands double colons in option string
configure:5474: gcc -o conftest -g -O2  -L /usr/local/lib conftest.c  >&5
conftest.c: In function 'main':
conftest.c:59: warning: incompatible implicit declaration of built-in function 'exit'
configure:5474: $? = 0
configure:5474: ./conftest
configure:5474: $? = 255
configure: program exited with status 255
configure: failed program was:
| /* confdefs.h */
| #define PACKAGE_NAME ""
| #define PACKAGE_TARNAME ""
| #define PACKAGE_VERSION ""
| #define PACKAGE_STRING ""
| #define PACKAGE_BUGREPORT ""
| #define PACKAGE_URL ""
| #define PACKAGE "rlwrap"
| #define VERSION "0.37"
| #define STDC_HEADERS 1
| #define HAVE_SYS_TYPES_H 1
| #define HAVE_SYS_STAT_H 1
| #define HAVE_STDLIB_H 1
| #define HAVE_STRING_H 1
| #define HAVE_MEMORY_H 1
| #define HAVE_STRINGS_H 1
| #define HAVE_INTTYPES_H 1
| #define HAVE_STDINT_H 1
| #define HAVE_UNISTD_H 1
| #define __EXTENSIONS__ 1
| #define _ALL_SOURCE 1
| #define _GNU_SOURCE 1
| #define _POSIX_PTHREAD_SEMANTICS 1
| #define _TANDEM_SOURCE 1
| #define SPY_ON_READLINE 1 
| #define STDC_HEADERS 1
| #define HAVE_SYS_WAIT_H 1
| #define HAVE_ERRNO_H 1
| #define HAVE_FCNTL_H 1
| #define HAVE_STDLIB_H 1
| #define HAVE_STRING_H 1
| #define HAVE_SCHED_H 1
| #define HAVE_SYS_IOCTL_H 1
| #define HAVE_SYS_WAIT_H 1
| #define HAVE_SYS_RESOURCE_H 1
| #define HAVE_STDDEF_H 1
| #define HAVE_TERMIOS_H 1
| #define HAVE_UNISTD_H 1
| #define HAVE_STDINT_H 1
| #define HAVE_TIME_H 1
| #define HAVE_GETOPT_H 1
| #define HAVE_REGEX_H 1
| #define HAVE_CURSES_H 1
| #define HAVE_TERMCAP_H 1
| #define HAVE_TERM_H 1
| #define TPUTS_PUTC_ARGTYPE int
| /* end confdefs.h.  */
|  const char optstring[] = "+:a::b";
| 		         char  * myargv [] = {"progname", "-a", "-b"};
| 		         int myargc = 3;
| 			 extern char *optarg;
| 
| int
| main ()
| {
| 
| 		         int opt = getopt(myargc, myargv, optstring);
| 		         if (opt != 'a' || optarg) /* optarg != NULL means that -b is seen as argument of -a */
| 		           exit (-1);
| 		        else
| 		           exit(0);
|   ;
|   return 0;
| }
configure:5490: result: no
configure:5494: checking for an ANSI C-conforming const
configure:5559: gcc -c -g -O2  conftest.c >&5
configure:5559: $? = 0
configure:5566: result: yes
configure:5574: checking for pid_t
configure:5574: gcc -c -g -O2  conftest.c >&5
configure:5574: $? = 0
configure:5574: gcc -c -g -O2  conftest.c >&5
conftest.c: In function 'main':
conftest.c:84: error: expected expression before ')' token
configure:5574: $? = 1
configure: failed program was:
| /* confdefs.h */
| #define PACKAGE_NAME ""
| #define PACKAGE_TARNAME ""
| #define PACKAGE_VERSION ""
| #define PACKAGE_STRING ""
| #define PACKAGE_BUGREPORT ""
| #define PACKAGE_URL ""
| #define PACKAGE "rlwrap"
| #define VERSION "0.37"
| #define STDC_HEADERS 1
| #define HAVE_SYS_TYPES_H 1
| #define HAVE_SYS_STAT_H 1
| #define HAVE_STDLIB_H 1
| #define HAVE_STRING_H 1
| #define HAVE_MEMORY_H 1
| #define HAVE_STRINGS_H 1
| #define HAVE_INTTYPES_H 1
| #define HAVE_STDINT_H 1
| #define HAVE_UNISTD_H 1
| #define __EXTENSIONS__ 1
| #define _ALL_SOURCE 1
| #define _GNU_SOURCE 1
| #define _POSIX_PTHREAD_SEMANTICS 1
| #define _TANDEM_SOURCE 1
| #define SPY_ON_READLINE 1 
| #define STDC_HEADERS 1
| #define HAVE_SYS_WAIT_H 1
| #define HAVE_ERRNO_H 1
| #define HAVE_FCNTL_H 1
| #define HAVE_STDLIB_H 1
| #define HAVE_STRING_H 1
| #define HAVE_SCHED_H 1
| #define HAVE_SYS_IOCTL_H 1
| #define HAVE_SYS_WAIT_H 1
| #define HAVE_SYS_RESOURCE_H 1
| #define HAVE_STDDEF_H 1
| #define HAVE_TERMIOS_H 1
| #define HAVE_UNISTD_H 1
| #define HAVE_STDINT_H 1
| #define HAVE_TIME_H 1
| #define HAVE_GETOPT_H 1
| #define HAVE_REGEX_H 1
| #define HAVE_CURSES_H 1
| #define HAVE_TERMCAP_H 1
| #define HAVE_TERM_H 1
| #define TPUTS_PUTC_ARGTYPE int
| /* end confdefs.h.  */
| #include <stdio.h>
| #ifdef HAVE_SYS_TYPES_H
| # include <sys/types.h>
| #endif
| #ifdef HAVE_SYS_STAT_H
| # include <sys/stat.h>
| #endif
| #ifdef STDC_HEADERS
| # include <stdlib.h>
| # include <stddef.h>
| #else
| # ifdef HAVE_STDLIB_H
| #  include <stdlib.h>
| # endif
| #endif
| #ifdef HAVE_STRING_H
| # if !defined STDC_HEADERS && defined HAVE_MEMORY_H
| #  include <memory.h>
| # endif
| # include <string.h>
| #endif
| #ifdef HAVE_STRINGS_H
| # include <strings.h>
| #endif
| #ifdef HAVE_INTTYPES_H
| # include <inttypes.h>
| #endif
| #ifdef HAVE_STDINT_H
| # include <stdint.h>
| #endif
| #ifdef HAVE_UNISTD_H
| # include <unistd.h>
| #endif
| int
| main ()
| {
| if (sizeof ((pid_t)))
| 	    return 0;
|   ;
|   return 0;
| }
configure:5574: result: yes
configure:5585: checking whether time.h and sys/time.h may both be included
configure:5605: gcc -c -g -O2  conftest.c >&5
configure:5605: $? = 0
configure:5612: result: yes
configure:5623: checking whether gcc needs -traditional
conftest.c:49:20: error: termio.h: No such file or directory
configure:5657: result: no
configure:5664: checking return type of signal handlers
configure:5682: gcc -c -g -O2  conftest.c >&5
conftest.c: In function 'main':
conftest.c:55: error: void value not ignored as it ought to be
configure:5682: $? = 1
configure: failed program was:
| /* confdefs.h */
| #define PACKAGE_NAME ""
| #define PACKAGE_TARNAME ""
| #define PACKAGE_VERSION ""
| #define PACKAGE_STRING ""
| #define PACKAGE_BUGREPORT ""
| #define PACKAGE_URL ""
| #define PACKAGE "rlwrap"
| #define VERSION "0.37"
| #define STDC_HEADERS 1
| #define HAVE_SYS_TYPES_H 1
| #define HAVE_SYS_STAT_H 1
| #define HAVE_STDLIB_H 1
| #define HAVE_STRING_H 1
| #define HAVE_MEMORY_H 1
| #define HAVE_STRINGS_H 1
| #define HAVE_INTTYPES_H 1
| #define HAVE_STDINT_H 1
| #define HAVE_UNISTD_H 1
| #define __EXTENSIONS__ 1
| #define _ALL_SOURCE 1
| #define _GNU_SOURCE 1
| #define _POSIX_PTHREAD_SEMANTICS 1
| #define _TANDEM_SOURCE 1
| #define SPY_ON_READLINE 1 
| #define STDC_HEADERS 1
| #define HAVE_SYS_WAIT_H 1
| #define HAVE_ERRNO_H 1
| #define HAVE_FCNTL_H 1
| #define HAVE_STDLIB_H 1
| #define HAVE_STRING_H 1
| #define HAVE_SCHED_H 1
| #define HAVE_SYS_IOCTL_H 1
| #define HAVE_SYS_WAIT_H 1
| #define HAVE_SYS_RESOURCE_H 1
| #define HAVE_STDDEF_H 1
| #define HAVE_TERMIOS_H 1
| #define HAVE_UNISTD_H 1
| #define HAVE_STDINT_H 1
| #define HAVE_TIME_H 1
| #define HAVE_GETOPT_H 1
| #define HAVE_REGEX_H 1
| #define HAVE_CURSES_H 1
| #define HAVE_TERMCAP_H 1
| #define HAVE_TERM_H 1
| #define TPUTS_PUTC_ARGTYPE int
| #define TIME_WITH_SYS_TIME 1
| /* end confdefs.h.  */
| #include <sys/types.h>
| #include <signal.h>
| 
| int
| main ()
| {
| return *(signal (0, 0)) (0) == 1;
|   ;
|   return 0;
| }
configure:5689: result: void
configure:5699: checking for getopt_long
configure:5699: gcc -o conftest -g -O2  -L /usr/local/lib conftest.c  >&5
configure:5699: $? = 0
configure:5699: result: yes
configure:5712: checking for getopt_long
configure:5712: result: yes
configure:5712: checking for isastream
configure:5712: gcc -o conftest -g -O2  -L /usr/local/lib conftest.c  >&5
Undefined symbols for architecture x86_64:
  "_isastream", referenced from:
      _main in cc7L02M9.o
ld: symbol(s) not found for architecture x86_64
collect2: ld returned 1 exit status
configure:5712: $? = 1
configure: failed program was:
| /* confdefs.h */
| #define PACKAGE_NAME ""
| #define PACKAGE_TARNAME ""
| #define PACKAGE_VERSION ""
| #define PACKAGE_STRING ""
| #define PACKAGE_BUGREPORT ""
| #define PACKAGE_URL ""
| #define PACKAGE "rlwrap"
| #define VERSION "0.37"
| #define STDC_HEADERS 1
| #define HAVE_SYS_TYPES_H 1
| #define HAVE_SYS_STAT_H 1
| #define HAVE_STDLIB_H 1
| #define HAVE_STRING_H 1
| #define HAVE_MEMORY_H 1
| #define HAVE_STRINGS_H 1
| #define HAVE_INTTYPES_H 1
| #define HAVE_STDINT_H 1
| #define HAVE_UNISTD_H 1
| #define __EXTENSIONS__ 1
| #define _ALL_SOURCE 1
| #define _GNU_SOURCE 1
| #define _POSIX_PTHREAD_SEMANTICS 1
| #define _TANDEM_SOURCE 1
| #define SPY_ON_READLINE 1 
| #define STDC_HEADERS 1
| #define HAVE_SYS_WAIT_H 1
| #define HAVE_ERRNO_H 1
| #define HAVE_FCNTL_H 1
| #define HAVE_STDLIB_H 1
| #define HAVE_STRING_H 1
| #define HAVE_SCHED_H 1
| #define HAVE_SYS_IOCTL_H 1
| #define HAVE_SYS_WAIT_H 1
| #define HAVE_SYS_RESOURCE_H 1
| #define HAVE_STDDEF_H 1
| #define HAVE_TERMIOS_H 1
| #define HAVE_UNISTD_H 1
| #define HAVE_STDINT_H 1
| #define HAVE_TIME_H 1
| #define HAVE_GETOPT_H 1
| #define HAVE_REGEX_H 1
| #define HAVE_CURSES_H 1
| #define HAVE_TERMCAP_H 1
| #define HAVE_TERM_H 1
| #define TPUTS_PUTC_ARGTYPE int
| #define TIME_WITH_SYS_TIME 1
| #define RETSIGTYPE void
| #define HAVE_GETOPT_LONG 1
| /* end confdefs.h.  */
| /* Define isastream to an innocuous variant, in case <limits.h> declares isastream.
|    For example, HP-UX 11i <limits.h> declares gettimeofday.  */
| #define isastream innocuous_isastream
| 
| /* System header to define __stub macros and hopefully few prototypes,
|     which can conflict with char isastream (); below.
|     Prefer <limits.h> to <assert.h> if __STDC__ is defined, since
|     <limits.h> exists even on freestanding compilers.  */
| 
| #ifdef __STDC__
| # include <limits.h>
| #else
| # include <assert.h>
| #endif
| 
| #undef isastream
| 
| /* Override any GCC internal prototype to avoid an error.
|    Use char because int might match the return type of a GCC
|    builtin and then its argument prototype would still apply.  */
| #ifdef __cplusplus
| extern "C"
| #endif
| char isastream ();
| /* The GNU C library defines this for functions which it implements
|     to always fail with ENOSYS.  Some functions are actually named
|     something starting with __ and the normal name is an alias.  */
| #if defined __stub_isastream || defined __stub___isastream
| choke me
| #endif
| 
| int
| main ()
| {
| return isastream ();
|   ;
|   return 0;
| }
configure:5712: result: no
configure:5712: checking for mkstemp
configure:5712: gcc -o conftest -g -O2  -L /usr/local/lib conftest.c  >&5
configure:5712: $? = 0
configure:5712: result: yes
configure:5712: checking for pselect
configure:5712: gcc -o conftest -g -O2  -L /usr/local/lib conftest.c  >&5
configure:5712: $? = 0
configure:5712: result: yes
configure:5712: checking for putenv
configure:5712: gcc -o conftest -g -O2  -L /usr/local/lib conftest.c  >&5
configure:5712: $? = 0
configure:5712: result: yes
configure:5712: checking for readlink
configure:5712: gcc -o conftest -g -O2  -L /usr/local/lib conftest.c  >&5
configure:5712: $? = 0
configure:5712: result: yes
configure:5712: checking for sched_yield
configure:5712: gcc -o conftest -g -O2  -L /usr/local/lib conftest.c  >&5
configure:5712: $? = 0
configure:5712: result: yes
configure:5725: checking for setenv
configure:5725: gcc -o conftest -g -O2  -L /usr/local/lib conftest.c  >&5
configure:5725: $? = 0
configure:5725: result: yes
configure:5725: checking for setitimer
configure:5725: gcc -o conftest -g -O2  -L /usr/local/lib conftest.c  >&5
configure:5725: $? = 0
configure:5725: result: yes
configure:5725: checking for setsid
configure:5725: gcc -o conftest -g -O2  -L /usr/local/lib conftest.c  >&5
configure:5725: $? = 0
configure:5725: result: yes
configure:5725: checking for setrlimit
configure:5725: gcc -o conftest -g -O2  -L /usr/local/lib conftest.c  >&5
configure:5725: $? = 0
configure:5725: result: yes
configure:5725: checking for sigaction
configure:5725: gcc -o conftest -g -O2  -L /usr/local/lib conftest.c  >&5
configure:5725: $? = 0
configure:5725: result: yes
configure:5725: checking for snprintf
configure:5725: gcc -o conftest -g -O2  -L /usr/local/lib conftest.c  >&5
conftest.c:84: warning: conflicting types for built-in function 'snprintf'
configure:5725: $? = 0
configure:5725: result: yes
configure:5725: checking for strlcpy
configure:5725: gcc -o conftest -g -O2  -L /usr/local/lib conftest.c  >&5
configure:5725: $? = 0
configure:5725: result: yes
configure:5725: checking for strlcat
configure:5725: gcc -o conftest -g -O2  -L /usr/local/lib conftest.c  >&5
configure:5725: $? = 0
configure:5725: result: yes
configure:5725: checking for strnlen
configure:5725: gcc -o conftest -g -O2  -L /usr/local/lib conftest.c  >&5
configure:5725: $? = 0
configure:5725: result: yes
configure:5725: checking for system
configure:5725: gcc -o conftest -g -O2  -L /usr/local/lib conftest.c  >&5
configure:5725: $? = 0
configure:5725: result: yes
configure:5747: checking for openpty in -lutil
configure:5772: gcc -o conftest -g -O2  -L /usr/local/lib conftest.c -lutil   >&5
configure:5772: $? = 0
configure:5781: result: yes
configure:5795: checking for openpty
configure:5795: gcc -o conftest -g -O2  -L /usr/local/lib conftest.c -lutil  >&5
configure:5795: $? = 0
configure:5795: result: yes
configure:5795: checking for getpty
configure:5795: gcc -o conftest -g -O2  -L /usr/local/lib conftest.c -lutil  >&5
Undefined symbols for architecture x86_64:
  "_getpty", referenced from:
      _main in ccY0ldBA.o
ld: symbol(s) not found for architecture x86_64
collect2: ld returned 1 exit status
configure:5795: $? = 1
configure: failed program was:
| /* confdefs.h */
| #define PACKAGE_NAME ""
| #define PACKAGE_TARNAME ""
| #define PACKAGE_VERSION ""
| #define PACKAGE_STRING ""
| #define PACKAGE_BUGREPORT ""
| #define PACKAGE_URL ""
| #define PACKAGE "rlwrap"
| #define VERSION "0.37"
| #define STDC_HEADERS 1
| #define HAVE_SYS_TYPES_H 1
| #define HAVE_SYS_STAT_H 1
| #define HAVE_STDLIB_H 1
| #define HAVE_STRING_H 1
| #define HAVE_MEMORY_H 1
| #define HAVE_STRINGS_H 1
| #define HAVE_INTTYPES_H 1
| #define HAVE_STDINT_H 1
| #define HAVE_UNISTD_H 1
| #define __EXTENSIONS__ 1
| #define _ALL_SOURCE 1
| #define _GNU_SOURCE 1
| #define _POSIX_PTHREAD_SEMANTICS 1
| #define _TANDEM_SOURCE 1
| #define SPY_ON_READLINE 1 
| #define STDC_HEADERS 1
| #define HAVE_SYS_WAIT_H 1
| #define HAVE_ERRNO_H 1
| #define HAVE_FCNTL_H 1
| #define HAVE_STDLIB_H 1
| #define HAVE_STRING_H 1
| #define HAVE_SCHED_H 1
| #define HAVE_SYS_IOCTL_H 1
| #define HAVE_SYS_WAIT_H 1
| #define HAVE_SYS_RESOURCE_H 1
| #define HAVE_STDDEF_H 1
| #define HAVE_TERMIOS_H 1
| #define HAVE_UNISTD_H 1
| #define HAVE_STDINT_H 1
| #define HAVE_TIME_H 1
| #define HAVE_GETOPT_H 1
| #define HAVE_REGEX_H 1
| #define HAVE_CURSES_H 1
| #define HAVE_TERMCAP_H 1
| #define HAVE_TERM_H 1
| #define TPUTS_PUTC_ARGTYPE int
| #define TIME_WITH_SYS_TIME 1
| #define RETSIGTYPE void
| #define HAVE_GETOPT_LONG 1
| #define HAVE_MKSTEMP 1
| #define HAVE_PSELECT 1
| #define HAVE_PUTENV 1
| #define HAVE_READLINK 1
| #define HAVE_SCHED_YIELD 1
| #define HAVE_SETENV 1
| #define HAVE_SETITIMER 1
| #define HAVE_SETSID 1
| #define HAVE_SETRLIMIT 1
| #define HAVE_SIGACTION 1
| #define HAVE_SNPRINTF 1
| #define HAVE_STRLCPY 1
| #define HAVE_STRLCAT 1
| #define HAVE_STRNLEN 1
| #define HAVE_SYSTEM 1
| #define HAVE_LIBUTIL 1
| #define HAVE_OPENPTY 1
| /* end confdefs.h.  */
| /* Define getpty to an innocuous variant, in case <limits.h> declares getpty.
|    For example, HP-UX 11i <limits.h> declares gettimeofday.  */
| #define getpty innocuous_getpty
| 
| /* System header to define __stub macros and hopefully few prototypes,
|     which can conflict with char getpty (); below.
|     Prefer <limits.h> to <assert.h> if __STDC__ is defined, since
|     <limits.h> exists even on freestanding compilers.  */
| 
| #ifdef __STDC__
| # include <limits.h>
| #else
| # include <assert.h>
| #endif
| 
| #undef getpty
| 
| /* Override any GCC internal prototype to avoid an error.
|    Use char because int might match the return type of a GCC
|    builtin and then its argument prototype would still apply.  */
| #ifdef __cplusplus
| extern "C"
| #endif
| char getpty ();
| /* The GNU C library defines this for functions which it implements
|     to always fail with ENOSYS.  Some functions are actually named
|     something starting with __ and the normal name is an alias.  */
| #if defined __stub_getpty || defined __stub___getpty
| choke me
| #endif
| 
| int
| main ()
| {
| return getpty ();
|   ;
|   return 0;
| }
configure:5795: result: no
configure:5795: checking for grantpt
configure:5795: gcc -o conftest -g -O2  -L /usr/local/lib conftest.c -lutil  >&5
configure:5795: $? = 0
configure:5795: result: yes
configure:5795: checking for unlockpt
configure:5795: gcc -o conftest -g -O2  -L /usr/local/lib conftest.c -lutil  >&5
configure:5795: $? = 0
configure:5795: result: yes
configure:5808: checking for getpt
configure:5827: gcc -o conftest -g -O2  -L /usr/local/lib conftest.c -lutil  >&5
conftest.c:70:1: warning: "_GNU_SOURCE" redefined
conftest.c:22:1: warning: this is the location of the previous definition
Undefined symbols for architecture x86_64:
  "_getpt", referenced from:
      _main in cc3u44TD.o
ld: symbol(s) not found for architecture x86_64
collect2: ld returned 1 exit status
configure:5827: $? = 1
configure: failed program was:
| /* confdefs.h */
| #define PACKAGE_NAME ""
| #define PACKAGE_TARNAME ""
| #define PACKAGE_VERSION ""
| #define PACKAGE_STRING ""
| #define PACKAGE_BUGREPORT ""
| #define PACKAGE_URL ""
| #define PACKAGE "rlwrap"
| #define VERSION "0.37"
| #define STDC_HEADERS 1
| #define HAVE_SYS_TYPES_H 1
| #define HAVE_SYS_STAT_H 1
| #define HAVE_STDLIB_H 1
| #define HAVE_STRING_H 1
| #define HAVE_MEMORY_H 1
| #define HAVE_STRINGS_H 1
| #define HAVE_INTTYPES_H 1
| #define HAVE_STDINT_H 1
| #define HAVE_UNISTD_H 1
| #define __EXTENSIONS__ 1
| #define _ALL_SOURCE 1
| #define _GNU_SOURCE 1
| #define _POSIX_PTHREAD_SEMANTICS 1
| #define _TANDEM_SOURCE 1
| #define SPY_ON_READLINE 1 
| #define STDC_HEADERS 1
| #define HAVE_SYS_WAIT_H 1
| #define HAVE_ERRNO_H 1
| #define HAVE_FCNTL_H 1
| #define HAVE_STDLIB_H 1
| #define HAVE_STRING_H 1
| #define HAVE_SCHED_H 1
| #define HAVE_SYS_IOCTL_H 1
| #define HAVE_SYS_WAIT_H 1
| #define HAVE_SYS_RESOURCE_H 1
| #define HAVE_STDDEF_H 1
| #define HAVE_TERMIOS_H 1
| #define HAVE_UNISTD_H 1
| #define HAVE_STDINT_H 1
| #define HAVE_TIME_H 1
| #define HAVE_GETOPT_H 1
| #define HAVE_REGEX_H 1
| #define HAVE_CURSES_H 1
| #define HAVE_TERMCAP_H 1
| #define HAVE_TERM_H 1
| #define TPUTS_PUTC_ARGTYPE int
| #define TIME_WITH_SYS_TIME 1
| #define RETSIGTYPE void
| #define HAVE_GETOPT_LONG 1
| #define HAVE_MKSTEMP 1
| #define HAVE_PSELECT 1
| #define HAVE_PUTENV 1
| #define HAVE_READLINK 1
| #define HAVE_SCHED_YIELD 1
| #define HAVE_SETENV 1
| #define HAVE_SETITIMER 1
| #define HAVE_SETSID 1
| #define HAVE_SETRLIMIT 1
| #define HAVE_SIGACTION 1
| #define HAVE_SNPRINTF 1
| #define HAVE_STRLCPY 1
| #define HAVE_STRLCAT 1
| #define HAVE_STRNLEN 1
| #define HAVE_SYSTEM 1
| #define HAVE_LIBUTIL 1
| #define HAVE_OPENPTY 1
| #define HAVE_GRANTPT 1
| #define HAVE_UNLOCKPT 1
| /* end confdefs.h.  */
| #define _GNU_SOURCE
| #ifdef HAVE_STDLIB_H
| # include <stdlib.h>
| #endif
| int
| main ()
| {
| (void)getpt();
|   ;
|   return 0;
| }
configure:5835: result: no
configure:5844: checking for pty/tty type
configure:5853: checking pty.h usability
configure:5853: gcc -c -g -O2  conftest.c >&5
conftest.c:103:17: error: pty.h: No such file or directory
configure:5853: $? = 1
configure: failed program was:
| /* confdefs.h */
| #define PACKAGE_NAME ""
| #define PACKAGE_TARNAME ""
| #define PACKAGE_VERSION ""
| #define PACKAGE_STRING ""
| #define PACKAGE_BUGREPORT ""
| #define PACKAGE_URL ""
| #define PACKAGE "rlwrap"
| #define VERSION "0.37"
| #define STDC_HEADERS 1
| #define HAVE_SYS_TYPES_H 1
| #define HAVE_SYS_STAT_H 1
| #define HAVE_STDLIB_H 1
| #define HAVE_STRING_H 1
| #define HAVE_MEMORY_H 1
| #define HAVE_STRINGS_H 1
| #define HAVE_INTTYPES_H 1
| #define HAVE_STDINT_H 1
| #define HAVE_UNISTD_H 1
| #define __EXTENSIONS__ 1
| #define _ALL_SOURCE 1
| #define _GNU_SOURCE 1
| #define _POSIX_PTHREAD_SEMANTICS 1
| #define _TANDEM_SOURCE 1
| #define SPY_ON_READLINE 1 
| #define STDC_HEADERS 1
| #define HAVE_SYS_WAIT_H 1
| #define HAVE_ERRNO_H 1
| #define HAVE_FCNTL_H 1
| #define HAVE_STDLIB_H 1
| #define HAVE_STRING_H 1
| #define HAVE_SCHED_H 1
| #define HAVE_SYS_IOCTL_H 1
| #define HAVE_SYS_WAIT_H 1
| #define HAVE_SYS_RESOURCE_H 1
| #define HAVE_STDDEF_H 1
| #define HAVE_TERMIOS_H 1
| #define HAVE_UNISTD_H 1
| #define HAVE_STDINT_H 1
| #define HAVE_TIME_H 1
| #define HAVE_GETOPT_H 1
| #define HAVE_REGEX_H 1
| #define HAVE_CURSES_H 1
| #define HAVE_TERMCAP_H 1
| #define HAVE_TERM_H 1
| #define TPUTS_PUTC_ARGTYPE int
| #define TIME_WITH_SYS_TIME 1
| #define RETSIGTYPE void
| #define HAVE_GETOPT_LONG 1
| #define HAVE_MKSTEMP 1
| #define HAVE_PSELECT 1
| #define HAVE_PUTENV 1
| #define HAVE_READLINK 1
| #define HAVE_SCHED_YIELD 1
| #define HAVE_SETENV 1
| #define HAVE_SETITIMER 1
| #define HAVE_SETSID 1
| #define HAVE_SETRLIMIT 1
| #define HAVE_SIGACTION 1
| #define HAVE_SNPRINTF 1
| #define HAVE_STRLCPY 1
| #define HAVE_STRLCAT 1
| #define HAVE_STRNLEN 1
| #define HAVE_SYSTEM 1
| #define HAVE_LIBUTIL 1
| #define HAVE_OPENPTY 1
| #define HAVE_GRANTPT 1
| #define HAVE_UNLOCKPT 1
| /* end confdefs.h.  */
| #include <stdio.h>
| #ifdef HAVE_SYS_TYPES_H
| # include <sys/types.h>
| #endif
| #ifdef HAVE_SYS_STAT_H
| # include <sys/stat.h>
| #endif
| #ifdef STDC_HEADERS
| # include <stdlib.h>
| # include <stddef.h>
| #else
| # ifdef HAVE_STDLIB_H
| #  include <stdlib.h>
| # endif
| #endif
| #ifdef HAVE_STRING_H
| # if !defined STDC_HEADERS && defined HAVE_MEMORY_H
| #  include <memory.h>
| # endif
| # include <string.h>
| #endif
| #ifdef HAVE_STRINGS_H
| # include <strings.h>
| #endif
| #ifdef HAVE_INTTYPES_H
| # include <inttypes.h>
| #endif
| #ifdef HAVE_STDINT_H
| # include <stdint.h>
| #endif
| #ifdef HAVE_UNISTD_H
| # include <unistd.h>
| #endif
| #include <pty.h>
configure:5853: result: no
configure:5853: checking pty.h presence
configure:5853: gcc -E  conftest.c
conftest.c:70:17: error: pty.h: No such file or directory
configure:5853: $? = 1
configure: failed program was:
| /* confdefs.h */
| #define PACKAGE_NAME ""
| #define PACKAGE_TARNAME ""
| #define PACKAGE_VERSION ""
| #define PACKAGE_STRING ""
| #define PACKAGE_BUGREPORT ""
| #define PACKAGE_URL ""
| #define PACKAGE "rlwrap"
| #define VERSION "0.37"
| #define STDC_HEADERS 1
| #define HAVE_SYS_TYPES_H 1
| #define HAVE_SYS_STAT_H 1
| #define HAVE_STDLIB_H 1
| #define HAVE_STRING_H 1
| #define HAVE_MEMORY_H 1
| #define HAVE_STRINGS_H 1
| #define HAVE_INTTYPES_H 1
| #define HAVE_STDINT_H 1
| #define HAVE_UNISTD_H 1
| #define __EXTENSIONS__ 1
| #define _ALL_SOURCE 1
| #define _GNU_SOURCE 1
| #define _POSIX_PTHREAD_SEMANTICS 1
| #define _TANDEM_SOURCE 1
| #define SPY_ON_READLINE 1 
| #define STDC_HEADERS 1
| #define HAVE_SYS_WAIT_H 1
| #define HAVE_ERRNO_H 1
| #define HAVE_FCNTL_H 1
| #define HAVE_STDLIB_H 1
| #define HAVE_STRING_H 1
| #define HAVE_SCHED_H 1
| #define HAVE_SYS_IOCTL_H 1
| #define HAVE_SYS_WAIT_H 1
| #define HAVE_SYS_RESOURCE_H 1
| #define HAVE_STDDEF_H 1
| #define HAVE_TERMIOS_H 1
| #define HAVE_UNISTD_H 1
| #define HAVE_STDINT_H 1
| #define HAVE_TIME_H 1
| #define HAVE_GETOPT_H 1
| #define HAVE_REGEX_H 1
| #define HAVE_CURSES_H 1
| #define HAVE_TERMCAP_H 1
| #define HAVE_TERM_H 1
| #define TPUTS_PUTC_ARGTYPE int
| #define TIME_WITH_SYS_TIME 1
| #define RETSIGTYPE void
| #define HAVE_GETOPT_LONG 1
| #define HAVE_MKSTEMP 1
| #define HAVE_PSELECT 1
| #define HAVE_PUTENV 1
| #define HAVE_READLINK 1
| #define HAVE_SCHED_YIELD 1
| #define HAVE_SETENV 1
| #define HAVE_SETITIMER 1
| #define HAVE_SETSID 1
| #define HAVE_SETRLIMIT 1
| #define HAVE_SIGACTION 1
| #define HAVE_SNPRINTF 1
| #define HAVE_STRLCPY 1
| #define HAVE_STRLCAT 1
| #define HAVE_STRNLEN 1
| #define HAVE_SYSTEM 1
| #define HAVE_LIBUTIL 1
| #define HAVE_OPENPTY 1
| #define HAVE_GRANTPT 1
| #define HAVE_UNLOCKPT 1
| /* end confdefs.h.  */
| #include <pty.h>
configure:5853: result: no
configure:5853: checking for pty.h
configure:5853: result: no
configure:5891: result: OPENPTY
configure:5941: checking for pty ranges...
configure:5966: checking for tgetent
configure:5966: gcc -o conftest -g -O2  -L /usr/local/lib conftest.c -lutil  >&5
Undefined symbols for architecture x86_64:
  "_tgetent", referenced from:
      _main in ccfhVlRH.o
ld: symbol(s) not found for architecture x86_64
collect2: ld returned 1 exit status
configure:5966: $? = 1
configure: failed program was:
| /* confdefs.h */
| #define PACKAGE_NAME ""
| #define PACKAGE_TARNAME ""
| #define PACKAGE_VERSION ""
| #define PACKAGE_STRING ""
| #define PACKAGE_BUGREPORT ""
| #define PACKAGE_URL ""
| #define PACKAGE "rlwrap"
| #define VERSION "0.37"
| #define STDC_HEADERS 1
| #define HAVE_SYS_TYPES_H 1
| #define HAVE_SYS_STAT_H 1
| #define HAVE_STDLIB_H 1
| #define HAVE_STRING_H 1
| #define HAVE_MEMORY_H 1
| #define HAVE_STRINGS_H 1
| #define HAVE_INTTYPES_H 1
| #define HAVE_STDINT_H 1
| #define HAVE_UNISTD_H 1
| #define __EXTENSIONS__ 1
| #define _ALL_SOURCE 1
| #define _GNU_SOURCE 1
| #define _POSIX_PTHREAD_SEMANTICS 1
| #define _TANDEM_SOURCE 1
| #define SPY_ON_READLINE 1 
| #define STDC_HEADERS 1
| #define HAVE_SYS_WAIT_H 1
| #define HAVE_ERRNO_H 1
| #define HAVE_FCNTL_H 1
| #define HAVE_STDLIB_H 1
| #define HAVE_STRING_H 1
| #define HAVE_SCHED_H 1
| #define HAVE_SYS_IOCTL_H 1
| #define HAVE_SYS_WAIT_H 1
| #define HAVE_SYS_RESOURCE_H 1
| #define HAVE_STDDEF_H 1
| #define HAVE_TERMIOS_H 1
| #define HAVE_UNISTD_H 1
| #define HAVE_STDINT_H 1
| #define HAVE_TIME_H 1
| #define HAVE_GETOPT_H 1
| #define HAVE_REGEX_H 1
| #define HAVE_CURSES_H 1
| #define HAVE_TERMCAP_H 1
| #define HAVE_TERM_H 1
| #define TPUTS_PUTC_ARGTYPE int
| #define TIME_WITH_SYS_TIME 1
| #define RETSIGTYPE void
| #define HAVE_GETOPT_LONG 1
| #define HAVE_MKSTEMP 1
| #define HAVE_PSELECT 1
| #define HAVE_PUTENV 1
| #define HAVE_READLINK 1
| #define HAVE_SCHED_YIELD 1
| #define HAVE_SETENV 1
| #define HAVE_SETITIMER 1
| #define HAVE_SETSID 1
| #define HAVE_SETRLIMIT 1
| #define HAVE_SIGACTION 1
| #define HAVE_SNPRINTF 1
| #define HAVE_STRLCPY 1
| #define HAVE_STRLCAT 1
| #define HAVE_STRNLEN 1
| #define HAVE_SYSTEM 1
| #define HAVE_LIBUTIL 1
| #define HAVE_OPENPTY 1
| #define HAVE_GRANTPT 1
| #define HAVE_UNLOCKPT 1
| #define PTYS_ARE_OPENPTY 1
| #define PTYCHAR1 "pqrstuvw"
| #define PTYCHAR2 "0123456789abcdef"
| /* end confdefs.h.  */
| /* Define tgetent to an innocuous variant, in case <limits.h> declares tgetent.
|    For example, HP-UX 11i <limits.h> declares gettimeofday.  */
| #define tgetent innocuous_tgetent
| 
| /* System header to define __stub macros and hopefully few prototypes,
|     which can conflict with char tgetent (); below.
|     Prefer <limits.h> to <assert.h> if __STDC__ is defined, since
|     <limits.h> exists even on freestanding compilers.  */
| 
| #ifdef __STDC__
| # include <limits.h>
| #else
| # include <assert.h>
| #endif
| 
| #undef tgetent
| 
| /* Override any GCC internal prototype to avoid an error.
|    Use char because int might match the return type of a GCC
|    builtin and then its argument prototype would still apply.  */
| #ifdef __cplusplus
| extern "C"
| #endif
| char tgetent ();
| /* The GNU C library defines this for functions which it implements
|     to always fail with ENOSYS.  Some functions are actually named
|     something starting with __ and the normal name is an alias.  */
| #if defined __stub_tgetent || defined __stub___tgetent
| choke me
| #endif
| 
| int
| main ()
| {
| return tgetent ();
|   ;
|   return 0;
| }
configure:5966: result: no
configure:5970: checking for tgetent in -lcurses
configure:5995: gcc -o conftest -g -O2  -L /usr/local/lib conftest.c -lcurses  -lutil  >&5
configure:5995: $? = 0
configure:6004: result: yes
configure:6102: checking for readline in -lreadline
configure:6127: gcc -o conftest -g -O2  -L /usr/local/lib conftest.c -lreadline -lcurses -lutil  >&5
configure:6127: $? = 0
configure:6136: result: yes
configure:6152: checking whether your readline headers know about rl_set_screen_size
configure:6170: result: yes
configure:6173: checking whether your readline library knows about rl_set_screen_size
configure:6175: checking for rl_set_screen_size
configure:6175: gcc -o conftest -g -O2  -L /usr/local/lib conftest.c -lutil  -lreadline -lcurses >&5
configure:6175: $? = 0
configure:6175: result: yes
configure:6189: checking whether your readline knows about rl_variable_value
configure:6205: result: yes
configure:6208: checking whether your readline knows about rl_readline_version
configure:6224: result: yes
configure:6232: checking for /proc/25772/cwd/configure.ac
configure:6246: result: no
configure:6398: creating ./config.status

## ---------------------- ##
## Running config.status. ##
## ---------------------- ##

This file was extended by config.status, which was
generated by GNU Autoconf 2.64.  Invocation command line was

  CONFIG_FILES    = 
  CONFIG_HEADERS  = 
  CONFIG_LINKS    = 
  CONFIG_COMMANDS = 
  $ ./config.status 

on Nuno.local

config.status:916: creating Makefile
config.status:916: creating filters/Makefile
config.status:916: creating doc/Makefile
config.status:916: creating src/Makefile
config.status:916: creating doc/rlwrap.man
config.status:916: creating config.h
config.status:1088: config.h is unchanged
config.status:1136: executing depfiles commands

## ---------------- ##
## Cache variables. ##
## ---------------- ##

ac_cv_build=i386-apple-darwin11.2.0
ac_cv_c_compiler_gnu=yes
ac_cv_c_const=yes
ac_cv_env_CC_set=
ac_cv_env_CC_value=
ac_cv_env_CFLAGS_set=
ac_cv_env_CFLAGS_value=
ac_cv_env_CPPFLAGS_set=
ac_cv_env_CPPFLAGS_value=
ac_cv_env_CPP_set=
ac_cv_env_CPP_value=
ac_cv_env_LDFLAGS_set=set
ac_cv_env_LDFLAGS_value='-L /usr/local/lib'
ac_cv_env_LIBS_set=
ac_cv_env_LIBS_value=
ac_cv_env_build_alias_set=
ac_cv_env_build_alias_value=
ac_cv_env_host_alias_set=
ac_cv_env_host_alias_value=
ac_cv_env_target_alias_set=
ac_cv_env_target_alias_value=
ac_cv_file__proc_25772_cwd_configure_ac=no
ac_cv_func_getopt_long=yes
ac_cv_func_getpty=no
ac_cv_func_grantpt=yes
ac_cv_func_isastream=no
ac_cv_func_mkstemp=yes
ac_cv_func_openpty=yes
ac_cv_func_pselect=yes
ac_cv_func_putenv=yes
ac_cv_func_readlink=yes
ac_cv_func_rl_set_screen_size=yes
ac_cv_func_sched_yield=yes
ac_cv_func_setenv=yes
ac_cv_func_setitimer=yes
ac_cv_func_setrlimit=yes
ac_cv_func_setsid=yes
ac_cv_func_sigaction=yes
ac_cv_func_snprintf=yes
ac_cv_func_strlcat=yes
ac_cv_func_strlcpy=yes
ac_cv_func_strnlen=yes
ac_cv_func_system=yes
ac_cv_func_tgetent=no
ac_cv_func_unlockpt=yes
ac_cv_header_curses_h=yes
ac_cv_header_errno_h=yes
ac_cv_header_fcntl_h=yes
ac_cv_header_getopt_h=yes
ac_cv_header_inttypes_h=yes
ac_cv_header_libutil_h=no
ac_cv_header_memory_h=yes
ac_cv_header_minix_config_h=no
ac_cv_header_ncurses_term_h=no
ac_cv_header_pty_h=no
ac_cv_header_regex_h=yes
ac_cv_header_sched_h=yes
ac_cv_header_stdc=yes
ac_cv_header_stddef_h=yes
ac_cv_header_stdint_h=yes
ac_cv_header_stdlib_h=yes
ac_cv_header_string_h=yes
ac_cv_header_strings_h=yes
ac_cv_header_sys_ioctl_h=yes
ac_cv_header_sys_resource_h=yes
ac_cv_header_sys_stat_h=yes
ac_cv_header_sys_types_h=yes
ac_cv_header_sys_wait_h=yes
ac_cv_header_term_h=yes
ac_cv_header_termcap_h=yes
ac_cv_header_termios_h=yes
ac_cv_header_time=yes
ac_cv_header_time_h=yes
ac_cv_header_unistd_h=yes
ac_cv_host=i386-apple-darwin11.2.0
ac_cv_lib_curses_tgetent=yes
ac_cv_lib_readline_readline=yes
ac_cv_lib_util_openpty=yes
ac_cv_objext=o
ac_cv_path_EGREP='/usr/bin/grep -E'
ac_cv_path_GREP=/usr/bin/grep
ac_cv_path_PERL=/usr/bin/perl
ac_cv_path_install='/usr/local/bin/install -c'
ac_cv_path_mkdir=/usr/local/bin/mkdir
ac_cv_prog_AWK=awk
ac_cv_prog_CPP='gcc -E'
ac_cv_prog_STRIP=strip
ac_cv_prog_ac_ct_CC=gcc
ac_cv_prog_cc_c89=
ac_cv_prog_cc_g=yes
ac_cv_prog_gcc_traditional=no
ac_cv_prog_make_make_set=yes
ac_cv_safe_to_define___extensions__=yes
ac_cv_type_pid_t=yes
ac_cv_type_signal=void
ac_cv_type_tputs_putc=int
am_cv_CC_dependencies_compiler_type=gcc3
ptyttylib_cv_func_getpt=no
ptyttylib_cv_ptys=OPENPTY

## ----------------- ##
## Output variables. ##
## ----------------- ##

ACLOCAL='${SHELL} /Users/nfma/Apps/rlwrap-0.37/tools/missing --run aclocal-1.11'
AMDEPBACKSLASH='\'
AMDEP_FALSE='#'
AMDEP_TRUE=''
AMTAR='${SHELL} /Users/nfma/Apps/rlwrap-0.37/tools/missing --run tar'
AUTOCONF='${SHELL} /Users/nfma/Apps/rlwrap-0.37/tools/missing --run autoconf'
AUTOHEADER='${SHELL} /Users/nfma/Apps/rlwrap-0.37/tools/missing --run autoheader'
AUTOMAKE='${SHELL} /Users/nfma/Apps/rlwrap-0.37/tools/missing --run automake-1.11'
AWK='awk'
CC='gcc'
CCDEPMODE='depmode=gcc3'
CFLAGS='-g -O2'
CPP='gcc -E'
CPPFLAGS=''
CYGPATH_W='echo'
DEFS='-DHAVE_CONFIG_H'
DEPDIR='.deps'
ECHO_C='\c'
ECHO_N=''
ECHO_T=''
EGREP='/usr/bin/grep -E'
EXEEXT=''
GREP='/usr/bin/grep'
HAVE_LONG_OPTS='yes'
HAVE_OPTIONAL_ARGS='no'
HAVE_PROC_PID_CWD='no'
INSTALL_DATA='${INSTALL} -m 644'
INSTALL_PROGRAM='${INSTALL}'
INSTALL_SCRIPT='${INSTALL}'
INSTALL_STRIP_PROGRAM='$(install_sh) -c -s'
LDFLAGS='-L /usr/local/lib'
LIBOBJS=''
LIBS='-lutil  -lreadline -lcurses'
LTLIBOBJS=''
MAKEINFO='${SHELL} /Users/nfma/Apps/rlwrap-0.37/tools/missing --run makeinfo'
MKDIR_P='/usr/local/bin/mkdir -p'
OBJEXT='o'
PACKAGE='rlwrap'
PACKAGE_BUGREPORT=''
PACKAGE_NAME=''
PACKAGE_STRING=''
PACKAGE_TARNAME=''
PACKAGE_URL=''
PACKAGE_VERSION=''
PATH_SEPARATOR=':'
PERL='/usr/bin/perl'
SET_MAKE=''
SHELL='/bin/sh'
STRIP='strip'
VERSION='0.37'
ac_ct_CC='gcc'
am__EXEEXT_FALSE=''
am__EXEEXT_TRUE='#'
am__fastdepCC_FALSE='#'
am__fastdepCC_TRUE=''
am__include='include'
am__isrc=''
am__leading_dot='.'
am__quote=''
am__tar='${AMTAR} chof - "$$tardir"'
am__untar='${AMTAR} xf -'
bindir='${exec_prefix}/bin'
build='i386-apple-darwin11.2.0'
build_alias=''
build_cpu='i386'
build_os='darwin11.2.0'
build_vendor='apple'
datadir='${datarootdir}'
datarootdir='${prefix}/share'
docdir='${datarootdir}/doc/${PACKAGE}'
dvidir='${docdir}'
exec_prefix='${prefix}'
host='i386-apple-darwin11.2.0'
host_alias=''
host_cpu='i386'
host_os='darwin11.2.0'
host_vendor='apple'
htmldir='${docdir}'
includedir='${prefix}/include'
infodir='${datarootdir}/info'
install_sh='${SHELL} /Users/nfma/Apps/rlwrap-0.37/tools/install-sh'
libdir='${exec_prefix}/lib'
libexecdir='${exec_prefix}/libexec'
localedir='${datarootdir}/locale'
localstatedir='${prefix}/var'
mandir='${datarootdir}/man'
mkdir_p='/usr/local/bin/mkdir -p'
oldincludedir='/usr/include'
pdfdir='${docdir}'
prefix='/usr/local'
program_transform_name='s,x,x,'
psdir='${docdir}'
sbindir='${exec_prefix}/sbin'
sharedstatedir='${prefix}/com'
sysconfdir='${prefix}/etc'
target_alias=''

## ----------- ##
## confdefs.h. ##
## ----------- ##

/* confdefs.h */
#define PACKAGE_NAME ""
#define PACKAGE_TARNAME ""
#define PACKAGE_VERSION ""
#define PACKAGE_STRING ""
#define PACKAGE_BUGREPORT ""
#define PACKAGE_URL ""
#define PACKAGE "rlwrap"
#define VERSION "0.37"
#define STDC_HEADERS 1
#define HAVE_SYS_TYPES_H 1
#define HAVE_SYS_STAT_H 1
#define HAVE_STDLIB_H 1
#define HAVE_STRING_H 1
#define HAVE_MEMORY_H 1
#define HAVE_STRINGS_H 1
#define HAVE_INTTYPES_H 1
#define HAVE_STDINT_H 1
#define HAVE_UNISTD_H 1
#define __EXTENSIONS__ 1
#define _ALL_SOURCE 1
#define _GNU_SOURCE 1
#define _POSIX_PTHREAD_SEMANTICS 1
#define _TANDEM_SOURCE 1
#define SPY_ON_READLINE 1 
#define STDC_HEADERS 1
#define HAVE_SYS_WAIT_H 1
#define HAVE_ERRNO_H 1
#define HAVE_FCNTL_H 1
#define HAVE_STDLIB_H 1
#define HAVE_STRING_H 1
#define HAVE_SCHED_H 1
#define HAVE_SYS_IOCTL_H 1
#define HAVE_SYS_WAIT_H 1
#define HAVE_SYS_RESOURCE_H 1
#define HAVE_STDDEF_H 1
#define HAVE_TERMIOS_H 1
#define HAVE_UNISTD_H 1
#define HAVE_STDINT_H 1
#define HAVE_TIME_H 1
#define HAVE_GETOPT_H 1
#define HAVE_REGEX_H 1
#define HAVE_CURSES_H 1
#define HAVE_TERMCAP_H 1
#define HAVE_TERM_H 1
#define TPUTS_PUTC_ARGTYPE int
#define TIME_WITH_SYS_TIME 1
#define RETSIGTYPE void
#define HAVE_GETOPT_LONG 1
#define HAVE_MKSTEMP 1
#define HAVE_PSELECT 1
#define HAVE_PUTENV 1
#define HAVE_READLINK 1
#define HAVE_SCHED_YIELD 1
#define HAVE_SETENV 1
#define HAVE_SETITIMER 1
#define HAVE_SETSID 1
#define HAVE_SETRLIMIT 1
#define HAVE_SIGACTION 1
#define HAVE_SNPRINTF 1
#define HAVE_STRLCPY 1
#define HAVE_STRLCAT 1
#define HAVE_STRNLEN 1
#define HAVE_SYSTEM 1
#define HAVE_LIBUTIL 1
#define HAVE_OPENPTY 1
#define HAVE_GRANTPT 1
#define HAVE_UNLOCKPT 1
#define PTYS_ARE_OPENPTY 1
#define PTYCHAR1 "pqrstuvw"
#define PTYCHAR2 "0123456789abcdef"
#define HAVE_RL_VARIABLE_VALUE 1 
#define HAVE_RL_READLINE_VERSION 1 

configure: exit 0
