This file contains any messages produced by compilers while
running configure, to aid debugging if configure makes a mistake.

It was created by nettle configure 2.4, which was
generated by GNU Autoconf 2.67.  Invocation command line was

  $ ./configure 

## --------- ##
## Platform. ##
## --------- ##

hostname = nuno.intern.nullstars.com
uname -m = x86_64
uname -r = 11.2.0
uname -s = Darwin
uname -v = Darwin Kernel Version 11.2.0: Tue Aug  9 20:54:00 PDT 2011; root:xnu-1699.24.8~1/RELEASE_X86_64

/usr/bin/uname -p = i386
/bin/uname -X     = unknown

/bin/arch              = unknown
/usr/bin/arch -k       = unknown
/usr/convex/getsysinfo = unknown
/usr/bin/hostinfo      = Mach kernel version:
	 Darwin Kernel Version 11.2.0: Tue Aug  9 20:54:00 PDT 2011; root:xnu-1699.24.8~1/RELEASE_X86_64
Kernel configured for up to 2 processors.
2 processors are physically available.
2 processors are logically available.
Processor type: i486 (Intel 80486)
Processors active: 0 1
Primary memory available: 8.00 gigabytes
Default processor set: 148 tasks, 663 threads, 2 processors
Load average: 0.68, Mach factor: 1.31
/bin/machine           = unknown
/usr/bin/oslevel       = unknown
/bin/universe          = unknown

PATH: /Library/PostgreSQL/9.1/bin
PATH: /usr/local/bin
PATH: /Users/nfma/.rvm/gems/ruby-1.9.3-p0/bin
PATH: /Users/nfma/.rvm/gems/ruby-1.9.3-p0@global/bin
PATH: /Users/nfma/.rvm/rubies/ruby-1.9.3-p0/bin
PATH: /Users/nfma/.rvm/bin
PATH: /usr/bin
PATH: /bin
PATH: /usr/sbin
PATH: /sbin
PATH: /usr/local/bin
PATH: /usr/X11/bin
PATH: /usr/local/git/bin
PATH: /usr/local/sw/bin
PATH: /Users/nfma/Apps/apache-maven-3.0.3/bin
PATH: /usr/local/mysql-5.5.18-osx10.6-x86_64/bin


## ----------- ##
## Core tests. ##
## ----------- ##

configure:2468: checking build system type
configure:2482: result: x86_64-apple-darwin11.2.0
configure:2502: checking host system type
configure:2515: result: x86_64-apple-darwin11.2.0
configure:2611: checking for -R flag
configure:2630: result: none
configure:2640: result: Searching for libraries
configure:2647: checking /usr/local/lib/lib
configure:2674: result: not found
configure:2647: checking /usr/local/lib
configure:2665: result: added
configure:2647: checking /sw/local/lib
configure:2674: result: not found
configure:2647: checking /sw/lib
configure:2674: result: not found
configure:2647: checking /usr/gnu/lib
configure:2674: result: not found
configure:2647: checking /opt/gnu/lib
configure:2674: result: not found
configure:2647: checking /sw/gnu/lib
configure:2674: result: not found
configure:2647: checking /usr/freeware/lib
configure:2674: result: not found
configure:2647: checking /usr/pkg/lib
configure:2674: result: not found
configure:2730: checking for gcc
configure:2757: result: /usr/bin/gcc-4.2
configure:2986: checking for C compiler version
configure:2995: /usr/bin/gcc-4.2 --version >&5
i686-apple-darwin11-gcc-4.2.1 (GCC) 4.2.1 (Apple Inc. build 5666) (dot 3)
Copyright (C) 2007 Free Software Foundation, Inc.
This is free software; see the source for copying conditions.  There is NO
warranty; not even for MERCHANTABILITY or FITNESS FOR A PARTICULAR PURPOSE.

configure:3006: $? = 0
configure:2995: /usr/bin/gcc-4.2 -v >&5
Using built-in specs.
Target: i686-apple-darwin11
Configured with: /private/var/tmp/gcc/gcc-5666.3~278/src/configure --disable-checking --enable-werror --prefix=/usr --mandir=/share/man --enable-languages=c,objc,c++,obj-c++ --program-transform-name=/^[cg][^.-]*$/s/$/-4.2/ --with-slibdir=/usr/lib --build=i686-apple-darwin11 --program-prefix=i686-apple-darwin11- --host=x86_64-apple-darwin11 --target=i686-apple-darwin11 --with-gxx-include-dir=/include/c++/4.2.1
Thread model: posix
gcc version 4.2.1 (Apple Inc. build 5666) (dot 3)
configure:3006: $? = 0
configure:2995: /usr/bin/gcc-4.2 -V >&5
gcc-4.2: argument to `-V' is missing
configure:3006: $? = 1
configure:2995: /usr/bin/gcc-4.2 -qversion >&5
i686-apple-darwin11-gcc-4.2.1: no input files
configure:3006: $? = 1
configure:3026: checking whether the C compiler works
configure:3048: /usr/bin/gcc-4.2    conftest.c  >&5
configure:3052: $? = 0
configure:3100: result: yes
configure:3103: checking for C compiler default output file name
configure:3105: result: a.out
configure:3111: checking for suffix of executables
configure:3118: /usr/bin/gcc-4.2 -o conftest    conftest.c  >&5
configure:3122: $? = 0
configure:3144: result: 
configure:3166: checking whether we are cross compiling
configure:3174: /usr/bin/gcc-4.2 -o conftest    conftest.c  >&5
configure:3178: $? = 0
configure:3185: ./conftest
configure:3189: $? = 0
configure:3204: result: no
configure:3209: checking for suffix of object files
configure:3231: /usr/bin/gcc-4.2 -c   conftest.c >&5
configure:3235: $? = 0
configure:3256: result: o
configure:3260: checking whether we are using the GNU C compiler
configure:3279: /usr/bin/gcc-4.2 -c   conftest.c >&5
configure:3279: $? = 0
configure:3288: result: yes
configure:3297: checking whether /usr/bin/gcc-4.2 accepts -g
configure:3317: /usr/bin/gcc-4.2 -c -g  conftest.c >&5
configure:3317: $? = 0
configure:3358: result: yes
configure:3375: checking for /usr/bin/gcc-4.2 option to accept ISO C89
configure:3439: /usr/bin/gcc-4.2  -c -g -O2  conftest.c >&5
configure:3439: $? = 0
configure:3452: result: none needed
configure:3548: checking for g++
configure:3564: found /usr/bin/g++
configure:3575: result: g++
configure:3602: checking for C++ compiler version
configure:3611: g++ --version >&5
i686-apple-darwin11-llvm-g++-4.2 (GCC) 4.2.1 (Based on Apple Inc. build 5658) (LLVM build 2335.15.00)
Copyright (C) 2007 Free Software Foundation, Inc.
This is free software; see the source for copying conditions.  There is NO
warranty; not even for MERCHANTABILITY or FITNESS FOR A PARTICULAR PURPOSE.

configure:3622: $? = 0
configure:3611: g++ -v >&5
Using built-in specs.
Target: i686-apple-darwin11
Configured with: /private/var/tmp/llvmgcc42/llvmgcc42-2335.15~25/src/configure --disable-checking --enable-werror --prefix=/Developer/usr/llvm-gcc-4.2 --mandir=/share/man --enable-languages=c,objc,c++,obj-c++ --program-prefix=llvm- --program-transform-name=/^[cg][^.-]*$/s/$/-4.2/ --with-slibdir=/usr/lib --build=i686-apple-darwin11 --enable-llvm=/private/var/tmp/llvmgcc42/llvmgcc42-2335.15~25/dst-llvmCore/Developer/usr/local --program-prefix=i686-apple-darwin11- --host=x86_64-apple-darwin11 --target=i686-apple-darwin11 --with-gxx-include-dir=/usr/include/c++/4.2.1
Thread model: posix
gcc version 4.2.1 (Based on Apple Inc. build 5658) (LLVM build 2335.15.00)
configure:3622: $? = 0
configure:3611: g++ -V >&5
llvm-g++-4.2: argument to `-V' is missing
configure:3622: $? = 1
configure:3611: g++ -qversion >&5
i686-apple-darwin11-llvm-g++-4.2: no input files
configure:3622: $? = 1
configure:3626: checking whether we are using the GNU C++ compiler
configure:3645: g++ -c   conftest.cpp >&5
configure:3645: $? = 0
configure:3654: result: yes
configure:3663: checking whether g++ accepts -g
configure:3683: g++ -c -g  conftest.cpp >&5
configure:3683: $? = 0
configure:3724: result: yes
configure:3766: g++ -c -g -O2  conftest.cpp >&5
configure:3766: $? = 0
configure:3780: checking whether make sets $(MAKE)
configure:3802: result: yes
configure:3854: checking for ranlib
configure:3870: found /usr/bin/ranlib
configure:3881: result: ranlib
configure:3946: checking for nm
configure:3962: found /usr/bin/nm
configure:3973: result: nm
configure:4039: checking for objdump
configure:4069: result: no
configure:4107: checking for a BSD-compatible install
configure:4175: result: /usr/local/bin/install -c
configure:4189: checking for a thread-safe mkdir -p
configure:4228: result: /usr/local/bin/mkdir -p
configure:4303: /usr/bin/gcc-4.2 -c -g -O2  conftest.c >&5
conftest.c:11:2: error: #error 64-bit x86
configure:4303: $? = 1
configure: failed program was:
| /* confdefs.h */
| #define PACKAGE_NAME "nettle"
| #define PACKAGE_TARNAME "nettle"
| #define PACKAGE_VERSION "2.4"
| #define PACKAGE_STRING "nettle 2.4"
| #define PACKAGE_BUGREPORT "nettle-bugs@lists.lysator.liu.se"
| #define PACKAGE_URL ""
| /* end confdefs.h.  */
| 
| #if defined(__x86_64__) || defined(__arch64__)
| #error 64-bit x86
| #endif
| 
| int
| main ()
| {
| 
|   ;
|   return 0;
| }
configure:4344: Compiler uses 64-bit ABI. To change, set CC.
configure:4386: WARNING: Don't know where to install 64-bit libraries on this system.
configure:4389: Libraries to be installed in ${exec_prefix}/lib.
configure:4424: Looking for assembler files in x86_64/.
configure:4448: checking CCPIC
configure:4492: /usr/bin/gcc-4.2 -c -g -O2 -fPIC  conftest.c >&5
conftest.c: In function 'main':
conftest.c:13: warning: incompatible implicit declaration of built-in function 'exit'
configure:4492: $? = 0
configure:4503: result: -fPIC
configure:4599: checking if globals are prefixed by underscore
configure:4610: /usr/bin/gcc-4.2 -c -g -O2  conftest.c >&5
configure:4610: $? = 0
configure:4626: result: yes
configure:4632: checking if we should use a .note.GNU-stack section
configure:4644: /usr/bin/gcc-4.2 -g -O2  -c conftest.c >conftest.out 2>&1
configure:4647: $? = 0
configure:4659: result: no
configure:4665: checking for ELF-style .type,%function pseudo-ops
configure:4682: /usr/bin/gcc-4.2 -g -O2  -c conftest.s >conftest.out 2>&1
configure:4685: $? = 1
conftest.s:4:Unknown pseudo-op: .type
conftest.s:4:Rest of line ignored. 1st junk character valued 102 (f).
conftest.s:8:Unknown pseudo-op: .size
conftest.s:8:Rest of line ignored. 1st junk character valued 102 (f).
configure: failed program was:

.text
.globl foo
.type foo,%function
foo:
.Lend:

.size foo, .Lend - foo

configure:4698: result: no
configure:4701: checking for ELF-style .type,#function pseudo-ops
configure:4718: /usr/bin/gcc-4.2 -g -O2  -c conftest.s >conftest.out 2>&1
configure:4721: $? = 1
conftest.s:4:Unknown pseudo-op: .type
conftest.s:4:Rest of line ignored. 1st junk character valued 102 (f).
conftest.s:8:Unknown pseudo-op: .size
conftest.s:8:Rest of line ignored. 1st junk character valued 102 (f).
configure: failed program was:

.text
.globl foo
.type foo,#function
foo:
.Lend:

.size foo, .Lend - foo

configure:4734: result: no
configure:4746: checking if .align assembly directive is logarithmic
configure:4757: /usr/bin/gcc-4.2 -g -O2  -c conftest.s >conftest.out 2>&1
configure:4760: $? = 0
configure:4773: result: yes
configure:4806: checking for m4
configure:4824: found /usr/bin/m4
configure:4837: result: /usr/bin/m4
configure:4851: checking for an ANSI C-conforming const
configure:4916: /usr/bin/gcc-4.2 -c -g -O2  conftest.c >&5
configure:4916: $? = 0
configure:4923: result: yes
configure:4931: checking for inline
configure:4947: /usr/bin/gcc-4.2 -c -g -O2  conftest.c >&5
configure:4947: $? = 0
configure:4955: result: inline
configure:4978: checking how to run the C preprocessor
configure:5009: /usr/bin/gcc-4.2 -E  conftest.c
configure:5009: $? = 0
configure:5023: /usr/bin/gcc-4.2 -E  conftest.c
conftest.c:9:28: error: ac_nonexistent.h: No such file or directory
configure:5023: $? = 1
configure: failed program was:
| /* confdefs.h */
| #define PACKAGE_NAME "nettle"
| #define PACKAGE_TARNAME "nettle"
| #define PACKAGE_VERSION "2.4"
| #define PACKAGE_STRING "nettle 2.4"
| #define PACKAGE_BUGREPORT "nettle-bugs@lists.lysator.liu.se"
| #define PACKAGE_URL ""
| /* end confdefs.h.  */
| #include <ac_nonexistent.h>
configure:5048: result: /usr/bin/gcc-4.2 -E
configure:5068: /usr/bin/gcc-4.2 -E  conftest.c
configure:5068: $? = 0
configure:5082: /usr/bin/gcc-4.2 -E  conftest.c
conftest.c:9:28: error: ac_nonexistent.h: No such file or directory
configure:5082: $? = 1
configure: failed program was:
| /* confdefs.h */
| #define PACKAGE_NAME "nettle"
| #define PACKAGE_TARNAME "nettle"
| #define PACKAGE_VERSION "2.4"
| #define PACKAGE_STRING "nettle 2.4"
| #define PACKAGE_BUGREPORT "nettle-bugs@lists.lysator.liu.se"
| #define PACKAGE_URL ""
| /* end confdefs.h.  */
| #include <ac_nonexistent.h>
configure:5111: checking for grep that handles long lines and -e
configure:5169: result: /usr/bin/grep
configure:5174: checking for egrep
configure:5236: result: /usr/bin/grep -E
configure:5241: checking for uid_t in sys/types.h
configure:5260: result: yes
configure:5271: checking for ANSI C header files
configure:5291: /usr/bin/gcc-4.2 -c -g -O2  conftest.c >&5
configure:5291: $? = 0
configure:5364: /usr/bin/gcc-4.2 -o conftest -g -O2   conftest.c  >&5
configure:5364: $? = 0
configure:5364: ./conftest
configure:5364: $? = 0
configure:5375: result: yes
configure:5388: checking for sys/types.h
configure:5388: /usr/bin/gcc-4.2 -c -g -O2  conftest.c >&5
configure:5388: $? = 0
configure:5388: result: yes
configure:5388: checking for sys/stat.h
configure:5388: /usr/bin/gcc-4.2 -c -g -O2  conftest.c >&5
configure:5388: $? = 0
configure:5388: result: yes
configure:5388: checking for stdlib.h
configure:5388: /usr/bin/gcc-4.2 -c -g -O2  conftest.c >&5
configure:5388: $? = 0
configure:5388: result: yes
configure:5388: checking for string.h
configure:5388: /usr/bin/gcc-4.2 -c -g -O2  conftest.c >&5
configure:5388: $? = 0
configure:5388: result: yes
configure:5388: checking for memory.h
configure:5388: /usr/bin/gcc-4.2 -c -g -O2  conftest.c >&5
configure:5388: $? = 0
configure:5388: result: yes
configure:5388: checking for strings.h
configure:5388: /usr/bin/gcc-4.2 -c -g -O2  conftest.c >&5
configure:5388: $? = 0
configure:5388: result: yes
configure:5388: checking for inttypes.h
configure:5388: /usr/bin/gcc-4.2 -c -g -O2  conftest.c >&5
configure:5388: $? = 0
configure:5388: result: yes
configure:5388: checking for stdint.h
configure:5388: /usr/bin/gcc-4.2 -c -g -O2  conftest.c >&5
configure:5388: $? = 0
configure:5388: result: yes
configure:5388: checking for unistd.h
configure:5388: /usr/bin/gcc-4.2 -c -g -O2  conftest.c >&5
configure:5388: $? = 0
configure:5388: result: yes
configure:5400: checking for size_t
configure:5400: /usr/bin/gcc-4.2 -c -g -O2  conftest.c >&5
configure:5400: $? = 0
configure:5400: /usr/bin/gcc-4.2 -c -g -O2  conftest.c >&5
conftest.c: In function 'main':
conftest.c:55: error: expected expression before ')' token
configure:5400: $? = 1
configure: failed program was:
| /* confdefs.h */
| #define PACKAGE_NAME "nettle"
| #define PACKAGE_TARNAME "nettle"
| #define PACKAGE_VERSION "2.4"
| #define PACKAGE_STRING "nettle 2.4"
| #define PACKAGE_BUGREPORT "nettle-bugs@lists.lysator.liu.se"
| #define PACKAGE_URL ""
| #define STDC_HEADERS 1
| #define HAVE_SYS_TYPES_H 1
| #define HAVE_SYS_STAT_H 1
| #define HAVE_STDLIB_H 1
| #define HAVE_STRING_H 1
| #define HAVE_MEMORY_H 1
| #define HAVE_STRINGS_H 1
| #define HAVE_INTTYPES_H 1
| #define HAVE_STDINT_H 1
| #define HAVE_UNISTD_H 1
| /* end confdefs.h.  */
| #include <stdio.h>
| #ifdef HAVE_SYS_TYPES_H
| # include <sys/types.h>
| #endif
| #ifdef HAVE_SYS_STAT_H
| # include <sys/stat.h>
| #endif
| #ifdef STDC_HEADERS
| # include <stdlib.h>
| # include <stddef.h>
| #else
| # ifdef HAVE_STDLIB_H
| #  include <stdlib.h>
| # endif
| #endif
| #ifdef HAVE_STRING_H
| # if !defined STDC_HEADERS && defined HAVE_MEMORY_H
| #  include <memory.h>
| # endif
| # include <string.h>
| #endif
| #ifdef HAVE_STRINGS_H
| # include <strings.h>
| #endif
| #ifdef HAVE_INTTYPES_H
| # include <inttypes.h>
| #endif
| #ifdef HAVE_STDINT_H
| # include <stdint.h>
| #endif
| #ifdef HAVE_UNISTD_H
| # include <unistd.h>
| #endif
| int
| main ()
| {
| if (sizeof ((size_t)))
| 	    return 0;
|   ;
|   return 0;
| }
configure:5400: result: yes
configure:5411: checking whether time.h and sys/time.h may both be included
configure:5431: /usr/bin/gcc-4.2 -c -g -O2  conftest.c >&5
configure:5431: $? = 0
configure:5438: result: yes
configure:5450: checking size of long
configure:5455: /usr/bin/gcc-4.2 -o conftest -g -O2   conftest.c  >&5
configure:5455: $? = 0
configure:5455: ./conftest
configure:5455: $? = 0
configure:5469: result: 8
configure:5483: checking openssl/blowfish.h usability
configure:5483: /usr/bin/gcc-4.2 -c -g -O2  conftest.c >&5
configure:5483: $? = 0
configure:5483: result: yes
configure:5483: checking openssl/blowfish.h presence
configure:5483: /usr/bin/gcc-4.2 -E  conftest.c
configure:5483: $? = 0
configure:5483: result: yes
configure:5483: checking for openssl/blowfish.h
configure:5483: result: yes
configure:5483: checking openssl/des.h usability
configure:5483: /usr/bin/gcc-4.2 -c -g -O2  conftest.c >&5
configure:5483: $? = 0
configure:5483: result: yes
configure:5483: checking openssl/des.h presence
configure:5483: /usr/bin/gcc-4.2 -E  conftest.c
configure:5483: $? = 0
configure:5483: result: yes
configure:5483: checking for openssl/des.h
configure:5483: result: yes
configure:5483: checking openssl/cast.h usability
configure:5483: /usr/bin/gcc-4.2 -c -g -O2  conftest.c >&5
configure:5483: $? = 0
configure:5483: result: yes
configure:5483: checking openssl/cast.h presence
configure:5483: /usr/bin/gcc-4.2 -E  conftest.c
configure:5483: $? = 0
configure:5483: result: yes
configure:5483: checking for openssl/cast.h
configure:5483: result: yes
configure:5483: checking openssl/aes.h usability
configure:5483: /usr/bin/gcc-4.2 -c -g -O2  conftest.c >&5
configure:5483: $? = 0
configure:5483: result: yes
configure:5483: checking openssl/aes.h presence
configure:5483: /usr/bin/gcc-4.2 -E  conftest.c
configure:5483: $? = 0
configure:5483: result: yes
configure:5483: checking for openssl/aes.h
configure:5483: result: yes
configure:5499: checking for working alloca.h
configure:5516: /usr/bin/gcc-4.2 -o conftest -g -O2   conftest.c  >&5
configure:5516: $? = 0
configure:5524: result: yes
configure:5532: checking for alloca
configure:5569: /usr/bin/gcc-4.2 -o conftest -g -O2   conftest.c  >&5
configure:5569: $? = 0
configure:5577: result: yes
configure:5688: checking malloc.h usability
configure:5688: /usr/bin/gcc-4.2 -c -g -O2  conftest.c >&5
conftest.c:60:20: error: malloc.h: No such file or directory
configure:5688: $? = 1
configure: failed program was:
| /* confdefs.h */
| #define PACKAGE_NAME "nettle"
| #define PACKAGE_TARNAME "nettle"
| #define PACKAGE_VERSION "2.4"
| #define PACKAGE_STRING "nettle 2.4"
| #define PACKAGE_BUGREPORT "nettle-bugs@lists.lysator.liu.se"
| #define PACKAGE_URL ""
| #define STDC_HEADERS 1
| #define HAVE_SYS_TYPES_H 1
| #define HAVE_SYS_STAT_H 1
| #define HAVE_STDLIB_H 1
| #define HAVE_STRING_H 1
| #define HAVE_MEMORY_H 1
| #define HAVE_STRINGS_H 1
| #define HAVE_INTTYPES_H 1
| #define HAVE_STDINT_H 1
| #define HAVE_UNISTD_H 1
| #define TIME_WITH_SYS_TIME 1
| #define SIZEOF_LONG 8
| #define HAVE_OPENSSL_BLOWFISH_H 1
| #define HAVE_OPENSSL_DES_H 1
| #define HAVE_OPENSSL_CAST_H 1
| #define HAVE_OPENSSL_AES_H 1
| #define HAVE_ALLOCA_H 1
| #define HAVE_ALLOCA 1
| /* end confdefs.h.  */
| #include <stdio.h>
| #ifdef HAVE_SYS_TYPES_H
| # include <sys/types.h>
| #endif
| #ifdef HAVE_SYS_STAT_H
| # include <sys/stat.h>
| #endif
| #ifdef STDC_HEADERS
| # include <stdlib.h>
| # include <stddef.h>
| #else
| # ifdef HAVE_STDLIB_H
| #  include <stdlib.h>
| # endif
| #endif
| #ifdef HAVE_STRING_H
| # if !defined STDC_HEADERS && defined HAVE_MEMORY_H
| #  include <memory.h>
| # endif
| # include <string.h>
| #endif
| #ifdef HAVE_STRINGS_H
| # include <strings.h>
| #endif
| #ifdef HAVE_INTTYPES_H
| # include <inttypes.h>
| #endif
| #ifdef HAVE_STDINT_H
| # include <stdint.h>
| #endif
| #ifdef HAVE_UNISTD_H
| # include <unistd.h>
| #endif
| #include <malloc.h>
configure:5688: result: no
configure:5688: checking malloc.h presence
configure:5688: /usr/bin/gcc-4.2 -E  conftest.c
conftest.c:27:20: error: malloc.h: No such file or directory
configure:5688: $? = 1
configure: failed program was:
| /* confdefs.h */
| #define PACKAGE_NAME "nettle"
| #define PACKAGE_TARNAME "nettle"
| #define PACKAGE_VERSION "2.4"
| #define PACKAGE_STRING "nettle 2.4"
| #define PACKAGE_BUGREPORT "nettle-bugs@lists.lysator.liu.se"
| #define PACKAGE_URL ""
| #define STDC_HEADERS 1
| #define HAVE_SYS_TYPES_H 1
| #define HAVE_SYS_STAT_H 1
| #define HAVE_STDLIB_H 1
| #define HAVE_STRING_H 1
| #define HAVE_MEMORY_H 1
| #define HAVE_STRINGS_H 1
| #define HAVE_INTTYPES_H 1
| #define HAVE_STDINT_H 1
| #define HAVE_UNISTD_H 1
| #define TIME_WITH_SYS_TIME 1
| #define SIZEOF_LONG 8
| #define HAVE_OPENSSL_BLOWFISH_H 1
| #define HAVE_OPENSSL_DES_H 1
| #define HAVE_OPENSSL_CAST_H 1
| #define HAVE_OPENSSL_AES_H 1
| #define HAVE_ALLOCA_H 1
| #define HAVE_ALLOCA 1
| /* end confdefs.h.  */
| #include <malloc.h>
configure:5688: result: no
configure:5688: checking for malloc.h
configure:5688: result: no
configure:5701: checking for strerror
configure:5701: /usr/bin/gcc-4.2 -o conftest -g -O2   conftest.c  >&5
configure:5701: $? = 0
configure:5701: result: yes
configure:5713: checking whether byte ordering is bigendian
configure:5728: /usr/bin/gcc-4.2 -c -g -O2  conftest.c >&5
configure:5728: $? = 0
configure:5773: /usr/bin/gcc-4.2 -c -g -O2  conftest.c >&5
configure:5773: $? = 0
configure:5791: /usr/bin/gcc-4.2 -c -g -O2  conftest.c >&5
conftest.c: In function 'main':
conftest.c:35: error: 'not' undeclared (first use in this function)
conftest.c:35: error: (Each undeclared identifier is reported only once
conftest.c:35: error: for each function it appears in.)
conftest.c:35: error: expected ';' before 'big'
configure:5791: $? = 1
configure: failed program was:
| /* confdefs.h */
| #define PACKAGE_NAME "nettle"
| #define PACKAGE_TARNAME "nettle"
| #define PACKAGE_VERSION "2.4"
| #define PACKAGE_STRING "nettle 2.4"
| #define PACKAGE_BUGREPORT "nettle-bugs@lists.lysator.liu.se"
| #define PACKAGE_URL ""
| #define STDC_HEADERS 1
| #define HAVE_SYS_TYPES_H 1
| #define HAVE_SYS_STAT_H 1
| #define HAVE_STDLIB_H 1
| #define HAVE_STRING_H 1
| #define HAVE_MEMORY_H 1
| #define HAVE_STRINGS_H 1
| #define HAVE_INTTYPES_H 1
| #define HAVE_STDINT_H 1
| #define HAVE_UNISTD_H 1
| #define TIME_WITH_SYS_TIME 1
| #define SIZEOF_LONG 8
| #define HAVE_OPENSSL_BLOWFISH_H 1
| #define HAVE_OPENSSL_DES_H 1
| #define HAVE_OPENSSL_CAST_H 1
| #define HAVE_OPENSSL_AES_H 1
| #define HAVE_ALLOCA_H 1
| #define HAVE_ALLOCA 1
| #define HAVE_STRERROR 1
| /* end confdefs.h.  */
| #include <sys/types.h>
| 		#include <sys/param.h>
| 
| int
| main ()
| {
| #if BYTE_ORDER != BIG_ENDIAN
| 		 not big endian
| 		#endif
| 
|   ;
|   return 0;
| }
configure:5919: result: no
configure:5937: checking for memxor
configure:5937: /usr/bin/gcc-4.2 -o conftest -g -O2   conftest.c  >&5
Undefined symbols for architecture x86_64:
  "_memxor", referenced from:
      _main in ccBOCZJo.o
ld: symbol(s) not found for architecture x86_64
collect2: ld returned 1 exit status
configure:5937: $? = 1
configure: failed program was:
| /* confdefs.h */
| #define PACKAGE_NAME "nettle"
| #define PACKAGE_TARNAME "nettle"
| #define PACKAGE_VERSION "2.4"
| #define PACKAGE_STRING "nettle 2.4"
| #define PACKAGE_BUGREPORT "nettle-bugs@lists.lysator.liu.se"
| #define PACKAGE_URL ""
| #define STDC_HEADERS 1
| #define HAVE_SYS_TYPES_H 1
| #define HAVE_SYS_STAT_H 1
| #define HAVE_STDLIB_H 1
| #define HAVE_STRING_H 1
| #define HAVE_MEMORY_H 1
| #define HAVE_STRINGS_H 1
| #define HAVE_INTTYPES_H 1
| #define HAVE_STDINT_H 1
| #define HAVE_UNISTD_H 1
| #define TIME_WITH_SYS_TIME 1
| #define SIZEOF_LONG 8
| #define HAVE_OPENSSL_BLOWFISH_H 1
| #define HAVE_OPENSSL_DES_H 1
| #define HAVE_OPENSSL_CAST_H 1
| #define HAVE_OPENSSL_AES_H 1
| #define HAVE_ALLOCA_H 1
| #define HAVE_ALLOCA 1
| #define HAVE_STRERROR 1
| /* end confdefs.h.  */
| /* Define memxor to an innocuous variant, in case <limits.h> declares memxor.
|    For example, HP-UX 11i <limits.h> declares gettimeofday.  */
| #define memxor innocuous_memxor
| 
| /* System header to define __stub macros and hopefully few prototypes,
|     which can conflict with char memxor (); below.
|     Prefer <limits.h> to <assert.h> if __STDC__ is defined, since
|     <limits.h> exists even on freestanding compilers.  */
| 
| #ifdef __STDC__
| # include <limits.h>
| #else
| # include <assert.h>
| #endif
| 
| #undef memxor
| 
| /* Override any GCC internal prototype to avoid an error.
|    Use char because int might match the return type of a GCC
|    builtin and then its argument prototype would still apply.  */
| #ifdef __cplusplus
| extern "C"
| #endif
| char memxor ();
| /* The GNU C library defines this for functions which it implements
|     to always fail with ENOSYS.  Some functions are actually named
|     something starting with __ and the normal name is an alias.  */
| #if defined __stub_memxor || defined __stub___memxor
| choke me
| #endif
| 
| int
| main ()
| {
| return memxor ();
|   ;
|   return 0;
| }
configure:5937: result: no
configure:5952: checking for __attribute__
configure:5978: /usr/bin/gcc-4.2 -c -g -O2  conftest.c >&5
configure:5978: $? = 0
configure:5985: result: yes
configure:5999: checking for stdint types
configure:6022: /usr/bin/gcc-4.2 -c   conftest.c >&5
configure:6022: $? = 0
configure:6047: result: stdint.h (shortcircuit)
configure:6415: result: make use of stdint.h in nettle-stdint.h (assuming C99 compatible system)
configure:6425: checking for fcntl file locking
configure:6452: /usr/bin/gcc-4.2 -c -g -O2  conftest.c >&5
configure:6452: $? = 0
configure:6459: result: yes
configure:6469: checking for __gmpz_getlimbn in -lgmp
configure:6494: /usr/bin/gcc-4.2 -o conftest -g -O2   conftest.c -lgmp   >&5
ld: library not found for -lgmp
collect2: ld returned 1 exit status
configure:6494: $? = 1
configure: failed program was:
| /* confdefs.h */
| #define PACKAGE_NAME "nettle"
| #define PACKAGE_TARNAME "nettle"
| #define PACKAGE_VERSION "2.4"
| #define PACKAGE_STRING "nettle 2.4"
| #define PACKAGE_BUGREPORT "nettle-bugs@lists.lysator.liu.se"
| #define PACKAGE_URL ""
| #define STDC_HEADERS 1
| #define HAVE_SYS_TYPES_H 1
| #define HAVE_SYS_STAT_H 1
| #define HAVE_STDLIB_H 1
| #define HAVE_STRING_H 1
| #define HAVE_MEMORY_H 1
| #define HAVE_STRINGS_H 1
| #define HAVE_INTTYPES_H 1
| #define HAVE_STDINT_H 1
| #define HAVE_UNISTD_H 1
| #define TIME_WITH_SYS_TIME 1
| #define SIZEOF_LONG 8
| #define HAVE_OPENSSL_BLOWFISH_H 1
| #define HAVE_OPENSSL_DES_H 1
| #define HAVE_OPENSSL_CAST_H 1
| #define HAVE_OPENSSL_AES_H 1
| #define HAVE_ALLOCA_H 1
| #define HAVE_ALLOCA 1
| #define HAVE_STRERROR 1
| #define HAVE_GCC_ATTRIBUTE 1
| #define HAVE_FCNTL_LOCKING 1
| /* end confdefs.h.  */
| 
| /* Override any GCC internal prototype to avoid an error.
|    Use char because int might match the return type of a GCC
|    builtin and then its argument prototype would still apply.  */
| #ifdef __cplusplus
| extern "C"
| #endif
| char __gmpz_getlimbn ();
| int
| main ()
| {
| return __gmpz_getlimbn ();
|   ;
|   return 0;
| }
configure:6503: result: no
configure:6514: WARNING: GNU MP not found, or not 3.1 or up, see http://gmplib.org/.
Support for public key algorithms will be unavailable.
configure:6584: checking for __gmpz_powm_sec
configure:6584: /usr/bin/gcc-4.2 -o conftest -g -O2   conftest.c  >&5
Undefined symbols for architecture x86_64:
  "___gmpz_powm_sec", referenced from:
      _main in cc21Idms.o
ld: symbol(s) not found for architecture x86_64
collect2: ld returned 1 exit status
configure:6584: $? = 1
configure: failed program was:
| /* confdefs.h */
| #define PACKAGE_NAME "nettle"
| #define PACKAGE_TARNAME "nettle"
| #define PACKAGE_VERSION "2.4"
| #define PACKAGE_STRING "nettle 2.4"
| #define PACKAGE_BUGREPORT "nettle-bugs@lists.lysator.liu.se"
| #define PACKAGE_URL ""
| #define STDC_HEADERS 1
| #define HAVE_SYS_TYPES_H 1
| #define HAVE_SYS_STAT_H 1
| #define HAVE_STDLIB_H 1
| #define HAVE_STRING_H 1
| #define HAVE_MEMORY_H 1
| #define HAVE_STRINGS_H 1
| #define HAVE_INTTYPES_H 1
| #define HAVE_STDINT_H 1
| #define HAVE_UNISTD_H 1
| #define TIME_WITH_SYS_TIME 1
| #define SIZEOF_LONG 8
| #define HAVE_OPENSSL_BLOWFISH_H 1
| #define HAVE_OPENSSL_DES_H 1
| #define HAVE_OPENSSL_CAST_H 1
| #define HAVE_OPENSSL_AES_H 1
| #define HAVE_ALLOCA_H 1
| #define HAVE_ALLOCA 1
| #define HAVE_STRERROR 1
| #define HAVE_GCC_ATTRIBUTE 1
| #define HAVE_FCNTL_LOCKING 1
| /* end confdefs.h.  */
| /* Define __gmpz_powm_sec to an innocuous variant, in case <limits.h> declares __gmpz_powm_sec.
|    For example, HP-UX 11i <limits.h> declares gettimeofday.  */
| #define __gmpz_powm_sec innocuous___gmpz_powm_sec
| 
| /* System header to define __stub macros and hopefully few prototypes,
|     which can conflict with char __gmpz_powm_sec (); below.
|     Prefer <limits.h> to <assert.h> if __STDC__ is defined, since
|     <limits.h> exists even on freestanding compilers.  */
| 
| #ifdef __STDC__
| # include <limits.h>
| #else
| # include <assert.h>
| #endif
| 
| #undef __gmpz_powm_sec
| 
| /* Override any GCC internal prototype to avoid an error.
|    Use char because int might match the return type of a GCC
|    builtin and then its argument prototype would still apply.  */
| #ifdef __cplusplus
| extern "C"
| #endif
| char __gmpz_powm_sec ();
| /* The GNU C library defines this for functions which it implements
|     to always fail with ENOSYS.  Some functions are actually named
|     something starting with __ and the normal name is an alias.  */
| #if defined __stub___gmpz_powm_sec || defined __stub_____gmpz_powm_sec
| choke me
| #endif
| 
| int
| main ()
| {
| return __gmpz_powm_sec ();
|   ;
|   return 0;
| }
configure:6584: result: no
configure:6614: checking for BF_ecb_encrypt in -lcrypto
configure:6639: /usr/bin/gcc-4.2 -o conftest -g -O2   conftest.c -lcrypto   >&5
configure:6639: $? = 0
configure:6648: result: yes
configure:6676: checking for library containing clock_gettime
configure:6707: /usr/bin/gcc-4.2 -o conftest -g -O2   conftest.c  >&5
Undefined symbols for architecture x86_64:
  "_clock_gettime", referenced from:
      _main in ccqAHiwF.o
ld: symbol(s) not found for architecture x86_64
collect2: ld returned 1 exit status
configure:6707: $? = 1
configure: failed program was:
| /* confdefs.h */
| #define PACKAGE_NAME "nettle"
| #define PACKAGE_TARNAME "nettle"
| #define PACKAGE_VERSION "2.4"
| #define PACKAGE_STRING "nettle 2.4"
| #define PACKAGE_BUGREPORT "nettle-bugs@lists.lysator.liu.se"
| #define PACKAGE_URL ""
| #define STDC_HEADERS 1
| #define HAVE_SYS_TYPES_H 1
| #define HAVE_SYS_STAT_H 1
| #define HAVE_STDLIB_H 1
| #define HAVE_STRING_H 1
| #define HAVE_MEMORY_H 1
| #define HAVE_STRINGS_H 1
| #define HAVE_INTTYPES_H 1
| #define HAVE_STDINT_H 1
| #define HAVE_UNISTD_H 1
| #define TIME_WITH_SYS_TIME 1
| #define SIZEOF_LONG 8
| #define HAVE_OPENSSL_BLOWFISH_H 1
| #define HAVE_OPENSSL_DES_H 1
| #define HAVE_OPENSSL_CAST_H 1
| #define HAVE_OPENSSL_AES_H 1
| #define HAVE_ALLOCA_H 1
| #define HAVE_ALLOCA 1
| #define HAVE_STRERROR 1
| #define HAVE_GCC_ATTRIBUTE 1
| #define HAVE_FCNTL_LOCKING 1
| #define WITH_OPENSSL 1
| /* end confdefs.h.  */
| 
| /* Override any GCC internal prototype to avoid an error.
|    Use char because int might match the return type of a GCC
|    builtin and then its argument prototype would still apply.  */
| #ifdef __cplusplus
| extern "C"
| #endif
| char clock_gettime ();
| int
| main ()
| {
| return clock_gettime ();
|   ;
|   return 0;
| }
configure:6707: /usr/bin/gcc-4.2 -o conftest -g -O2   conftest.c -lrt   >&5
ld: library not found for -lrt
collect2: ld returned 1 exit status
configure:6707: $? = 1
configure: failed program was:
| /* confdefs.h */
| #define PACKAGE_NAME "nettle"
| #define PACKAGE_TARNAME "nettle"
| #define PACKAGE_VERSION "2.4"
| #define PACKAGE_STRING "nettle 2.4"
| #define PACKAGE_BUGREPORT "nettle-bugs@lists.lysator.liu.se"
| #define PACKAGE_URL ""
| #define STDC_HEADERS 1
| #define HAVE_SYS_TYPES_H 1
| #define HAVE_SYS_STAT_H 1
| #define HAVE_STDLIB_H 1
| #define HAVE_STRING_H 1
| #define HAVE_MEMORY_H 1
| #define HAVE_STRINGS_H 1
| #define HAVE_INTTYPES_H 1
| #define HAVE_STDINT_H 1
| #define HAVE_UNISTD_H 1
| #define TIME_WITH_SYS_TIME 1
| #define SIZEOF_LONG 8
| #define HAVE_OPENSSL_BLOWFISH_H 1
| #define HAVE_OPENSSL_DES_H 1
| #define HAVE_OPENSSL_CAST_H 1
| #define HAVE_OPENSSL_AES_H 1
| #define HAVE_ALLOCA_H 1
| #define HAVE_ALLOCA 1
| #define HAVE_STRERROR 1
| #define HAVE_GCC_ATTRIBUTE 1
| #define HAVE_FCNTL_LOCKING 1
| #define WITH_OPENSSL 1
| /* end confdefs.h.  */
| 
| /* Override any GCC internal prototype to avoid an error.
|    Use char because int might match the return type of a GCC
|    builtin and then its argument prototype would still apply.  */
| #ifdef __cplusplus
| extern "C"
| #endif
| char clock_gettime ();
| int
| main ()
| {
| return clock_gettime ();
|   ;
|   return 0;
| }
configure:6724: result: no
configure:6874: creating ./config.status

## ---------------------- ##
## Running config.status. ##
## ---------------------- ##

This file was extended by nettle config.status 2.4, which was
generated by GNU Autoconf 2.67.  Invocation command line was

  CONFIG_FILES    = 
  CONFIG_HEADERS  = 
  CONFIG_LINKS    = 
  CONFIG_COMMANDS = 
  $ ./config.status 

on nuno.intern.nullstars.com

config.status:914: creating config.make
config.status:914: creating config.m4
config.status:914: creating Makefile
config.status:914: creating tools/Makefile
config.status:914: creating testsuite/Makefile
config.status:914: creating examples/Makefile
config.status:914: creating nettle.pc
config.status:914: creating hogweed.pc
config.status:914: creating config.h
config.status:1120: linking x86_64/aes-encrypt-internal.asm to aes-encrypt-internal.asm
config.status:1120: linking x86_64/aes-decrypt-internal.asm to aes-decrypt-internal.asm
config.status:1120: linking x86_64/arcfour-crypt.asm to arcfour-crypt.asm
config.status:1120: linking x86_64/camellia-crypt-internal.asm to camellia-crypt-internal.asm
config.status:1120: linking x86_64/memxor.asm to memxor.asm
config.status:1120: linking x86_64/serpent-encrypt.asm to serpent-encrypt.asm
config.status:1120: linking x86_64/serpent-decrypt.asm to serpent-decrypt.asm
config.status:1120: linking x86_64/sha1-compress.asm to sha1-compress.asm
config.status:1120: linking x86_64/machine.m4 to machine.m4
config.status:1139: executing dummy-dep-files commands
config.status:1139: executing nettle-stdint.h commands
config.status:1150: creating nettle-stdint.h : __NETTLE_STDINT_H
configure:8530: summary of build options:

  Version:           nettle 2.4
  Host type:         x86_64-apple-darwin11.2.0
  ABI:               64
  Assembly files:    x86_64
  Install prefix:    /usr/local
  Library directory: ${exec_prefix}/lib
  Compiler:          /usr/bin/gcc-4.2
  Shared libraries:  no
  Public key crypto: no


## ---------------- ##
## Cache variables. ##
## ---------------- ##

ac_cv_build=x86_64-apple-darwin11.2.0
ac_cv_c_bigendian=no
ac_cv_c_compiler_gnu=yes
ac_cv_c_const=yes
ac_cv_c_inline=inline
ac_cv_cxx_compiler_gnu=yes
ac_cv_env_CCC_set=
ac_cv_env_CCC_value=
ac_cv_env_CC_set=set
ac_cv_env_CC_value=/usr/bin/gcc-4.2
ac_cv_env_CFLAGS_set=
ac_cv_env_CFLAGS_value=
ac_cv_env_CPPFLAGS_set=
ac_cv_env_CPPFLAGS_value=
ac_cv_env_CPP_set=
ac_cv_env_CPP_value=
ac_cv_env_CXXFLAGS_set=
ac_cv_env_CXXFLAGS_value=
ac_cv_env_CXX_set=
ac_cv_env_CXX_value=
ac_cv_env_LDFLAGS_set=
ac_cv_env_LDFLAGS_value=
ac_cv_env_LIBS_set=
ac_cv_env_LIBS_value=
ac_cv_env_build_alias_set=
ac_cv_env_build_alias_value=
ac_cv_env_host_alias_set=
ac_cv_env_host_alias_value=
ac_cv_env_target_alias_set=
ac_cv_env_target_alias_value=
ac_cv_func___gmpz_powm_sec=no
ac_cv_func_alloca_works=yes
ac_cv_func_memxor=no
ac_cv_func_strerror=yes
ac_cv_header_inttypes_h=yes
ac_cv_header_malloc_h=no
ac_cv_header_memory_h=yes
ac_cv_header_openssl_aes_h=yes
ac_cv_header_openssl_blowfish_h=yes
ac_cv_header_openssl_cast_h=yes
ac_cv_header_openssl_des_h=yes
ac_cv_header_stdc=yes
ac_cv_header_stdint=stdint.h
ac_cv_header_stdint_h=yes
ac_cv_header_stdint_t=stdint.h
ac_cv_header_stdlib_h=yes
ac_cv_header_string_h=yes
ac_cv_header_strings_h=yes
ac_cv_header_sys_stat_h=yes
ac_cv_header_sys_types_h=yes
ac_cv_header_time=yes
ac_cv_header_unistd_h=yes
ac_cv_host=x86_64-apple-darwin11.2.0
ac_cv_lib_crypto_BF_ecb_encrypt=yes
ac_cv_lib_gmp___gmpz_getlimbn=no
ac_cv_objext=o
ac_cv_path_EGREP='/usr/bin/grep -E'
ac_cv_path_GREP=/usr/bin/grep
ac_cv_path_M4=/usr/bin/m4
ac_cv_path_install='/usr/local/bin/install -c'
ac_cv_path_mkdir=/usr/local/bin/mkdir
ac_cv_prog_CPP='/usr/bin/gcc-4.2 -E'
ac_cv_prog_ac_ct_CC=/usr/bin/gcc-4.2
ac_cv_prog_ac_ct_CXX=g++
ac_cv_prog_ac_ct_NM=nm
ac_cv_prog_ac_ct_RANLIB=ranlib
ac_cv_prog_cc_c89=
ac_cv_prog_cc_g=yes
ac_cv_prog_cxx_g=yes
ac_cv_prog_make_make_set=yes
ac_cv_search_clock_gettime=no
ac_cv_sizeof_long=8
ac_cv_stdint_message='using gnu compiler i686-apple-darwin11-gcc-4.2.1 (GCC) 4.2.1 (Apple Inc. build 5666) (dot 3)'
ac_cv_stdint_result='(assuming C99 compatible system)'
ac_cv_type_size_t=yes
ac_cv_type_uid_t=yes
ac_cv_working_alloca_h=yes
lsh_cv_c_attribute=yes
lsh_cv_sys_ccpic=-fPIC
nettle_cv_asm_align_log=yes
nettle_cv_asm_gnu_stack=no
nettle_cv_asm_type_hash_function=no
nettle_cv_asm_type_percent_function=no
nettle_cv_asm_underscore=yes
nettle_cv_fcntl_locking=yes

## ----------------- ##
## Output variables. ##
## ----------------- ##

ALLOCA=''
ASM_ALIGN_LOG='yes'
ASM_ELF_STYLE='no'
ASM_MARK_NOEXEC_STACK=''
ASM_SYMBOL_PREFIX='_'
ASM_TYPE_FUNCTION=''
BENCH_LIBS=''
CC='/usr/bin/gcc-4.2'
CCPIC='-fPIC'
CCPIC_MAYBE='-fPIC'
CFLAGS='-g -O2 -ggdb3 -Wno-pointer-sign -Wall -W   -Wmissing-prototypes -Wmissing-declarations -Wstrict-prototypes   -Wpointer-arith -Wbad-function-cast -Wnested-externs'
CPP='/usr/bin/gcc-4.2 -E'
CPPFLAGS=''
CXX='g++'
CXXFLAGS='-g -O2'
CXX_TESTS='cxx-test$(EXEEXT)'
DEFS='-DHAVE_CONFIG_H'
DEP_FLAGS='-MT $@ -MD -MP -MF $@.d'
DEP_INCLUDE='include '
DEP_PROCESS='true'
ECHO_C='\c'
ECHO_N=''
ECHO_T=''
EGREP='/usr/bin/grep -E'
EXEEXT=''
GREP='/usr/bin/grep'
IF_HOGWEED='#'
IF_SHARED='#'
INSTALL_DATA='${INSTALL} -m 644'
INSTALL_PROGRAM='${INSTALL}'
INSTALL_SCRIPT='${INSTALL}'
LDFLAGS=''
LIBHOGWEED_FILE='$(LIBHOGWEED_SONAME).$(LIBHOGWEED_MINOR)'
LIBHOGWEED_FORLINK='libhogweed.dylib'
LIBHOGWEED_LIBS=''
LIBHOGWEED_LINK='$(CC) -dynamiclib $(LDFLAGS)'
LIBHOGWEED_MAJOR='2'
LIBHOGWEED_MINOR='1'
LIBHOGWEED_SONAME='$(LIBHOGWEED_FORLINK).$(LIBHOGWEED_MAJOR)'
LIBNETTLE_FILE='$(LIBNETTLE_SONAME).$(LIBNETTLE_MINOR)'
LIBNETTLE_FORLINK='libnettle.dylib'
LIBNETTLE_LIBS=''
LIBNETTLE_LINK='$(CC) -dynamiclib $(LDFLAGS)'
LIBNETTLE_MAJOR='4'
LIBNETTLE_MINOR='3'
LIBNETTLE_SONAME='$(LIBNETTLE_FORLINK).$(LIBNETTLE_MAJOR)'
LIBOBJS=' ${LIBOBJDIR}memxor$U.o'
LIBS=''
LTLIBOBJS=' ${LIBOBJDIR}memxor$U.lo'
M4='/usr/bin/m4'
MKDIR_P='/usr/local/bin/mkdir -p'
NM='nm'
OBJDUMP='false'
OBJEXT='o'
OPENSSL_LIBFLAGS='-lcrypto'
PACKAGE_BUGREPORT='nettle-bugs@lists.lysator.liu.se'
PACKAGE_NAME='nettle'
PACKAGE_STRING='nettle 2.4'
PACKAGE_TARNAME='nettle'
PACKAGE_URL=''
PACKAGE_VERSION='2.4'
PATH_SEPARATOR=':'
RANLIB='ranlib'
SET_MAKE=''
SHELL='/bin/sh'
SHLIBCFLAGS='-fPIC'
ac_ct_CC='/usr/bin/gcc-4.2'
ac_ct_CXX='g++'
bindir='${exec_prefix}/bin'
build='x86_64-apple-darwin11.2.0'
build_alias=''
build_cpu='x86_64'
build_os='darwin11.2.0'
build_vendor='apple'
datadir='${datarootdir}'
datarootdir='${prefix}/share'
docdir='${datarootdir}/doc/${PACKAGE_TARNAME}'
dvidir='${docdir}'
exec_prefix='${prefix}'
host='x86_64-apple-darwin11.2.0'
host_alias=''
host_cpu='x86_64'
host_os='darwin11.2.0'
host_vendor='apple'
htmldir='${docdir}'
includedir='${prefix}/include'
infodir='${datarootdir}/info'
libdir='${exec_prefix}/lib'
libexecdir='${exec_prefix}/libexec'
localedir='${datarootdir}/locale'
localstatedir='${prefix}/var'
mandir='${datarootdir}/man'
oldincludedir='/usr/include'
pdfdir='${docdir}'
prefix='/usr/local'
program_transform_name='s,x,x,'
psdir='${docdir}'
sbindir='${exec_prefix}/sbin'
sharedstatedir='${prefix}/com'
sysconfdir='${prefix}/etc'
target_alias=''

## ----------- ##
## confdefs.h. ##
## ----------- ##

/* confdefs.h */
#define PACKAGE_NAME "nettle"
#define PACKAGE_TARNAME "nettle"
#define PACKAGE_VERSION "2.4"
#define PACKAGE_STRING "nettle 2.4"
#define PACKAGE_BUGREPORT "nettle-bugs@lists.lysator.liu.se"
#define PACKAGE_URL ""
#define STDC_HEADERS 1
#define HAVE_SYS_TYPES_H 1
#define HAVE_SYS_STAT_H 1
#define HAVE_STDLIB_H 1
#define HAVE_STRING_H 1
#define HAVE_MEMORY_H 1
#define HAVE_STRINGS_H 1
#define HAVE_INTTYPES_H 1
#define HAVE_STDINT_H 1
#define HAVE_UNISTD_H 1
#define TIME_WITH_SYS_TIME 1
#define SIZEOF_LONG 8
#define HAVE_OPENSSL_BLOWFISH_H 1
#define HAVE_OPENSSL_DES_H 1
#define HAVE_OPENSSL_CAST_H 1
#define HAVE_OPENSSL_AES_H 1
#define HAVE_ALLOCA_H 1
#define HAVE_ALLOCA 1
#define HAVE_STRERROR 1
#define HAVE_GCC_ATTRIBUTE 1
#define HAVE_FCNTL_LOCKING 1
#define WITH_OPENSSL 1

configure: exit 0

## ---------------------- ##
## Running config.status. ##
## ---------------------- ##

This file was extended by nettle config.status 2.4, which was
generated by GNU Autoconf 2.67.  Invocation command line was

  CONFIG_FILES    = 
  CONFIG_HEADERS  = 
  CONFIG_LINKS    = 
  CONFIG_COMMANDS = 
  $ ./config.status config.h

on nuno.intern.nullstars.com

config.status:914: creating config.h
config.status:1094: config.h is unchanged
